2026-01-03 19:24:50,139 - __main__ - INFO - Logging initialized: /home/shogun/Documents/PathLens/data/optimization/runs/logs/optimization_run_20260103_192450.log
2026-01-03 19:24:50,139 - __main__ - INFO - PathLens Optimization Workflow
2026-01-03 19:24:50,139 - __main__ - INFO - Project root: /home/shogun/Documents/PathLens
2026-01-03 19:24:50,142 - __main__ - INFO - Hybrid GA-MILP enabled in config.yaml
2026-01-03 19:24:50,142 - __main__ - INFO - ================================================================================
2026-01-03 19:24:50,142 - __main__ - INFO - > Extract high travel time nodes
2026-01-03 19:24:50,142 - __main__ - INFO - ================================================================================
2026-01-03 19:24:50,142 - __main__ - INFO - Command: /home/shogun/Documents/PathLens/venv/bin/python /home/shogun/Documents/PathLens/optimization-pipeline/list_optimizable_nodes.py --input /home/shogun/Documents/PathLens/data/analysis/nodes_with_scores.parquet --output /home/shogun/Documents/PathLens/data/optimization/runs/high_travel_time_nodes.csv
2026-01-03 19:24:50,900 - __main__ - INFO - Extract high travel time nodes completed successfully
2026-01-03 19:24:50,901 - __main__ - INFO - Auto-detected 12 worker threads (75% of 16 cores)
2026-01-03 19:24:50,901 - __main__ - INFO - ================================================================================
2026-01-03 19:24:50,901 - __main__ - INFO - > Run hybrid genetic algorithm with MILP refinement
2026-01-03 19:24:50,901 - __main__ - INFO - ================================================================================
2026-01-03 19:24:50,901 - __main__ - INFO - Command: /home/shogun/Documents/PathLens/venv/bin/python /home/shogun/Documents/PathLens/optimization-pipeline/hybrid_ga.py --nodes-scores /home/shogun/Documents/PathLens/data/analysis/nodes_with_scores.parquet --high-travel /home/shogun/Documents/PathLens/data/optimization/runs/high_travel_time_nodes.csv --analysis-dir /home/shogun/Documents/PathLens/data/optimization/runs --config /home/shogun/Documents/PathLens/config.yaml --generations 80 --workers 12
2026-01-03 20:33:20,811 - __main__ - INFO - Run hybrid genetic algorithm with MILP refinement completed successfully
2026-01-03 20:33:20,812 - __main__ - INFO - ================================================================================
2026-01-03 20:33:20,812 - __main__ - INFO - > Generate combined POI GeoJSON and map
2026-01-03 20:33:20,813 - __main__ - INFO - ================================================================================
2026-01-03 20:33:20,813 - __main__ - INFO - Command: /home/shogun/Documents/PathLens/venv/bin/python /home/shogun/Documents/PathLens/optimization-pipeline/generate_solution_map.py
2026-01-03 20:33:46,032 - __main__ - ERROR - Step failed (Generate combined POI GeoJSON and map) with exit code 1
