2026-01-02 17:41:44,212 - __main__ - INFO - Logging initialized: D:\ENGG\EL\5th sem\MAIN_EL\PathLens\data\optimization\runs\logs\optimization_run_20260102_174144.log
2026-01-02 17:41:44,212 - __main__ - INFO - PathLens Optimization Workflow
2026-01-02 17:41:44,212 - __main__ - INFO - Project root: D:\ENGG\EL\5th sem\MAIN_EL\PathLens
2026-01-02 17:41:44,219 - __main__ - INFO - Hybrid GA-MILP enabled in config.yaml
2026-01-02 17:41:44,219 - __main__ - INFO - ================================================================================
2026-01-02 17:41:44,219 - __main__ - INFO - > Extract high travel time nodes
2026-01-02 17:41:44,220 - __main__ - INFO - ================================================================================
2026-01-02 17:41:44,220 - __main__ - INFO - Command: D:\ENGG\EL\5th sem\MAIN_EL\PathLens\venv\Scripts\python.exe D:\ENGG\EL\5th sem\MAIN_EL\PathLens\optimization-pipeline\list_optimizable_nodes.py --input D:\ENGG\EL\5th sem\MAIN_EL\PathLens\data\analysis\nodes_with_scores.parquet --output D:\ENGG\EL\5th sem\MAIN_EL\PathLens\data\optimization\runs\high_travel_time_nodes.csv
2026-01-02 17:41:45,266 - __main__ - INFO - Extract high travel time nodes completed successfully
2026-01-02 17:41:45,266 - __main__ - INFO - Auto-detected 6 worker threads (75% of 8 cores)
2026-01-02 17:41:45,266 - __main__ - INFO - ================================================================================
2026-01-02 17:41:45,266 - __main__ - INFO - > Run hybrid genetic algorithm with MILP refinement
2026-01-02 17:41:45,267 - __main__ - INFO - ================================================================================
2026-01-02 17:41:45,267 - __main__ - INFO - Command: D:\ENGG\EL\5th sem\MAIN_EL\PathLens\venv\Scripts\python.exe D:\ENGG\EL\5th sem\MAIN_EL\PathLens\optimization-pipeline\hybrid_ga.py --nodes-scores D:\ENGG\EL\5th sem\MAIN_EL\PathLens\data\analysis\nodes_with_scores.parquet --high-travel D:\ENGG\EL\5th sem\MAIN_EL\PathLens\data\optimization\runs\high_travel_time_nodes.csv --analysis-dir D:\ENGG\EL\5th sem\MAIN_EL\PathLens\data\optimization\runs --config D:\ENGG\EL\5th sem\MAIN_EL\PathLens\config.yaml --workers 6
2026-01-02 20:57:21,417 - __main__ - INFO - Run hybrid genetic algorithm with MILP refinement completed successfully
2026-01-02 20:57:21,422 - __main__ - INFO - ================================================================================
2026-01-02 20:57:21,422 - __main__ - INFO - > Generate combined POI GeoJSON and map
2026-01-02 20:57:21,422 - __main__ - INFO - ================================================================================
2026-01-02 20:57:21,422 - __main__ - INFO - Command: D:\ENGG\EL\5th sem\MAIN_EL\PathLens\venv\Scripts\python.exe D:\ENGG\EL\5th sem\MAIN_EL\PathLens\optimization-pipeline\generate_solution_map.py
2026-01-02 20:58:22,037 - __main__ - INFO - Generate combined POI GeoJSON and map completed successfully
2026-01-02 20:58:22,039 - __main__ - INFO - ================================================================================
2026-01-02 20:58:22,039 - __main__ - INFO - > Run optimization pipeline orchestrator
2026-01-02 20:58:22,039 - __main__ - INFO - ================================================================================
2026-01-02 20:58:22,039 - __main__ - INFO - Command: D:\ENGG\EL\5th sem\MAIN_EL\PathLens\venv\Scripts\python.exe D:\ENGG\EL\5th sem\MAIN_EL\PathLens\optimization-pipeline\run_optimized_pipeline.py --baseline-prefix baseline --optimized-prefix optimized --skip-map
2026-01-02 21:20:51,594 - __main__ - INFO - Run optimization pipeline orchestrator completed successfully
2026-01-02 21:20:51,594 - __main__ - INFO - ================================================================================
2026-01-02 21:20:51,594 - __main__ - INFO - Optimization workflow complete
2026-01-02 21:20:51,595 - __main__ - INFO -   Results: D:\ENGG\EL\5th sem\MAIN_EL\PathLens\data\optimization\runs
2026-01-02 21:20:51,595 - __main__ - INFO -   Analysis: D:\ENGG\EL\5th sem\MAIN_EL\PathLens\data\analysis
2026-01-02 21:20:51,595 - __main__ - INFO -   Logs: D:\ENGG\EL\5th sem\MAIN_EL\PathLens\data\optimization\runs\logs
2026-01-02 21:20:51,596 - __main__ - INFO - ================================================================================
