2025-12-22 22:28:52,796 - __main__ - INFO - Logging initialized: /home/shogun/Documents/PathLens/optimization/runs/logs/optimization_run_20251222_222852.log
2025-12-22 22:28:52,796 - __main__ - INFO - PathLens Optimization Workflow
2025-12-22 22:28:52,796 - __main__ - INFO - Project root: /home/shogun/Documents/PathLens
2025-12-22 22:28:52,799 - __main__ - INFO - Hybrid GA-MILP enabled in config.yaml
2025-12-22 22:28:52,799 - __main__ - INFO - ================================================================================
2025-12-22 22:28:52,799 - __main__ - INFO - ▶ Extract high travel time nodes
2025-12-22 22:28:52,799 - __main__ - INFO - ================================================================================
2025-12-22 22:28:52,799 - __main__ - INFO - Command: /home/shogun/Documents/PathLens/venv/bin/python /home/shogun/Documents/PathLens/optimization/list_optimizable_nodes.py --input /home/shogun/Documents/PathLens/data/analysis/nodes_with_scores.parquet --output /home/shogun/Documents/PathLens/optimization/high_travel_time_nodes.csv
2025-12-22 22:28:53,316 - __main__ - INFO - ✔ Extract high travel time nodes completed
2025-12-22 22:28:53,316 - __main__ - INFO - Auto-detected 12 worker threads (75% of 16 cores)
2025-12-22 22:28:53,316 - __main__ - INFO - ================================================================================
2025-12-22 22:28:53,316 - __main__ - INFO - ▶ Run hybrid genetic algorithm with MILP refinement
2025-12-22 22:28:53,316 - __main__ - INFO - ================================================================================
2025-12-22 22:28:53,316 - __main__ - INFO - Command: /home/shogun/Documents/PathLens/venv/bin/python /home/shogun/Documents/PathLens/optimization/hybrid_ga.py --nodes-scores /home/shogun/Documents/PathLens/data/analysis/nodes_with_scores.parquet --high-travel /home/shogun/Documents/PathLens/optimization/high_travel_time_nodes.csv --analysis-dir /home/shogun/Documents/PathLens/optimization/runs --generations 50 --local-search-budget 0 --workers 12
2025-12-22 22:30:08,613 - __main__ - INFO - ✔ Run hybrid genetic algorithm with MILP refinement completed
2025-12-22 22:30:08,613 - __main__ - INFO - ================================================================================
2025-12-22 22:30:08,613 - __main__ - INFO - ▶ Generate combined POI GeoJSON and map
2025-12-22 22:30:08,613 - __main__ - INFO - ================================================================================
2025-12-22 22:30:08,613 - __main__ - INFO - Command: /home/shogun/Documents/PathLens/venv/bin/python /home/shogun/Documents/PathLens/optimization/generate_solution_map.py
2025-12-22 22:38:13,774 - __main__ - INFO - ✔ Generate combined POI GeoJSON and map completed
2025-12-22 22:38:13,775 - __main__ - INFO - Skipping prefixed pipeline rebuild (--skip-pipeline)
2025-12-22 22:38:13,775 - __main__ - INFO - ================================================================================
2025-12-22 22:38:13,775 - __main__ - INFO - ✓ Optimization workflow complete
2025-12-22 22:38:13,775 - __main__ - INFO -   Results: /home/shogun/Documents/PathLens/optimization/runs
2025-12-22 22:38:13,775 - __main__ - INFO -   Analysis: /home/shogun/Documents/PathLens/data/analysis
2025-12-22 22:38:13,775 - __main__ - INFO -   Logs: /home/shogun/Documents/PathLens/optimization/runs/logs
2025-12-22 22:38:13,775 - __main__ - INFO - ================================================================================
