2026-01-04 16:55:53,246 - __main__ - INFO - Logging initialized: /home/shogun/Documents/PathLens/data/optimization/runs/logs/optimization_run_20260104_165553.log
2026-01-04 16:55:53,246 - __main__ - INFO - PathLens Optimization Workflow
2026-01-04 16:55:53,246 - __main__ - INFO - Project root: /home/shogun/Documents/PathLens
2026-01-04 16:55:53,251 - __main__ - INFO - Hybrid GA-MILP enabled in config.yaml
2026-01-04 16:55:53,251 - __main__ - INFO - Skipping candidate extraction (--skip-candidates)
2026-01-04 16:55:53,251 - __main__ - INFO - Skipping hybrid GA (--skip-ga)
2026-01-04 16:55:53,251 - __main__ - INFO - ================================================================================
2026-01-04 16:55:53,251 - __main__ - INFO - > Generate combined POI GeoJSON and map
2026-01-04 16:55:53,251 - __main__ - INFO - ================================================================================
2026-01-04 16:55:53,251 - __main__ - INFO - Command: /home/shogun/Documents/PathLens/venv/bin/python /home/shogun/Documents/PathLens/optimization-pipeline/generate_solution_map.py
2026-01-04 16:57:13,451 - __main__ - INFO - Generate combined POI GeoJSON and map completed successfully
2026-01-04 16:57:13,452 - __main__ - INFO - ================================================================================
2026-01-04 16:57:13,452 - __main__ - INFO - > Run optimization pipeline orchestrator
2026-01-04 16:57:13,452 - __main__ - INFO - ================================================================================
2026-01-04 16:57:13,452 - __main__ - INFO - Command: /home/shogun/Documents/PathLens/venv/bin/python /home/shogun/Documents/PathLens/optimization-pipeline/run_optimized_pipeline.py --baseline-prefix baseline --optimized-prefix optimized --skip-map
2026-01-04 16:59:40,438 - __main__ - INFO - Run optimization pipeline orchestrator completed successfully
2026-01-04 16:59:40,438 - __main__ - INFO - ================================================================================
2026-01-04 16:59:40,438 - __main__ - INFO - Optimization workflow complete
2026-01-04 16:59:40,438 - __main__ - INFO -   Results: /home/shogun/Documents/PathLens/data/optimization/runs
2026-01-04 16:59:40,438 - __main__ - INFO -   Analysis: /home/shogun/Documents/PathLens/data/analysis
2026-01-04 16:59:40,438 - __main__ - INFO -   Logs: /home/shogun/Documents/PathLens/data/optimization/runs/logs
2026-01-04 16:59:40,438 - __main__ - INFO - ================================================================================
