2026-01-02 00:47:53,426 - __main__ - INFO - Logging initialized: D:\ENGG\EL\5th sem\MAIN_EL\PathLens\data\optimization\runs\logs\optimization_run_20260102_004753.log
2026-01-02 00:47:53,426 - __main__ - INFO - PathLens Optimization Workflow
2026-01-02 00:47:53,426 - __main__ - INFO - Project root: D:\ENGG\EL\5th sem\MAIN_EL\PathLens
2026-01-02 00:47:53,434 - __main__ - INFO - Hybrid GA-MILP enabled in config.yaml
2026-01-02 00:47:53,434 - __main__ - INFO - ================================================================================
2026-01-02 00:47:53,435 - __main__ - INFO - > Extract high travel time nodes
2026-01-02 00:47:53,435 - __main__ - INFO - ================================================================================
2026-01-02 00:47:53,435 - __main__ - INFO - Command: D:\ENGG\EL\5th sem\MAIN_EL\PathLens\venv\Scripts\python.exe D:\ENGG\EL\5th sem\MAIN_EL\PathLens\optimization-pipeline\list_optimizable_nodes.py --input D:\ENGG\EL\5th sem\MAIN_EL\PathLens\data\analysis\nodes_with_scores.parquet --output D:\ENGG\EL\5th sem\MAIN_EL\PathLens\data\optimization\runs\high_travel_time_nodes.csv
2026-01-02 00:47:54,584 - __main__ - INFO - Extract high travel time nodes completed successfully
2026-01-02 00:47:54,584 - __main__ - INFO - Auto-detected 6 worker threads (75% of 8 cores)
2026-01-02 00:47:54,584 - __main__ - INFO - ================================================================================
2026-01-02 00:47:54,584 - __main__ - INFO - > Run hybrid genetic algorithm with MILP refinement
2026-01-02 00:47:54,585 - __main__ - INFO - ================================================================================
2026-01-02 00:47:54,585 - __main__ - INFO - Command: D:\ENGG\EL\5th sem\MAIN_EL\PathLens\venv\Scripts\python.exe D:\ENGG\EL\5th sem\MAIN_EL\PathLens\optimization-pipeline\hybrid_ga.py --nodes-scores D:\ENGG\EL\5th sem\MAIN_EL\PathLens\data\analysis\nodes_with_scores.parquet --high-travel D:\ENGG\EL\5th sem\MAIN_EL\PathLens\data\optimization\runs\high_travel_time_nodes.csv --analysis-dir D:\ENGG\EL\5th sem\MAIN_EL\PathLens\data\optimization\runs --config D:\ENGG\EL\5th sem\MAIN_EL\PathLens\config.yaml --workers 6
2026-01-02 03:01:48,400 - __main__ - INFO - Run hybrid genetic algorithm with MILP refinement completed successfully
2026-01-02 03:01:48,401 - __main__ - INFO - ================================================================================
2026-01-02 03:01:48,401 - __main__ - INFO - > Generate combined POI GeoJSON and map
2026-01-02 03:01:48,401 - __main__ - INFO - ================================================================================
2026-01-02 03:01:48,401 - __main__ - INFO - Command: D:\ENGG\EL\5th sem\MAIN_EL\PathLens\venv\Scripts\python.exe D:\ENGG\EL\5th sem\MAIN_EL\PathLens\optimization-pipeline\generate_solution_map.py
2026-01-02 03:02:29,805 - __main__ - INFO - Generate combined POI GeoJSON and map completed successfully
2026-01-02 03:02:29,805 - __main__ - INFO - ================================================================================
2026-01-02 03:02:29,805 - __main__ - INFO - > Run optimization pipeline orchestrator
2026-01-02 03:02:29,805 - __main__ - INFO - ================================================================================
2026-01-02 03:02:29,805 - __main__ - INFO - Command: D:\ENGG\EL\5th sem\MAIN_EL\PathLens\venv\Scripts\python.exe D:\ENGG\EL\5th sem\MAIN_EL\PathLens\optimization-pipeline\run_optimized_pipeline.py --baseline-prefix baseline --optimized-prefix optimized --skip-map
2026-01-02 03:21:05,216 - __main__ - INFO - Run optimization pipeline orchestrator completed successfully
2026-01-02 03:21:05,217 - __main__ - INFO - ================================================================================
2026-01-02 03:21:05,223 - __main__ - INFO - Optimization workflow complete
2026-01-02 03:21:05,223 - __main__ - INFO -   Results: D:\ENGG\EL\5th sem\MAIN_EL\PathLens\data\optimization\runs
2026-01-02 03:21:05,223 - __main__ - INFO -   Analysis: D:\ENGG\EL\5th sem\MAIN_EL\PathLens\data\analysis
2026-01-02 03:21:05,224 - __main__ - INFO -   Logs: D:\ENGG\EL\5th sem\MAIN_EL\PathLens\data\optimization\runs\logs
2026-01-02 03:21:05,224 - __main__ - INFO - ================================================================================
