2026-01-16 22:37:28,728 - PathLensMaster - INFO - Logging initialized: /home/shogun/Documents/PathLens/data/logs/pathlens_master_20260116_223728.log
2026-01-16 22:37:28,729 - PathLensMaster - INFO - PathLens Master Orchestrator Starting
2026-01-16 22:37:28,729 - PathLensMaster - INFO - Project root: /home/shogun/Documents/PathLens
2026-01-16 22:37:28,729 - PathLensMaster - INFO - Config: /home/shogun/Documents/PathLens/config.yaml
2026-01-16 22:37:28,729 - PathLensMaster - INFO - ================================================================================
2026-01-16 22:37:28,729 - PathLensMaster - INFO - PIPELINE: DATA-COLLECTION
2026-01-16 22:37:28,730 - PathLensMaster - INFO - ================================================================================
2026-01-16 22:37:28,730 - PathLensMaster - INFO - Command: /home/shogun/Documents/PathLens/venv/bin/python -u /home/shogun/Documents/PathLens/data-pipeline/run_pipeline.py --place Bangalore, India
2026-01-16 22:37:28,766 - PathLensMaster - INFO - [data-collection] [OK] POIs already converted: /home/shogun/Documents/PathLens/data/raw/osm/pois.parquet
2026-01-16 22:37:28,766 - PathLensMaster - INFO - [data-collection]   (Use --force to re-convert)
2026-01-16 22:37:28,766 - PathLensMaster - INFO - [data-collection] [OK] Using cached street network data from /home/shogun/Documents/PathLens/data/raw/osm/graph.graphml
2026-01-16 22:37:28,766 - PathLensMaster - INFO - [data-collection] [OK] Using cached processed graph: /home/shogun/Documents/PathLens/data/processed/graph.graphml
2026-01-16 22:37:28,766 - PathLensMaster - INFO - [data-collection] [OK] Using cached POI mapping: /home/shogun/Documents/PathLens/data/processed/poi_node_mapping.parquet
2026-01-16 22:37:28,766 - PathLensMaster - INFO - [data-collection]   (Use --force to re-process)
2026-01-16 22:37:28,766 - PathLensMaster - INFO - [data-collection] [OK] Using cached walkability scores: /home/shogun/Documents/PathLens/data/analysis/nodes_with_scores.parquet
2026-01-16 22:37:28,766 - PathLensMaster - INFO - [data-collection] [OK] Using cached H3 aggregates: /home/shogun/Documents/PathLens/data/analysis/h3_agg.parquet
2026-01-16 22:37:28,766 - PathLensMaster - INFO - [data-collection]   (Use --force to re-compute)
2026-01-16 22:37:28,767 - PathLensMaster - INFO - [data-collection] ============================================================
2026-01-16 22:37:28,767 - PathLensMaster - INFO - [data-collection] [COMPLETE] PathLens pipeline completed successfully!
2026-01-16 22:37:28,767 - PathLensMaster - INFO - [data-collection] ============================================================
2026-01-16 22:37:28,767 - PathLensMaster - INFO - [data-collection] [RESULTS]
2026-01-16 22:37:28,767 - PathLensMaster - INFO - [data-collection]   - Processed graph: /home/shogun/Documents/PathLens/data/processed/graph.graphml
2026-01-16 22:37:28,767 - PathLensMaster - INFO - [data-collection]   - Node scores: /home/shogun/Documents/PathLens/data/analysis/nodes_with_scores.csv
2026-01-16 22:37:28,767 - PathLensMaster - INFO - [data-collection]   - H3 aggregates: /home/shogun/Documents/PathLens/data/analysis/h3_agg.csv
2026-01-16 22:37:28,767 - PathLensMaster - INFO - [data-collection]   - Metrics summary: /home/shogun/Documents/PathLens/data/analysis/metrics_summary.json
2026-01-16 22:37:28,775 - PathLensMaster - INFO - data-collection completed successfully
2026-01-16 22:37:28,776 - PathLensMaster - INFO - ================================================================================
2026-01-16 22:37:28,776 - PathLensMaster - INFO - PIPELINE: OPTIMIZATION
2026-01-16 22:37:28,776 - PathLensMaster - INFO - ================================================================================
2026-01-16 22:37:28,776 - PathLensMaster - INFO - Command: /home/shogun/Documents/PathLens/venv/bin/python -u /home/shogun/Documents/PathLens/optimization-pipeline/run_optimization.py --ga-config /home/shogun/Documents/PathLens/config.yaml
2026-01-16 22:37:28,840 - PathLensMaster - INFO - [optimization] 2026-01-16 22:37:28,840 - __main__ - INFO - Logging initialized: /home/shogun/Documents/PathLens/data/optimization/runs/logs/optimization_run_20260116_223728.log
2026-01-16 22:37:28,840 - PathLensMaster - INFO - [optimization] 2026-01-16 22:37:28,840 - __main__ - INFO - PathLens Optimization Workflow
2026-01-16 22:37:28,841 - PathLensMaster - INFO - [optimization] 2026-01-16 22:37:28,840 - __main__ - INFO - Project root: /home/shogun/Documents/PathLens
2026-01-16 22:37:28,846 - PathLensMaster - INFO - [optimization] 2026-01-16 22:37:28,846 - __main__ - INFO - Hybrid GA-MILP enabled in config.yaml
2026-01-16 22:37:28,850 - PathLensMaster - INFO - [optimization] 2026-01-16 22:37:28,850 - __main__ - INFO - PNMLR enabled - using personalized utility evaluation
2026-01-16 22:37:28,850 - PathLensMaster - INFO - [optimization] 2026-01-16 22:37:28,850 - __main__ - INFO - ================================================================================
2026-01-16 22:37:28,850 - PathLensMaster - INFO - [optimization] 2026-01-16 22:37:28,850 - __main__ - INFO - > Extract high travel time nodes
2026-01-16 22:37:28,850 - PathLensMaster - INFO - [optimization] 2026-01-16 22:37:28,850 - __main__ - INFO - ================================================================================
2026-01-16 22:37:28,850 - PathLensMaster - INFO - [optimization] 2026-01-16 22:37:28,850 - __main__ - INFO - Command: /home/shogun/Documents/PathLens/venv/bin/python /home/shogun/Documents/PathLens/optimization-pipeline/list_optimizable_nodes.py --input /home/shogun/Documents/PathLens/data/analysis/nodes_with_scores.parquet --output /home/shogun/Documents/PathLens/data/optimization/runs/high_travel_time_nodes.csv
2026-01-16 22:37:29,884 - PathLensMaster - INFO - [optimization] Filtered 58943 nodes above 15.00 minutes; wrote 58943 rows to /home/shogun/Documents/PathLens/data/optimization/runs/high_travel_time_nodes.csv
2026-01-16 22:37:29,982 - PathLensMaster - INFO - [optimization] 2026-01-16 22:37:29,982 - __main__ - INFO - Extract high travel time nodes completed successfully
2026-01-16 22:37:29,982 - PathLensMaster - INFO - [optimization] 2026-01-16 22:37:29,982 - __main__ - INFO - Auto-detected 12 worker threads (75% of 16 cores)
2026-01-16 22:37:29,982 - PathLensMaster - INFO - [optimization] 2026-01-16 22:37:29,982 - __main__ - INFO - ================================================================================
2026-01-16 22:37:29,982 - PathLensMaster - INFO - [optimization] 2026-01-16 22:37:29,982 - __main__ - INFO - > Run hybrid genetic algorithm with MILP refinement
2026-01-16 22:37:29,982 - PathLensMaster - INFO - [optimization] 2026-01-16 22:37:29,982 - __main__ - INFO - ================================================================================
2026-01-16 22:37:29,982 - PathLensMaster - INFO - [optimization] 2026-01-16 22:37:29,982 - __main__ - INFO - Command: /home/shogun/Documents/PathLens/venv/bin/python /home/shogun/Documents/PathLens/optimization-pipeline/hybrid_ga.py --nodes-scores /home/shogun/Documents/PathLens/data/analysis/nodes_with_scores.parquet --high-travel /home/shogun/Documents/PathLens/data/optimization/runs/high_travel_time_nodes.csv --analysis-dir /home/shogun/Documents/PathLens/data/optimization/runs --config /home/shogun/Documents/PathLens/config.yaml --workers 12
2026-01-16 22:37:30,617 - PathLensMaster - INFO - [optimization] 2026-01-16 22:37:30,617 [INFO] Loaded configuration from /home/shogun/Documents/PathLens/config.yaml
2026-01-16 22:37:30,667 - PathLensMaster - INFO - [optimization] 2026-01-16 22:37:30,667 [INFO] Filtered 49251 nodes for school (too close to existing, < 1200m)
2026-01-16 22:37:30,723 - PathLensMaster - INFO - [optimization] 2026-01-16 22:37:30,723 [INFO] Amenity school pool prepared with 500 candidates (filtered for min 1200m from existing).
2026-01-16 22:37:30,753 - PathLensMaster - INFO - [optimization] 2026-01-16 22:37:30,753 [INFO] Filtered 45911 nodes for hospital (too close to existing, < 1200m)
2026-01-16 22:37:30,823 - PathLensMaster - INFO - [optimization] 2026-01-16 22:37:30,823 [INFO] Amenity hospital pool prepared with 500 candidates (filtered for min 1200m from existing).
2026-01-16 22:37:30,860 - PathLensMaster - INFO - [optimization] 2026-01-16 22:37:30,860 [INFO] Filtered 33465 nodes for pharmacy (too close to existing, < 1200m)
2026-01-16 22:37:30,995 - PathLensMaster - INFO - [optimization] 2026-01-16 22:37:30,995 [INFO] Amenity pharmacy pool prepared with 500 candidates (filtered for min 1200m from existing).
2026-01-16 22:37:31,027 - PathLensMaster - INFO - [optimization] 2026-01-16 22:37:31,027 [INFO] Filtered 39615 nodes for supermarket (too close to existing, < 1200m)
2026-01-16 22:37:31,128 - PathLensMaster - INFO - [optimization] 2026-01-16 22:37:31,128 [INFO] Amenity supermarket pool prepared with 500 candidates (filtered for min 1200m from existing).
2026-01-16 22:37:31,164 - PathLensMaster - INFO - [optimization] 2026-01-16 22:37:31,163 [INFO] Filtered 8669 nodes for bus_station (too close to existing, < 1200m)
2026-01-16 22:37:31,440 - PathLensMaster - INFO - [optimization] 2026-01-16 22:37:31,440 [INFO] Amenity bus_station pool prepared with 500 candidates (filtered for min 1200m from existing).
2026-01-16 22:37:31,467 - PathLensMaster - INFO - [optimization] 2026-01-16 22:37:31,467 [INFO] Filtered 50234 nodes for park (too close to existing, < 1200m)
2026-01-16 22:37:31,517 - PathLensMaster - INFO - [optimization] 2026-01-16 22:37:31,517 [INFO] Amenity park pool prepared with 500 candidates (filtered for min 1200m from existing).
2026-01-16 22:37:31,549 - PathLensMaster - INFO - [optimization] 2026-01-16 22:37:31,549 [INFO] Filtered 43176 nodes for bank (too close to existing, < 1200m)
2026-01-16 22:37:31,633 - PathLensMaster - INFO - [optimization] 2026-01-16 22:37:31,632 [INFO] Amenity bank pool prepared with 500 candidates (filtered for min 1200m from existing).
2026-01-16 22:37:31,637 - PathLensMaster - INFO - [optimization] 2026-01-16 22:37:31,637 [INFO] Loading graph for diversity penalty computation...
2026-01-16 22:37:31,637 - PathLensMaster - INFO - [optimization] 2026-01-16 22:37:31,637 [WARNING] Failed to load graph: syntax error: line 1, column 0 (diversity penalty disabled)
2026-01-16 22:37:31,637 - PathLensMaster - INFO - [optimization] 2026-01-16 22:37:31,637 [INFO] Analysing amenity distances for 58943 high-travel nodes.
2026-01-16 22:37:31,678 - PathLensMaster - INFO - [optimization] 2026-01-16 22:37:31,677 [INFO] Amenity school               | mean distance 751.15 m | available 58943
2026-01-16 22:37:31,679 - PathLensMaster - INFO - [optimization] 2026-01-16 22:37:31,679 [INFO] Amenity hospital             | mean distance 853.22 m | available 58943
2026-01-16 22:37:31,680 - PathLensMaster - INFO - [optimization] 2026-01-16 22:37:31,680 [INFO] Amenity pharmacy             | mean distance 1291.82 m | available 58943
2026-01-16 22:37:31,681 - PathLensMaster - INFO - [optimization] 2026-01-16 22:37:31,681 [INFO] Amenity supermarket          | mean distance 1089.76 m | available 58943
2026-01-16 22:37:31,682 - PathLensMaster - INFO - [optimization] 2026-01-16 22:37:31,682 [INFO] Amenity bus_station          | mean distance 2729.36 m | available 58943
2026-01-16 22:37:31,684 - PathLensMaster - INFO - [optimization] 2026-01-16 22:37:31,684 [INFO] Amenity park                 | mean distance 726.30 m | available 58943
2026-01-16 22:37:31,686 - PathLensMaster - INFO - [optimization] 2026-01-16 22:37:31,686 [INFO] Amenity bank                 | mean distance 957.46 m | available 58943
2026-01-16 22:37:31,687 - PathLensMaster - INFO - [optimization] 2026-01-16 22:37:31,687 [INFO] PNMLR hooks enabled from config
2026-01-16 22:37:31,697 - PathLensMaster - INFO - [optimization] 2026-01-16 22:37:31,697 [INFO] PNMLR hooks loaded successfully
2026-01-16 22:37:31,697 - PathLensMaster - INFO - [optimization] 2026-01-16 22:37:31,697 [WARNING] Landuse filtering requested but LanduseFeasibilityIntegration not available.
2026-01-16 22:37:31,697 - PathLensMaster - INFO - [optimization] 2026-01-16 22:37:31,697 [INFO] Starting hybrid GA: population=50, generations=25
2026-01-16 22:37:31,699 - PathLensMaster - INFO - [optimization] 2026-01-16 22:37:31,699 [INFO] Loaded PNMLR model from /home/shogun/Documents/PathLens/models/pnmlr_model.pkl
2026-01-16 22:37:31,700 - PathLensMaster - INFO - [optimization] 2026-01-16 22:37:31,700 [INFO] Loaded PNMLR model from /home/shogun/Documents/PathLens/models
2026-01-16 22:37:31,700 - PathLensMaster - INFO - [optimization] 2026-01-16 22:37:31,700 [INFO]   - 20 user profiles
2026-01-16 22:37:31,700 - PathLensMaster - INFO - [optimization] 2026-01-16 22:37:31,700 [INFO]   - 7 amenity types
2026-01-16 22:37:31,700 - PathLensMaster - INFO - [optimization] 2026-01-16 22:37:31,700 [INFO] Running PNMLR precompute for 77018 nodes.
2026-01-16 22:37:31,712 - PathLensMaster - INFO - [optimization] 2026-01-16 22:37:31,712 [INFO] Extracted 12 features for 77018 nodes
2026-01-16 22:37:33,554 - PathLensMaster - INFO - [optimization] 2026-01-16 22:37:33,553 [INFO] PNMLR utilities computed: range=[0.5816, 0.7199], mean=0.6556
2026-01-16 22:37:33,573 - PathLensMaster - INFO - [optimization] 2026-01-16 22:37:33,573 [INFO] Using 12 worker threads for candidate evaluation.
2026-01-16 22:37:33,574 - PathLensMaster - INFO - [optimization] 2026-01-16 22:37:33,574 [INFO] Seeded population with 5 greedy templates.
2026-01-16 22:37:33,597 - PathLensMaster - INFO - [optimization] Generations:   0%|          | 0/25 [00:00<?, ?gen/s]2026-01-16 22:37:33,597 [INFO] Evaluating generation 1/25
2026-01-16 22:37:33,954 - PathLensMaster - INFO - [optimization] Gen 1 eval:   0%|          | 0/50 [00:00<?, ?it/s][A
2026-01-16 22:37:34,085 - PathLensMaster - INFO - [optimization] Gen 1 eval:   2%|â–         | 1/50 [00:00<00:17,  2.81it/s][A
2026-01-16 22:37:34,243 - PathLensMaster - INFO - [optimization] Gen 1 eval:  24%|â–ˆâ–ˆâ–       | 12/50 [00:00<00:01, 30.74it/s][A
2026-01-16 22:37:34,415 - PathLensMaster - INFO - [optimization] Gen 1 eval:  36%|â–ˆâ–ˆâ–ˆâ–Œ      | 18/50 [00:00<00:00, 33.48it/s][A
2026-01-16 22:37:34,579 - PathLensMaster - INFO - [optimization] Gen 1 eval:  46%|â–ˆâ–ˆâ–ˆâ–ˆâ–Œ     | 23/50 [00:00<00:00, 31.87it/s][A
2026-01-16 22:37:34,754 - PathLensMaster - INFO - [optimization] Gen 1 eval:  62%|â–ˆâ–ˆâ–ˆâ–ˆâ–ˆâ–ˆâ–   | 31/50 [00:00<00:00, 37.52it/s][A
2026-01-16 22:37:34,872 - PathLensMaster - INFO - [optimization] Gen 1 eval:  72%|â–ˆâ–ˆâ–ˆâ–ˆâ–ˆâ–ˆâ–ˆâ–  | 36/50 [00:01<00:00, 34.48it/s][A
2026-01-16 22:37:34,902 - PathLensMaster - INFO - [optimization] Gen 1 eval:  86%|â–ˆâ–ˆâ–ˆâ–ˆâ–ˆâ–ˆâ–ˆâ–ˆâ–Œ | 43/50 [00:01<00:00, 40.56it/s][A
2026-01-16 22:37:34,902 - PathLensMaster - INFO - [optimization]                                                            [A
2026-01-16 22:38:54,586 - PathLensMaster - INFO - [optimization] Gen 1 local_search:   0%|          | 0/5 [00:00<?, ?it/s][A
2026-01-16 22:40:24,201 - PathLensMaster - INFO - [optimization] Gen 1 local_search:  20%|â–ˆâ–ˆ        | 1/5 [01:19<05:18, 79.68s/it][A
2026-01-16 22:41:52,935 - PathLensMaster - INFO - [optimization] Gen 1 local_search:  40%|â–ˆâ–ˆâ–ˆâ–ˆ      | 2/5 [02:49<04:16, 85.53s/it][A
2026-01-16 22:42:52,845 - PathLensMaster - INFO - [optimization] Gen 1 local_search:  60%|â–ˆâ–ˆâ–ˆâ–ˆâ–ˆâ–ˆ    | 3/5 [04:18<02:53, 86.99s/it][A
2026-01-16 22:43:59,241 - PathLensMaster - INFO - [optimization] Gen 1 local_search:  80%|â–ˆâ–ˆâ–ˆâ–ˆâ–ˆâ–ˆâ–ˆâ–ˆ  | 4/5 [05:17<01:16, 76.30s/it][A
2026-01-16 22:43:59,241 - PathLensMaster - INFO - [optimization] Gen 1 local_search: 100%|â–ˆâ–ˆâ–ˆâ–ˆâ–ˆâ–ˆâ–ˆâ–ˆâ–ˆâ–ˆ| 5/5 [06:24<00:00, 72.73s/it][A
2026-01-16 22:43:59,241 - PathLensMaster - INFO - [optimization]                                                                  [A2026-01-16 22:43:59,241 [INFO] Generation 1 best fitness 55.8964 | template=None | placements={'school': 31, 'hospital': 30, 'pharmacy': 32, 'supermarket': 33, 'bus_station': 41, 'park': 27, 'bank': 22} | elapsed=385.64s
2026-01-16 22:43:59,252 - PathLensMaster - INFO - [optimization] Generations:   4%|â–         | 1/25 [06:25<2:34:15, 385.66s/gen]2026-01-16 22:43:59,252 [INFO] Evaluating generation 2/25
2026-01-16 22:43:59,731 - PathLensMaster - INFO - [optimization] Gen 2 eval:   0%|          | 0/50 [00:00<?, ?it/s][A
2026-01-16 22:43:59,859 - PathLensMaster - INFO - [optimization] Gen 2 eval:   2%|â–         | 1/50 [00:00<00:23,  2.09it/s][A
2026-01-16 22:44:00,022 - PathLensMaster - INFO - [optimization] Gen 2 eval:  26%|â–ˆâ–ˆâ–Œ       | 13/50 [00:00<00:01, 27.39it/s][A
2026-01-16 22:44:00,345 - PathLensMaster - INFO - [optimization] Gen 2 eval:  38%|â–ˆâ–ˆâ–ˆâ–Š      | 19/50 [00:00<00:01, 30.57it/s][A
2026-01-16 22:44:00,487 - PathLensMaster - INFO - [optimization] Gen 2 eval:  48%|â–ˆâ–ˆâ–ˆâ–ˆâ–Š     | 24/50 [00:01<00:01, 23.23it/s][A
2026-01-16 22:44:00,596 - PathLensMaster - INFO - [optimization] Gen 2 eval:  70%|â–ˆâ–ˆâ–ˆâ–ˆâ–ˆâ–ˆâ–ˆ   | 35/50 [00:01<00:00, 35.92it/s][A
2026-01-16 22:44:00,622 - PathLensMaster - INFO - [optimization] Gen 2 eval:  86%|â–ˆâ–ˆâ–ˆâ–ˆâ–ˆâ–ˆâ–ˆâ–ˆâ–Œ | 43/50 [00:01<00:00, 43.53it/s][A
2026-01-16 22:44:00,622 - PathLensMaster - INFO - [optimization]                                                            [A
2026-01-16 22:45:42,014 - PathLensMaster - INFO - [optimization] Gen 2 local_search:   0%|          | 0/5 [00:00<?, ?it/s][A
2026-01-16 22:45:48,335 - PathLensMaster - INFO - [optimization] Gen 2 local_search:  20%|â–ˆâ–ˆ        | 1/5 [01:41<06:45, 101.39s/it][A
2026-01-16 22:47:13,960 - PathLensMaster - INFO - [optimization] Gen 2 local_search:  40%|â–ˆâ–ˆâ–ˆâ–ˆ      | 2/5 [01:47<02:16, 45.47s/it] [A
2026-01-16 22:49:03,517 - PathLensMaster - INFO - [optimization] Gen 2 local_search:  60%|â–ˆâ–ˆâ–ˆâ–ˆâ–ˆâ–ˆ    | 3/5 [03:13<02:07, 63.80s/it][A
2026-01-16 22:49:10,097 - PathLensMaster - INFO - [optimization] Gen 2 local_search:  80%|â–ˆâ–ˆâ–ˆâ–ˆâ–ˆâ–ˆâ–ˆâ–ˆ  | 4/5 [05:02<01:21, 81.87s/it][A
2026-01-16 22:49:10,097 - PathLensMaster - INFO - [optimization] Gen 2 local_search: 100%|â–ˆâ–ˆâ–ˆâ–ˆâ–ˆâ–ˆâ–ˆâ–ˆâ–ˆâ–ˆ| 5/5 [05:09<00:00, 54.72s/it][A
2026-01-16 22:49:10,097 - PathLensMaster - INFO - [optimization]                                                                  [A2026-01-16 22:49:10,097 [INFO] Generation 2 best fitness 85.6577 | template=None | placements={'supermarket': 17, 'bus_station': 37, 'pharmacy': 19, 'bank': 9, 'park': 19, 'hospital': 21, 'school': 18} | elapsed=310.85s
2026-01-16 22:49:10,106 - PathLensMaster - INFO - [optimization] Generations:   8%|â–Š         | 2/25 [11:36<2:10:58, 341.66s/gen]2026-01-16 22:49:10,105 [INFO] Evaluating generation 3/25
2026-01-16 22:49:10,428 - PathLensMaster - INFO - [optimization] Gen 3 eval:   0%|          | 0/50 [00:00<?, ?it/s][A
2026-01-16 22:49:10,541 - PathLensMaster - INFO - [optimization] Gen 3 eval:   2%|â–         | 1/50 [00:00<00:15,  3.10it/s][A
2026-01-16 22:49:10,687 - PathLensMaster - INFO - [optimization] Gen 3 eval:  26%|â–ˆâ–ˆâ–Œ       | 13/50 [00:00<00:00, 37.50it/s][A
2026-01-16 22:49:10,836 - PathLensMaster - INFO - [optimization] Gen 3 eval:  40%|â–ˆâ–ˆâ–ˆâ–ˆ      | 20/50 [00:00<00:00, 41.47it/s][A
2026-01-16 22:49:10,998 - PathLensMaster - INFO - [optimization] Gen 3 eval:  52%|â–ˆâ–ˆâ–ˆâ–ˆâ–ˆâ–    | 26/50 [00:00<00:00, 41.05it/s][A
2026-01-16 22:49:11,142 - PathLensMaster - INFO - [optimization] Gen 3 eval:  64%|â–ˆâ–ˆâ–ˆâ–ˆâ–ˆâ–ˆâ–   | 32/50 [00:00<00:00, 39.67it/s][A
2026-01-16 22:49:11,188 - PathLensMaster - INFO - [optimization] Gen 3 eval:  74%|â–ˆâ–ˆâ–ˆâ–ˆâ–ˆâ–ˆâ–ˆâ–  | 37/50 [00:01<00:00, 38.08it/s][A
2026-01-16 22:49:11,189 - PathLensMaster - INFO - [optimization]                                                            [A
2026-01-16 22:49:42,798 - PathLensMaster - INFO - [optimization] Gen 3 local_search:   0%|          | 0/5 [00:00<?, ?it/s][A
2026-01-16 22:50:14,432 - PathLensMaster - INFO - [optimization] Gen 3 local_search:  20%|â–ˆâ–ˆ        | 1/5 [00:31<02:06, 31.61s/it][A
2026-01-16 22:50:20,684 - PathLensMaster - INFO - [optimization] Gen 3 local_search:  40%|â–ˆâ–ˆâ–ˆâ–ˆ      | 2/5 [01:03<01:34, 31.62s/it][A
2026-01-16 22:51:23,344 - PathLensMaster - INFO - [optimization] Gen 3 local_search:  60%|â–ˆâ–ˆâ–ˆâ–ˆâ–ˆâ–ˆ    | 3/5 [01:09<00:40, 20.04s/it][A
2026-01-16 22:51:29,755 - PathLensMaster - INFO - [optimization] Gen 3 local_search:  80%|â–ˆâ–ˆâ–ˆâ–ˆâ–ˆâ–ˆâ–ˆâ–ˆ  | 4/5 [02:12<00:36, 36.87s/it][A
2026-01-16 22:51:29,755 - PathLensMaster - INFO - [optimization] Gen 3 local_search: 100%|â–ˆâ–ˆâ–ˆâ–ˆâ–ˆâ–ˆâ–ˆâ–ˆâ–ˆâ–ˆ| 5/5 [02:18<00:00, 25.88s/it][A
2026-01-16 22:51:29,755 - PathLensMaster - INFO - [optimization]                                                                  [A2026-01-16 22:51:29,755 [INFO] Generation 3 best fitness 88.7101 | template=None | placements={'supermarket': 17, 'bus_station': 37, 'pharmacy': 19, 'bank': 13, 'park': 19, 'hospital': 21, 'school': 18} | elapsed=139.65s
2026-01-16 22:51:29,762 - PathLensMaster - INFO - [optimization] Generations:  12%|â–ˆâ–        | 3/25 [13:56<1:31:27, 249.42s/gen]2026-01-16 22:51:29,762 [INFO] Evaluating generation 4/25
2026-01-16 22:51:30,053 - PathLensMaster - INFO - [optimization] Gen 4 eval:   0%|          | 0/50 [00:00<?, ?it/s][A
2026-01-16 22:51:30,208 - PathLensMaster - INFO - [optimization] Gen 4 eval:   2%|â–         | 1/50 [00:00<00:14,  3.44it/s][A
2026-01-16 22:51:30,362 - PathLensMaster - INFO - [optimization] Gen 4 eval:  26%|â–ˆâ–ˆâ–Œ       | 13/50 [00:00<00:01, 35.42it/s][A
2026-01-16 22:51:30,507 - PathLensMaster - INFO - [optimization] Gen 4 eval:  38%|â–ˆâ–ˆâ–ˆâ–Š      | 19/50 [00:00<00:00, 36.80it/s][A
2026-01-16 22:51:30,626 - PathLensMaster - INFO - [optimization] Gen 4 eval:  54%|â–ˆâ–ˆâ–ˆâ–ˆâ–ˆâ–    | 27/50 [00:00<00:00, 43.02it/s][A
2026-01-16 22:51:30,727 - PathLensMaster - INFO - [optimization] Gen 4 eval:  68%|â–ˆâ–ˆâ–ˆâ–ˆâ–ˆâ–ˆâ–Š   | 34/50 [00:00<00:00, 47.54it/s][A
2026-01-16 22:51:30,788 - PathLensMaster - INFO - [optimization] Gen 4 eval:  84%|â–ˆâ–ˆâ–ˆâ–ˆâ–ˆâ–ˆâ–ˆâ–ˆâ– | 42/50 [00:00<00:00, 55.57it/s][A
2026-01-16 22:51:30,789 - PathLensMaster - INFO - [optimization]                                                            [A
2026-01-16 22:51:36,782 - PathLensMaster - INFO - [optimization] Gen 4 local_search:   0%|          | 0/5 [00:00<?, ?it/s][A
2026-01-16 22:51:42,058 - PathLensMaster - INFO - [optimization] Gen 4 local_search:  20%|â–ˆâ–ˆ        | 1/5 [00:05<00:23,  5.99s/it][A
2026-01-16 22:51:48,125 - PathLensMaster - INFO - [optimization] Gen 4 local_search:  40%|â–ˆâ–ˆâ–ˆâ–ˆ      | 2/5 [00:11<00:16,  5.57s/it][A
2026-01-16 22:52:38,975 - PathLensMaster - INFO - [optimization] Gen 4 local_search:  60%|â–ˆâ–ˆâ–ˆâ–ˆâ–ˆâ–ˆ    | 3/5 [00:17<00:11,  5.80s/it][A
2026-01-16 22:52:44,958 - PathLensMaster - INFO - [optimization] Gen 4 local_search:  80%|â–ˆâ–ˆâ–ˆâ–ˆâ–ˆâ–ˆâ–ˆâ–ˆ  | 4/5 [01:08<00:23, 23.58s/it][A
2026-01-16 22:52:44,958 - PathLensMaster - INFO - [optimization] Gen 4 local_search: 100%|â–ˆâ–ˆâ–ˆâ–ˆâ–ˆâ–ˆâ–ˆâ–ˆâ–ˆâ–ˆ| 5/5 [01:14<00:00, 17.24s/it][A
2026-01-16 22:52:44,958 - PathLensMaster - INFO - [optimization]                                                                  [A2026-01-16 22:52:44,958 [INFO] Generation 4 best fitness 88.7101 | template=None | placements={'supermarket': 17, 'bus_station': 37, 'pharmacy': 19, 'bank': 13, 'park': 19, 'hospital': 21, 'school': 18} | elapsed=75.20s
2026-01-16 22:52:44,967 - PathLensMaster - INFO - [optimization] Generations:  16%|â–ˆâ–Œ        | 4/25 [15:11<1:03:13, 180.64s/gen]2026-01-16 22:52:44,967 [INFO] Evaluating generation 5/25
2026-01-16 22:52:45,399 - PathLensMaster - INFO - [optimization] Gen 5 eval:   0%|          | 0/50 [00:00<?, ?it/s][A
2026-01-16 22:52:45,500 - PathLensMaster - INFO - [optimization] Gen 5 eval:   2%|â–         | 1/50 [00:00<00:21,  2.31it/s][A
2026-01-16 22:52:45,768 - PathLensMaster - INFO - [optimization] Gen 5 eval:  48%|â–ˆâ–ˆâ–ˆâ–ˆâ–Š     | 24/50 [00:00<00:00, 58.79it/s][A
2026-01-16 22:52:45,878 - PathLensMaster - INFO - [optimization] Gen 5 eval:  76%|â–ˆâ–ˆâ–ˆâ–ˆâ–ˆâ–ˆâ–ˆâ–Œ  | 38/50 [00:00<00:00, 55.59it/s][A
2026-01-16 22:52:45,888 - PathLensMaster - INFO - [optimization] Gen 5 eval:  96%|â–ˆâ–ˆâ–ˆâ–ˆâ–ˆâ–ˆâ–ˆâ–ˆâ–ˆâ–Œ| 48/50 [00:00<00:00, 63.48it/s][A
2026-01-16 22:52:45,889 - PathLensMaster - INFO - [optimization]                                                            [A
2026-01-16 22:52:51,661 - PathLensMaster - INFO - [optimization] Gen 5 local_search:   0%|          | 0/5 [00:00<?, ?it/s][A
2026-01-16 22:52:57,715 - PathLensMaster - INFO - [optimization] Gen 5 local_search:  20%|â–ˆâ–ˆ        | 1/5 [00:05<00:23,  5.77s/it][A
2026-01-16 22:53:07,219 - PathLensMaster - INFO - [optimization] Gen 5 local_search:  40%|â–ˆâ–ˆâ–ˆâ–ˆ      | 2/5 [00:11<00:17,  5.94s/it][A
2026-01-16 22:53:12,320 - PathLensMaster - INFO - [optimization] Gen 5 local_search:  60%|â–ˆâ–ˆâ–ˆâ–ˆâ–ˆâ–ˆ    | 3/5 [00:21<00:15,  7.57s/it][A
2026-01-16 22:53:18,250 - PathLensMaster - INFO - [optimization] Gen 5 local_search:  80%|â–ˆâ–ˆâ–ˆâ–ˆâ–ˆâ–ˆâ–ˆâ–ˆ  | 4/5 [00:26<00:06,  6.59s/it][A
2026-01-16 22:53:18,250 - PathLensMaster - INFO - [optimization] Gen 5 local_search: 100%|â–ˆâ–ˆâ–ˆâ–ˆâ–ˆâ–ˆâ–ˆâ–ˆâ–ˆâ–ˆ| 5/5 [00:32<00:00,  6.35s/it][A
2026-01-16 22:53:18,250 - PathLensMaster - INFO - [optimization]                                                                  [A2026-01-16 22:53:18,250 [INFO] Generation 5 best fitness 88.7101 | template=None | placements={'supermarket': 17, 'bus_station': 37, 'pharmacy': 19, 'bank': 13, 'park': 19, 'hospital': 21, 'school': 18} | elapsed=33.28s
2026-01-16 22:53:18,255 - PathLensMaster - INFO - [optimization] Generations:  20%|â–ˆâ–ˆ        | 5/25 [15:44<42:30, 127.50s/gen]  2026-01-16 22:53:18,255 [INFO] Evaluating generation 6/25
2026-01-16 22:53:18,571 - PathLensMaster - INFO - [optimization] Gen 6 eval:   0%|          | 0/50 [00:00<?, ?it/s][A
2026-01-16 22:53:18,713 - PathLensMaster - INFO - [optimization] Gen 6 eval:   2%|â–         | 1/50 [00:00<00:15,  3.16it/s][A
2026-01-16 22:53:18,880 - PathLensMaster - INFO - [optimization] Gen 6 eval:  34%|â–ˆâ–ˆâ–ˆâ–      | 17/50 [00:00<00:00, 46.00it/s][A
2026-01-16 22:53:18,984 - PathLensMaster - INFO - [optimization] Gen 6 eval:  48%|â–ˆâ–ˆâ–ˆâ–ˆâ–Š     | 24/50 [00:00<00:00, 44.33it/s][A
2026-01-16 22:53:19,092 - PathLensMaster - INFO - [optimization] Gen 6 eval:  66%|â–ˆâ–ˆâ–ˆâ–ˆâ–ˆâ–ˆâ–Œ   | 33/50 [00:00<00:00, 55.34it/s][A
2026-01-16 22:53:19,150 - PathLensMaster - INFO - [optimization] Gen 6 eval:  80%|â–ˆâ–ˆâ–ˆâ–ˆâ–ˆâ–ˆâ–ˆâ–ˆ  | 40/50 [00:00<00:00, 58.06it/s][A
2026-01-16 22:53:19,150 - PathLensMaster - INFO - [optimization]                                                            [A
2026-01-16 22:53:25,406 - PathLensMaster - INFO - [optimization] Gen 6 local_search:   0%|          | 0/5 [00:00<?, ?it/s][A
2026-01-16 22:53:34,015 - PathLensMaster - INFO - [optimization] Gen 6 local_search:  20%|â–ˆâ–ˆ        | 1/5 [00:06<00:25,  6.26s/it][A
2026-01-16 22:53:39,981 - PathLensMaster - INFO - [optimization] Gen 6 local_search:  40%|â–ˆâ–ˆâ–ˆâ–ˆ      | 2/5 [00:14<00:22,  7.64s/it][A
2026-01-16 22:53:45,939 - PathLensMaster - INFO - [optimization] Gen 6 local_search:  60%|â–ˆâ–ˆâ–ˆâ–ˆâ–ˆâ–ˆ    | 3/5 [00:20<00:13,  6.88s/it][A
2026-01-16 22:53:52,194 - PathLensMaster - INFO - [optimization] Gen 6 local_search:  80%|â–ˆâ–ˆâ–ˆâ–ˆâ–ˆâ–ˆâ–ˆâ–ˆ  | 4/5 [00:26<00:06,  6.51s/it][A
2026-01-16 22:53:52,194 - PathLensMaster - INFO - [optimization] Gen 6 local_search: 100%|â–ˆâ–ˆâ–ˆâ–ˆâ–ˆâ–ˆâ–ˆâ–ˆâ–ˆâ–ˆ| 5/5 [00:33<00:00,  6.42s/it][A
2026-01-16 22:53:52,194 - PathLensMaster - INFO - [optimization]                                                                  [A2026-01-16 22:53:52,194 [INFO] Generation 6 best fitness 89.9403 | template=None | placements={'supermarket': 17, 'bus_station': 37, 'pharmacy': 19, 'bank': 14, 'park': 19, 'hospital': 21, 'school': 18} | elapsed=33.94s
2026-01-16 22:53:52,201 - PathLensMaster - INFO - [optimization] Generations:  24%|â–ˆâ–ˆâ–       | 6/25 [16:18<30:18, 95.69s/gen] 2026-01-16 22:53:52,201 [INFO] Evaluating generation 7/25
2026-01-16 22:53:52,539 - PathLensMaster - INFO - [optimization] Gen 7 eval:   0%|          | 0/50 [00:00<?, ?it/s][A
2026-01-16 22:53:52,654 - PathLensMaster - INFO - [optimization] Gen 7 eval:   2%|â–         | 1/50 [00:00<00:16,  2.96it/s][A
2026-01-16 22:53:52,888 - PathLensMaster - INFO - [optimization] Gen 7 eval:  36%|â–ˆâ–ˆâ–ˆâ–Œ      | 18/50 [00:00<00:00, 50.36it/s][A
2026-01-16 22:53:53,038 - PathLensMaster - INFO - [optimization] Gen 7 eval:  54%|â–ˆâ–ˆâ–ˆâ–ˆâ–ˆâ–    | 27/50 [00:00<00:00, 44.53it/s][A
2026-01-16 22:53:53,129 - PathLensMaster - INFO - [optimization] Gen 7 eval:  72%|â–ˆâ–ˆâ–ˆâ–ˆâ–ˆâ–ˆâ–ˆâ–  | 36/50 [00:00<00:00, 49.33it/s][A
2026-01-16 22:53:53,129 - PathLensMaster - INFO - [optimization]                                                            [A
2026-01-16 22:53:59,025 - PathLensMaster - INFO - [optimization] Gen 7 local_search:   0%|          | 0/5 [00:00<?, ?it/s][A
2026-01-16 22:54:04,945 - PathLensMaster - INFO - [optimization] Gen 7 local_search:  20%|â–ˆâ–ˆ        | 1/5 [00:05<00:23,  5.90s/it][A
2026-01-16 22:54:11,016 - PathLensMaster - INFO - [optimization] Gen 7 local_search:  40%|â–ˆâ–ˆâ–ˆâ–ˆ      | 2/5 [00:11<00:17,  5.91s/it][A
2026-01-16 22:54:17,042 - PathLensMaster - INFO - [optimization] Gen 7 local_search:  60%|â–ˆâ–ˆâ–ˆâ–ˆâ–ˆâ–ˆ    | 3/5 [00:17<00:11,  5.98s/it][A
2026-01-16 22:54:22,944 - PathLensMaster - INFO - [optimization] Gen 7 local_search:  80%|â–ˆâ–ˆâ–ˆâ–ˆâ–ˆâ–ˆâ–ˆâ–ˆ  | 4/5 [00:23<00:06,  6.00s/it][A
2026-01-16 22:54:22,944 - PathLensMaster - INFO - [optimization] Gen 7 local_search: 100%|â–ˆâ–ˆâ–ˆâ–ˆâ–ˆâ–ˆâ–ˆâ–ˆâ–ˆâ–ˆ| 5/5 [00:29<00:00,  5.96s/it][A
2026-01-16 22:54:22,944 - PathLensMaster - INFO - [optimization]                                                                  [A2026-01-16 22:54:22,944 [INFO] Generation 7 best fitness 89.9403 | template=None | placements={'supermarket': 17, 'bus_station': 37, 'pharmacy': 19, 'bank': 14, 'park': 19, 'hospital': 21, 'school': 18} | elapsed=30.74s
2026-01-16 22:54:22,949 - PathLensMaster - INFO - [optimization] Generations:  28%|â–ˆâ–ˆâ–Š       | 7/25 [16:49<22:20, 74.46s/gen]2026-01-16 22:54:22,949 [INFO] Evaluating generation 8/25
2026-01-16 22:54:23,313 - PathLensMaster - INFO - [optimization] Gen 8 eval:   0%|          | 0/50 [00:00<?, ?it/s][A
2026-01-16 22:54:23,454 - PathLensMaster - INFO - [optimization] Gen 8 eval:   2%|â–         | 1/50 [00:00<00:17,  2.75it/s][A
2026-01-16 22:54:23,564 - PathLensMaster - INFO - [optimization] Gen 8 eval:  38%|â–ˆâ–ˆâ–ˆâ–Š      | 19/50 [00:00<00:00, 47.25it/s][A
2026-01-16 22:54:23,732 - PathLensMaster - INFO - [optimization] Gen 8 eval:  54%|â–ˆâ–ˆâ–ˆâ–ˆâ–ˆâ–    | 27/50 [00:00<00:00, 54.43it/s][A
2026-01-16 22:54:23,832 - PathLensMaster - INFO - [optimization] Gen 8 eval:  70%|â–ˆâ–ˆâ–ˆâ–ˆâ–ˆâ–ˆâ–ˆ   | 35/50 [00:00<00:00, 51.93it/s][A
2026-01-16 22:54:23,875 - PathLensMaster - INFO - [optimization] Gen 8 eval:  84%|â–ˆâ–ˆâ–ˆâ–ˆâ–ˆâ–ˆâ–ˆâ–ˆâ– | 42/50 [00:00<00:00, 56.33it/s][A
2026-01-16 22:54:23,876 - PathLensMaster - INFO - [optimization]                                                            [A
2026-01-16 22:54:29,791 - PathLensMaster - INFO - [optimization] Gen 8 local_search:   0%|          | 0/5 [00:00<?, ?it/s][A
2026-01-16 22:54:35,827 - PathLensMaster - INFO - [optimization] Gen 8 local_search:  20%|â–ˆâ–ˆ        | 1/5 [00:05<00:23,  5.92s/it][A
2026-01-16 22:54:41,739 - PathLensMaster - INFO - [optimization] Gen 8 local_search:  40%|â–ˆâ–ˆâ–ˆâ–ˆ      | 2/5 [00:11<00:17,  5.99s/it][A
2026-01-16 22:54:47,645 - PathLensMaster - INFO - [optimization] Gen 8 local_search:  60%|â–ˆâ–ˆâ–ˆâ–ˆâ–ˆâ–ˆ    | 3/5 [00:17<00:11,  5.95s/it][A
2026-01-16 22:54:53,727 - PathLensMaster - INFO - [optimization] Gen 8 local_search:  80%|â–ˆâ–ˆâ–ˆâ–ˆâ–ˆâ–ˆâ–ˆâ–ˆ  | 4/5 [00:23<00:05,  5.93s/it][A
2026-01-16 22:54:53,728 - PathLensMaster - INFO - [optimization] Gen 8 local_search: 100%|â–ˆâ–ˆâ–ˆâ–ˆâ–ˆâ–ˆâ–ˆâ–ˆâ–ˆâ–ˆ| 5/5 [00:29<00:00,  5.99s/it][A
2026-01-16 22:54:53,728 - PathLensMaster - INFO - [optimization]                                                                  [A2026-01-16 22:54:53,728 [INFO] Generation 8 best fitness 91.6240 | template=None | placements={'supermarket': 17, 'bus_station': 37, 'pharmacy': 19, 'bank': 14, 'park': 19, 'hospital': 22, 'school': 18} | elapsed=30.78s
2026-01-16 22:54:53,735 - PathLensMaster - INFO - [optimization] Generations:  32%|â–ˆâ–ˆâ–ˆâ–      | 8/25 [17:20<17:09, 60.56s/gen]2026-01-16 22:54:53,735 [INFO] Evaluating generation 9/25
2026-01-16 22:54:54,083 - PathLensMaster - INFO - [optimization] Gen 9 eval:   0%|          | 0/50 [00:00<?, ?it/s][A
2026-01-16 22:54:54,212 - PathLensMaster - INFO - [optimization] Gen 9 eval:   2%|â–         | 1/50 [00:00<00:17,  2.87it/s][A
2026-01-16 22:54:54,321 - PathLensMaster - INFO - [optimization] Gen 9 eval:  30%|â–ˆâ–ˆâ–ˆ       | 15/50 [00:00<00:00, 39.50it/s][A
2026-01-16 22:54:54,484 - PathLensMaster - INFO - [optimization] Gen 9 eval:  52%|â–ˆâ–ˆâ–ˆâ–ˆâ–ˆâ–    | 26/50 [00:00<00:00, 57.62it/s][A
2026-01-16 22:54:54,621 - PathLensMaster - INFO - [optimization] Gen 9 eval:  70%|â–ˆâ–ˆâ–ˆâ–ˆâ–ˆâ–ˆâ–ˆ   | 35/50 [00:00<00:00, 56.63it/s][A
2026-01-16 22:54:54,639 - PathLensMaster - INFO - [optimization] Gen 9 eval:  86%|â–ˆâ–ˆâ–ˆâ–ˆâ–ˆâ–ˆâ–ˆâ–ˆâ–Œ | 43/50 [00:00<00:00, 57.23it/s][A
2026-01-16 22:54:54,640 - PathLensMaster - INFO - [optimization]                                                            [A
2026-01-16 22:55:00,598 - PathLensMaster - INFO - [optimization] Gen 9 local_search:   0%|          | 0/5 [00:00<?, ?it/s][A
2026-01-16 22:55:06,632 - PathLensMaster - INFO - [optimization] Gen 9 local_search:  20%|â–ˆâ–ˆ        | 1/5 [00:05<00:23,  5.96s/it][A
2026-01-16 22:55:13,215 - PathLensMaster - INFO - [optimization] Gen 9 local_search:  40%|â–ˆâ–ˆâ–ˆâ–ˆ      | 2/5 [00:11<00:18,  6.00s/it][A
2026-01-16 22:55:19,774 - PathLensMaster - INFO - [optimization] Gen 9 local_search:  60%|â–ˆâ–ˆâ–ˆâ–ˆâ–ˆâ–ˆ    | 3/5 [00:18<00:12,  6.27s/it][A
2026-01-16 22:55:25,657 - PathLensMaster - INFO - [optimization] Gen 9 local_search:  80%|â–ˆâ–ˆâ–ˆâ–ˆâ–ˆâ–ˆâ–ˆâ–ˆ  | 4/5 [00:25<00:06,  6.38s/it][A
2026-01-16 22:55:25,657 - PathLensMaster - INFO - [optimization] Gen 9 local_search: 100%|â–ˆâ–ˆâ–ˆâ–ˆâ–ˆâ–ˆâ–ˆâ–ˆâ–ˆâ–ˆ| 5/5 [00:31<00:00,  6.20s/it][A
2026-01-16 22:55:25,657 - PathLensMaster - INFO - [optimization]                                                                  [A2026-01-16 22:55:25,657 [INFO] Generation 9 best fitness 91.6240 | template=None | placements={'supermarket': 17, 'bus_station': 37, 'pharmacy': 19, 'bank': 14, 'park': 19, 'hospital': 22, 'school': 18} | elapsed=31.92s
2026-01-16 22:55:25,663 - PathLensMaster - INFO - [optimization] Generations:  36%|â–ˆâ–ˆâ–ˆâ–Œ      | 9/25 [17:52<13:45, 51.61s/gen]2026-01-16 22:55:25,663 [INFO] Evaluating generation 10/25
2026-01-16 22:55:26,098 - PathLensMaster - INFO - [optimization] Gen 10 eval:   0%|          | 0/50 [00:00<?, ?it/s][A
2026-01-16 22:55:26,398 - PathLensMaster - INFO - [optimization] Gen 10 eval:   2%|â–         | 1/50 [00:00<00:21,  2.30it/s][A
2026-01-16 22:55:26,531 - PathLensMaster - INFO - [optimization] Gen 10 eval:  40%|â–ˆâ–ˆâ–ˆâ–ˆ      | 20/50 [00:00<00:00, 32.60it/s][A
2026-01-16 22:55:26,549 - PathLensMaster - INFO - [optimization] Gen 10 eval:  72%|â–ˆâ–ˆâ–ˆâ–ˆâ–ˆâ–ˆâ–ˆâ–  | 36/50 [00:00<00:00, 53.60it/s][A
2026-01-16 22:55:26,549 - PathLensMaster - INFO - [optimization]                                                             [A
2026-01-16 22:55:32,533 - PathLensMaster - INFO - [optimization] Gen 10 local_search:   0%|          | 0/5 [00:00<?, ?it/s][A
2026-01-16 22:55:38,420 - PathLensMaster - INFO - [optimization] Gen 10 local_search:  20%|â–ˆâ–ˆ        | 1/5 [00:05<00:23,  5.98s/it][A
2026-01-16 22:55:44,344 - PathLensMaster - INFO - [optimization] Gen 10 local_search:  40%|â–ˆâ–ˆâ–ˆâ–ˆ      | 2/5 [00:11<00:17,  5.93s/it][A
2026-01-16 22:55:50,309 - PathLensMaster - INFO - [optimization] Gen 10 local_search:  60%|â–ˆâ–ˆâ–ˆâ–ˆâ–ˆâ–ˆ    | 3/5 [00:17<00:11,  5.93s/it][A
2026-01-16 22:55:56,515 - PathLensMaster - INFO - [optimization] Gen 10 local_search:  80%|â–ˆâ–ˆâ–ˆâ–ˆâ–ˆâ–ˆâ–ˆâ–ˆ  | 4/5 [00:23<00:05,  5.94s/it][A
2026-01-16 22:55:56,515 - PathLensMaster - INFO - [optimization] Gen 10 local_search: 100%|â–ˆâ–ˆâ–ˆâ–ˆâ–ˆâ–ˆâ–ˆâ–ˆâ–ˆâ–ˆ| 5/5 [00:29<00:00,  6.04s/it][A
2026-01-16 22:55:56,515 - PathLensMaster - INFO - [optimization]                                                                   [A2026-01-16 22:55:56,515 [INFO] Generation 10 best fitness 91.6240 | template=None | placements={'supermarket': 17, 'bus_station': 37, 'pharmacy': 19, 'bank': 14, 'park': 19, 'hospital': 22, 'school': 18} | elapsed=30.85s
2026-01-16 22:55:56,519 - PathLensMaster - INFO - [optimization] Generations:  40%|â–ˆâ–ˆâ–ˆâ–ˆ      | 10/25 [18:22<11:18, 45.20s/gen]2026-01-16 22:55:56,519 [INFO] Evaluating generation 11/25
2026-01-16 22:55:56,929 - PathLensMaster - INFO - [optimization] Gen 11 eval:   0%|          | 0/50 [00:00<?, ?it/s][A
2026-01-16 22:55:57,040 - PathLensMaster - INFO - [optimization] Gen 11 eval:   2%|â–         | 1/50 [00:00<00:20,  2.45it/s][A
2026-01-16 22:55:57,264 - PathLensMaster - INFO - [optimization] Gen 11 eval:  46%|â–ˆâ–ˆâ–ˆâ–ˆâ–Œ     | 23/50 [00:00<00:00, 57.03it/s][A
2026-01-16 22:55:57,381 - PathLensMaster - INFO - [optimization] Gen 11 eval:  70%|â–ˆâ–ˆâ–ˆâ–ˆâ–ˆâ–ˆâ–ˆ   | 35/50 [00:00<00:00, 55.57it/s][A
2026-01-16 22:55:57,395 - PathLensMaster - INFO - [optimization] Gen 11 eval:  88%|â–ˆâ–ˆâ–ˆâ–ˆâ–ˆâ–ˆâ–ˆâ–ˆâ–Š | 44/50 [00:00<00:00, 60.91it/s][A
2026-01-16 22:55:57,396 - PathLensMaster - INFO - [optimization]                                                             [A
2026-01-16 22:56:03,396 - PathLensMaster - INFO - [optimization] Gen 11 local_search:   0%|          | 0/5 [00:00<?, ?it/s][A
2026-01-16 22:56:10,775 - PathLensMaster - INFO - [optimization] Gen 11 local_search:  20%|â–ˆâ–ˆ        | 1/5 [00:05<00:23,  6.00s/it][A
2026-01-16 22:56:17,580 - PathLensMaster - INFO - [optimization] Gen 11 local_search:  40%|â–ˆâ–ˆâ–ˆâ–ˆ      | 2/5 [00:13<00:20,  6.81s/it][A
2026-01-16 22:56:23,623 - PathLensMaster - INFO - [optimization] Gen 11 local_search:  60%|â–ˆâ–ˆâ–ˆâ–ˆâ–ˆâ–ˆ    | 3/5 [00:20<00:13,  6.81s/it][A
2026-01-16 22:56:29,532 - PathLensMaster - INFO - [optimization] Gen 11 local_search:  80%|â–ˆâ–ˆâ–ˆâ–ˆâ–ˆâ–ˆâ–ˆâ–ˆ  | 4/5 [00:26<00:06,  6.51s/it][A
2026-01-16 22:56:29,532 - PathLensMaster - INFO - [optimization] Gen 11 local_search: 100%|â–ˆâ–ˆâ–ˆâ–ˆâ–ˆâ–ˆâ–ˆâ–ˆâ–ˆâ–ˆ| 5/5 [00:32<00:00,  6.29s/it][A
2026-01-16 22:56:29,533 - PathLensMaster - INFO - [optimization]                                                                   [A2026-01-16 22:56:29,532 [INFO] Generation 11 best fitness 91.6240 | template=None | placements={'supermarket': 17, 'bus_station': 37, 'pharmacy': 19, 'bank': 14, 'park': 19, 'hospital': 22, 'school': 18} | elapsed=33.01s
2026-01-16 22:56:29,537 - PathLensMaster - INFO - [optimization] Generations:  44%|â–ˆâ–ˆâ–ˆâ–ˆâ–     | 11/25 [18:55<09:40, 41.47s/gen]2026-01-16 22:56:29,537 [INFO] Evaluating generation 12/25
2026-01-16 22:56:29,800 - PathLensMaster - INFO - [optimization] Gen 12 eval:   0%|          | 0/50 [00:00<?, ?it/s][A
2026-01-16 22:56:29,970 - PathLensMaster - INFO - [optimization] Gen 12 eval:   2%|â–         | 1/50 [00:00<00:12,  3.81it/s][A
2026-01-16 22:56:30,112 - PathLensMaster - INFO - [optimization] Gen 12 eval:  26%|â–ˆâ–ˆâ–Œ       | 13/50 [00:00<00:01, 35.90it/s][A
2026-01-16 22:56:30,237 - PathLensMaster - INFO - [optimization] Gen 12 eval:  48%|â–ˆâ–ˆâ–ˆâ–ˆâ–Š     | 24/50 [00:00<00:00, 50.99it/s][A
2026-01-16 22:56:30,344 - PathLensMaster - INFO - [optimization] Gen 12 eval:  60%|â–ˆâ–ˆâ–ˆâ–ˆâ–ˆâ–ˆ    | 30/50 [00:00<00:00, 50.08it/s][A
2026-01-16 22:56:30,420 - PathLensMaster - INFO - [optimization] Gen 12 eval:  76%|â–ˆâ–ˆâ–ˆâ–ˆâ–ˆâ–ˆâ–ˆâ–Œ  | 38/50 [00:00<00:00, 56.99it/s][A
2026-01-16 22:56:30,421 - PathLensMaster - INFO - [optimization]                                                             [A
2026-01-16 22:56:36,578 - PathLensMaster - INFO - [optimization] Gen 12 local_search:   0%|          | 0/5 [00:00<?, ?it/s][A
2026-01-16 22:56:42,505 - PathLensMaster - INFO - [optimization] Gen 12 local_search:  20%|â–ˆâ–ˆ        | 1/5 [00:06<00:24,  6.16s/it][A
2026-01-16 22:56:48,543 - PathLensMaster - INFO - [optimization] Gen 12 local_search:  40%|â–ˆâ–ˆâ–ˆâ–ˆ      | 2/5 [00:12<00:18,  6.02s/it][A
2026-01-16 22:56:54,352 - PathLensMaster - INFO - [optimization] Gen 12 local_search:  60%|â–ˆâ–ˆâ–ˆâ–ˆâ–ˆâ–ˆ    | 3/5 [00:18<00:12,  6.03s/it][A
2026-01-16 22:57:02,345 - PathLensMaster - INFO - [optimization] Gen 12 local_search:  80%|â–ˆâ–ˆâ–ˆâ–ˆâ–ˆâ–ˆâ–ˆâ–ˆ  | 4/5 [00:23<00:05,  5.94s/it][A
2026-01-16 22:57:02,345 - PathLensMaster - INFO - [optimization] Gen 12 local_search: 100%|â–ˆâ–ˆâ–ˆâ–ˆâ–ˆâ–ˆâ–ˆâ–ˆâ–ˆâ–ˆ| 5/5 [00:31<00:00,  6.68s/it][A
2026-01-16 22:57:02,346 - PathLensMaster - INFO - [optimization]                                                                   [A2026-01-16 22:57:02,345 [INFO] Generation 12 best fitness 92.9494 | template=None | placements={'supermarket': 17, 'bus_station': 36, 'pharmacy': 20, 'bank': 12, 'park': 19, 'hospital': 21, 'school': 18} | elapsed=32.81s
2026-01-16 22:57:02,354 - PathLensMaster - INFO - [optimization] Generations:  48%|â–ˆâ–ˆâ–ˆâ–ˆâ–Š     | 12/25 [19:28<08:24, 38.84s/gen]2026-01-16 22:57:02,354 [INFO] Evaluating generation 13/25
2026-01-16 22:57:02,633 - PathLensMaster - INFO - [optimization] Gen 13 eval:   0%|          | 0/50 [00:00<?, ?it/s][A
2026-01-16 22:57:02,760 - PathLensMaster - INFO - [optimization] Gen 13 eval:   2%|â–         | 1/50 [00:00<00:13,  3.59it/s][A
2026-01-16 22:57:02,873 - PathLensMaster - INFO - [optimization] Gen 13 eval:  20%|â–ˆâ–ˆ        | 10/50 [00:00<00:01, 30.09it/s][A
2026-01-16 22:57:02,978 - PathLensMaster - INFO - [optimization] Gen 13 eval:  38%|â–ˆâ–ˆâ–ˆâ–Š      | 19/50 [00:00<00:00, 46.78it/s][A
2026-01-16 22:57:03,137 - PathLensMaster - INFO - [optimization] Gen 13 eval:  52%|â–ˆâ–ˆâ–ˆâ–ˆâ–ˆâ–    | 26/50 [00:00<00:00, 52.83it/s][A
2026-01-16 22:57:03,275 - PathLensMaster - INFO - [optimization] Gen 13 eval:  66%|â–ˆâ–ˆâ–ˆâ–ˆâ–ˆâ–ˆâ–Œ   | 33/50 [00:00<00:00, 49.30it/s][A
2026-01-16 22:57:03,348 - PathLensMaster - INFO - [optimization] Gen 13 eval:  78%|â–ˆâ–ˆâ–ˆâ–ˆâ–ˆâ–ˆâ–ˆâ–Š  | 39/50 [00:00<00:00, 47.42it/s][A
2026-01-16 22:57:03,349 - PathLensMaster - INFO - [optimization]                                                             [A
2026-01-16 22:57:46,018 - PathLensMaster - INFO - [optimization] Gen 13 local_search:   0%|          | 0/5 [00:00<?, ?it/s][A
2026-01-16 22:57:52,306 - PathLensMaster - INFO - [optimization] Gen 13 local_search:  20%|â–ˆâ–ˆ        | 1/5 [00:42<02:50, 42.67s/it][A
2026-01-16 22:57:58,520 - PathLensMaster - INFO - [optimization] Gen 13 local_search:  40%|â–ˆâ–ˆâ–ˆâ–ˆ      | 2/5 [00:48<01:03, 21.27s/it][A
2026-01-16 22:58:04,569 - PathLensMaster - INFO - [optimization] Gen 13 local_search:  60%|â–ˆâ–ˆâ–ˆâ–ˆâ–ˆâ–ˆ    | 3/5 [00:55<00:28, 14.39s/it][A
2026-01-16 22:58:10,666 - PathLensMaster - INFO - [optimization] Gen 13 local_search:  80%|â–ˆâ–ˆâ–ˆâ–ˆâ–ˆâ–ˆâ–ˆâ–ˆ  | 4/5 [01:01<00:11, 11.10s/it][A
2026-01-16 22:58:10,666 - PathLensMaster - INFO - [optimization] Gen 13 local_search: 100%|â–ˆâ–ˆâ–ˆâ–ˆâ–ˆâ–ˆâ–ˆâ–ˆâ–ˆâ–ˆ| 5/5 [01:07<00:00,  9.30s/it][A
2026-01-16 22:58:10,666 - PathLensMaster - INFO - [optimization]                                                                   [A2026-01-16 22:58:10,666 [INFO] Generation 13 best fitness 102.8188 | template=None | placements={'bus_station': 16, 'pharmacy': 23, 'hospital': 21, 'bank': 14, 'park': 10, 'supermarket': 18, 'school': 17} | elapsed=68.31s
2026-01-16 22:58:10,673 - PathLensMaster - INFO - [optimization] Generations:  52%|â–ˆâ–ˆâ–ˆâ–ˆâ–ˆâ–    | 13/25 [20:37<09:33, 47.77s/gen]2026-01-16 22:58:10,673 [INFO] Evaluating generation 14/25
2026-01-16 22:58:10,897 - PathLensMaster - INFO - [optimization] Gen 14 eval:   0%|          | 0/50 [00:00<?, ?it/s][A
2026-01-16 22:58:11,008 - PathLensMaster - INFO - [optimization] Gen 14 eval:   2%|â–         | 1/50 [00:00<00:10,  4.46it/s][A
2026-01-16 22:58:11,129 - PathLensMaster - INFO - [optimization] Gen 14 eval:  22%|â–ˆâ–ˆâ–       | 11/50 [00:00<00:00, 39.99it/s][A
2026-01-16 22:58:11,284 - PathLensMaster - INFO - [optimization] Gen 14 eval:  34%|â–ˆâ–ˆâ–ˆâ–      | 17/50 [00:00<00:00, 43.77it/s][A
2026-01-16 22:58:11,388 - PathLensMaster - INFO - [optimization] Gen 14 eval:  46%|â–ˆâ–ˆâ–ˆâ–ˆâ–Œ     | 23/50 [00:00<00:00, 41.67it/s][A
2026-01-16 22:58:11,532 - PathLensMaster - INFO - [optimization] Gen 14 eval:  62%|â–ˆâ–ˆâ–ˆâ–ˆâ–ˆâ–ˆâ–   | 31/50 [00:00<00:00, 51.70it/s][A
2026-01-16 22:58:11,584 - PathLensMaster - INFO - [optimization] Gen 14 eval:  76%|â–ˆâ–ˆâ–ˆâ–ˆâ–ˆâ–ˆâ–ˆâ–Œ  | 38/50 [00:00<00:00, 50.61it/s][A
2026-01-16 22:58:11,584 - PathLensMaster - INFO - [optimization]                                                             [A
2026-01-16 22:58:17,352 - PathLensMaster - INFO - [optimization] Gen 14 local_search:   0%|          | 0/5 [00:00<?, ?it/s][A
2026-01-16 22:58:23,411 - PathLensMaster - INFO - [optimization] Gen 14 local_search:  20%|â–ˆâ–ˆ        | 1/5 [00:05<00:23,  5.77s/it][A
2026-01-16 22:58:31,461 - PathLensMaster - INFO - [optimization] Gen 14 local_search:  40%|â–ˆâ–ˆâ–ˆâ–ˆ      | 2/5 [00:11<00:17,  5.94s/it][A
2026-01-16 22:58:41,205 - PathLensMaster - INFO - [optimization] Gen 14 local_search:  60%|â–ˆâ–ˆâ–ˆâ–ˆâ–ˆâ–ˆ    | 3/5 [00:19<00:13,  6.90s/it][A
2026-01-16 22:58:50,067 - PathLensMaster - INFO - [optimization] Gen 14 local_search:  80%|â–ˆâ–ˆâ–ˆâ–ˆâ–ˆâ–ˆâ–ˆâ–ˆ  | 4/5 [00:29<00:08,  8.02s/it][A
2026-01-16 22:58:50,068 - PathLensMaster - INFO - [optimization] Gen 14 local_search: 100%|â–ˆâ–ˆâ–ˆâ–ˆâ–ˆâ–ˆâ–ˆâ–ˆâ–ˆâ–ˆ| 5/5 [00:38<00:00,  8.33s/it][A
2026-01-16 22:58:50,068 - PathLensMaster - INFO - [optimization]                                                                   [A2026-01-16 22:58:50,068 [INFO] Generation 14 best fitness 102.8188 | template=None | placements={'bus_station': 16, 'pharmacy': 23, 'hospital': 21, 'bank': 14, 'park': 10, 'supermarket': 18, 'school': 17} | elapsed=39.39s
2026-01-16 22:58:50,077 - PathLensMaster - INFO - [optimization] Generations:  56%|â–ˆâ–ˆâ–ˆâ–ˆâ–ˆâ–Œ    | 14/25 [21:16<08:17, 45.24s/gen]2026-01-16 22:58:50,077 [INFO] Evaluating generation 15/25
2026-01-16 22:58:50,460 - PathLensMaster - INFO - [optimization] Gen 15 eval:   0%|          | 0/50 [00:00<?, ?it/s][A
2026-01-16 22:58:50,560 - PathLensMaster - INFO - [optimization] Gen 15 eval:   2%|â–         | 1/50 [00:00<00:18,  2.62it/s][A
2026-01-16 22:58:50,855 - PathLensMaster - INFO - [optimization] Gen 15 eval:  26%|â–ˆâ–ˆâ–Œ       | 13/50 [00:00<00:01, 34.56it/s][A
2026-01-16 22:58:51,133 - PathLensMaster - INFO - [optimization] Gen 15 eval:  42%|â–ˆâ–ˆâ–ˆâ–ˆâ–     | 21/50 [00:00<00:00, 30.55it/s][A
2026-01-16 22:58:51,276 - PathLensMaster - INFO - [optimization] Gen 15 eval:  56%|â–ˆâ–ˆâ–ˆâ–ˆâ–ˆâ–Œ    | 28/50 [00:01<00:00, 28.32it/s][A
2026-01-16 22:58:51,354 - PathLensMaster - INFO - [optimization] Gen 15 eval:  82%|â–ˆâ–ˆâ–ˆâ–ˆâ–ˆâ–ˆâ–ˆâ–ˆâ– | 41/50 [00:01<00:00, 43.04it/s][A
2026-01-16 22:58:51,355 - PathLensMaster - INFO - [optimization]                                                             [A
2026-01-16 22:58:59,448 - PathLensMaster - INFO - [optimization] Gen 15 local_search:   0%|          | 0/5 [00:00<?, ?it/s][A
2026-01-16 22:59:08,278 - PathLensMaster - INFO - [optimization] Gen 15 local_search:  20%|â–ˆâ–ˆ        | 1/5 [00:08<00:32,  8.09s/it][A
2026-01-16 22:59:16,232 - PathLensMaster - INFO - [optimization] Gen 15 local_search:  40%|â–ˆâ–ˆâ–ˆâ–ˆ      | 2/5 [00:16<00:25,  8.53s/it][A
2026-01-16 22:59:23,935 - PathLensMaster - INFO - [optimization] Gen 15 local_search:  60%|â–ˆâ–ˆâ–ˆâ–ˆâ–ˆâ–ˆ    | 3/5 [00:24<00:16,  8.27s/it][A
2026-01-16 22:59:31,132 - PathLensMaster - INFO - [optimization] Gen 15 local_search:  80%|â–ˆâ–ˆâ–ˆâ–ˆâ–ˆâ–ˆâ–ˆâ–ˆ  | 4/5 [00:32<00:08,  8.04s/it][A
2026-01-16 22:59:31,133 - PathLensMaster - INFO - [optimization] Gen 15 local_search: 100%|â–ˆâ–ˆâ–ˆâ–ˆâ–ˆâ–ˆâ–ˆâ–ˆâ–ˆâ–ˆ| 5/5 [00:39<00:00,  7.74s/it][A
2026-01-16 22:59:31,133 - PathLensMaster - INFO - [optimization]                                                                   [A2026-01-16 22:59:31,133 [INFO] Generation 15 best fitness 102.8188 | template=None | placements={'bus_station': 16, 'pharmacy': 23, 'hospital': 21, 'bank': 14, 'park': 10, 'supermarket': 18, 'school': 17} | elapsed=41.06s
2026-01-16 22:59:31,140 - PathLensMaster - INFO - [optimization] Generations:  60%|â–ˆâ–ˆâ–ˆâ–ˆâ–ˆâ–ˆ    | 15/25 [21:57<07:19, 43.98s/gen]2026-01-16 22:59:31,140 [INFO] Evaluating generation 16/25
2026-01-16 22:59:31,472 - PathLensMaster - INFO - [optimization] Gen 16 eval:   0%|          | 0/50 [00:00<?, ?it/s][A
2026-01-16 22:59:31,583 - PathLensMaster - INFO - [optimization] Gen 16 eval:   2%|â–         | 1/50 [00:00<00:16,  3.01it/s][A
2026-01-16 22:59:31,879 - PathLensMaster - INFO - [optimization] Gen 16 eval:  30%|â–ˆâ–ˆâ–ˆ       | 15/50 [00:00<00:00, 42.78it/s][A
2026-01-16 22:59:31,992 - PathLensMaster - INFO - [optimization] Gen 16 eval:  46%|â–ˆâ–ˆâ–ˆâ–ˆâ–Œ     | 23/50 [00:00<00:00, 34.12it/s][A
2026-01-16 22:59:32,168 - PathLensMaster - INFO - [optimization] Gen 16 eval:  66%|â–ˆâ–ˆâ–ˆâ–ˆâ–ˆâ–ˆâ–Œ   | 33/50 [00:00<00:00, 46.65it/s][A
2026-01-16 22:59:32,228 - PathLensMaster - INFO - [optimization] Gen 16 eval:  80%|â–ˆâ–ˆâ–ˆâ–ˆâ–ˆâ–ˆâ–ˆâ–ˆ  | 40/50 [00:01<00:00, 44.33it/s][A
2026-01-16 22:59:32,228 - PathLensMaster - INFO - [optimization]                                                             [A
2026-01-16 22:59:39,595 - PathLensMaster - INFO - [optimization] Gen 16 local_search:   0%|          | 0/5 [00:00<?, ?it/s][A
2026-01-16 22:59:47,619 - PathLensMaster - INFO - [optimization] Gen 16 local_search:  20%|â–ˆâ–ˆ        | 1/5 [00:07<00:29,  7.37s/it][A
2026-01-16 22:59:55,211 - PathLensMaster - INFO - [optimization] Gen 16 local_search:  40%|â–ˆâ–ˆâ–ˆâ–ˆ      | 2/5 [00:15<00:23,  7.75s/it][A
2026-01-16 23:00:03,828 - PathLensMaster - INFO - [optimization] Gen 16 local_search:  60%|â–ˆâ–ˆâ–ˆâ–ˆâ–ˆâ–ˆ    | 3/5 [00:22<00:15,  7.68s/it][A
2026-01-16 23:00:11,318 - PathLensMaster - INFO - [optimization] Gen 16 local_search:  80%|â–ˆâ–ˆâ–ˆâ–ˆâ–ˆâ–ˆâ–ˆâ–ˆ  | 4/5 [00:31<00:08,  8.05s/it][A
2026-01-16 23:00:11,318 - PathLensMaster - INFO - [optimization] Gen 16 local_search: 100%|â–ˆâ–ˆâ–ˆâ–ˆâ–ˆâ–ˆâ–ˆâ–ˆâ–ˆâ–ˆ| 5/5 [00:39<00:00,  7.85s/it][A
2026-01-16 23:00:11,318 - PathLensMaster - INFO - [optimization]                                                                   [A2026-01-16 23:00:11,318 [INFO] Generation 16 best fitness 102.8188 | template=None | placements={'bus_station': 16, 'pharmacy': 23, 'hospital': 21, 'bank': 14, 'park': 10, 'supermarket': 18, 'school': 17} | elapsed=40.18s
2026-01-16 23:00:11,324 - PathLensMaster - INFO - [optimization] Generations:  64%|â–ˆâ–ˆâ–ˆâ–ˆâ–ˆâ–ˆâ–   | 16/25 [22:37<06:25, 42.84s/gen]2026-01-16 23:00:11,324 [INFO] Evaluating generation 17/25
2026-01-16 23:00:11,790 - PathLensMaster - INFO - [optimization] Gen 17 eval:   0%|          | 0/50 [00:00<?, ?it/s][A
2026-01-16 23:00:11,920 - PathLensMaster - INFO - [optimization] Gen 17 eval:   2%|â–         | 1/50 [00:00<00:22,  2.15it/s][A
2026-01-16 23:00:12,197 - PathLensMaster - INFO - [optimization] Gen 17 eval:  48%|â–ˆâ–ˆâ–ˆâ–ˆâ–Š     | 24/50 [00:00<00:00, 51.90it/s][A
2026-01-16 23:00:12,265 - PathLensMaster - INFO - [optimization] Gen 17 eval:  70%|â–ˆâ–ˆâ–ˆâ–ˆâ–ˆâ–ˆâ–ˆ   | 35/50 [00:00<00:00, 46.29it/s][A
2026-01-16 23:00:12,265 - PathLensMaster - INFO - [optimization]                                                             [A
2026-01-16 23:00:18,019 - PathLensMaster - INFO - [optimization] Gen 17 local_search:   0%|          | 0/5 [00:00<?, ?it/s][A
2026-01-16 23:00:24,002 - PathLensMaster - INFO - [optimization] Gen 17 local_search:  20%|â–ˆâ–ˆ        | 1/5 [00:05<00:23,  5.75s/it][A
2026-01-16 23:00:32,054 - PathLensMaster - INFO - [optimization] Gen 17 local_search:  40%|â–ˆâ–ˆâ–ˆâ–ˆ      | 2/5 [00:11<00:17,  5.89s/it][A
2026-01-16 23:00:41,716 - PathLensMaster - INFO - [optimization] Gen 17 local_search:  60%|â–ˆâ–ˆâ–ˆâ–ˆâ–ˆâ–ˆ    | 3/5 [00:19<00:13,  6.88s/it][A
2026-01-16 23:00:51,470 - PathLensMaster - INFO - [optimization] Gen 17 local_search:  80%|â–ˆâ–ˆâ–ˆâ–ˆâ–ˆâ–ˆâ–ˆâ–ˆ  | 4/5 [00:29<00:07,  7.98s/it][A
2026-01-16 23:00:51,470 - PathLensMaster - INFO - [optimization] Gen 17 local_search: 100%|â–ˆâ–ˆâ–ˆâ–ˆâ–ˆâ–ˆâ–ˆâ–ˆâ–ˆâ–ˆ| 5/5 [00:39<00:00,  8.62s/it][A
2026-01-16 23:00:51,470 - PathLensMaster - INFO - [optimization]                                                                   [A2026-01-16 23:00:51,470 [INFO] Generation 17 best fitness 102.8188 | template=None | placements={'bus_station': 16, 'pharmacy': 23, 'hospital': 21, 'bank': 14, 'park': 10, 'supermarket': 18, 'school': 17} | elapsed=40.15s
2026-01-16 23:00:51,475 - PathLensMaster - INFO - [optimization] Generations:  68%|â–ˆâ–ˆâ–ˆâ–ˆâ–ˆâ–ˆâ–Š   | 17/25 [23:17<05:36, 42.03s/gen]2026-01-16 23:00:51,475 [INFO] Evaluating generation 18/25
2026-01-16 23:00:51,778 - PathLensMaster - INFO - [optimization] Gen 18 eval:   0%|          | 0/50 [00:00<?, ?it/s][A
2026-01-16 23:00:51,895 - PathLensMaster - INFO - [optimization] Gen 18 eval:   2%|â–         | 1/50 [00:00<00:14,  3.31it/s][A
2026-01-16 23:00:52,111 - PathLensMaster - INFO - [optimization] Gen 18 eval:  30%|â–ˆâ–ˆâ–ˆ       | 15/50 [00:00<00:00, 44.70it/s][A
2026-01-16 23:00:52,222 - PathLensMaster - INFO - [optimization] Gen 18 eval:  46%|â–ˆâ–ˆâ–ˆâ–ˆâ–Œ     | 23/50 [00:00<00:00, 41.00it/s][A
2026-01-16 23:00:52,342 - PathLensMaster - INFO - [optimization] Gen 18 eval:  64%|â–ˆâ–ˆâ–ˆâ–ˆâ–ˆâ–ˆâ–   | 32/50 [00:00<00:00, 51.47it/s][A
2026-01-16 23:00:52,393 - PathLensMaster - INFO - [optimization] Gen 18 eval:  80%|â–ˆâ–ˆâ–ˆâ–ˆâ–ˆâ–ˆâ–ˆâ–ˆ  | 40/50 [00:00<00:00, 55.83it/s][A
2026-01-16 23:00:52,393 - PathLensMaster - INFO - [optimization]                                                             [A
2026-01-16 23:00:58,274 - PathLensMaster - INFO - [optimization] Gen 18 local_search:   0%|          | 0/5 [00:00<?, ?it/s][A
2026-01-16 23:01:04,059 - PathLensMaster - INFO - [optimization] Gen 18 local_search:  20%|â–ˆâ–ˆ        | 1/5 [00:05<00:23,  5.88s/it][A
2026-01-16 23:01:10,014 - PathLensMaster - INFO - [optimization] Gen 18 local_search:  40%|â–ˆâ–ˆâ–ˆâ–ˆ      | 2/5 [00:11<00:17,  5.82s/it][A
2026-01-16 23:01:15,990 - PathLensMaster - INFO - [optimization] Gen 18 local_search:  60%|â–ˆâ–ˆâ–ˆâ–ˆâ–ˆâ–ˆ    | 3/5 [00:17<00:11,  5.88s/it][A
2026-01-16 23:01:22,014 - PathLensMaster - INFO - [optimization] Gen 18 local_search:  80%|â–ˆâ–ˆâ–ˆâ–ˆâ–ˆâ–ˆâ–ˆâ–ˆ  | 4/5 [00:23<00:05,  5.92s/it][A
2026-01-16 23:01:22,015 - PathLensMaster - INFO - [optimization] Gen 18 local_search: 100%|â–ˆâ–ˆâ–ˆâ–ˆâ–ˆâ–ˆâ–ˆâ–ˆâ–ˆâ–ˆ| 5/5 [00:29<00:00,  5.96s/it][A
2026-01-16 23:01:22,015 - PathLensMaster - INFO - [optimization]                                                                   [A2026-01-16 23:01:22,015 [INFO] Generation 18 best fitness 102.8188 | template=None | placements={'bus_station': 16, 'pharmacy': 23, 'hospital': 21, 'bank': 14, 'park': 10, 'supermarket': 18, 'school': 17} | elapsed=30.54s
2026-01-16 23:01:22,020 - PathLensMaster - INFO - [optimization] Generations:  72%|â–ˆâ–ˆâ–ˆâ–ˆâ–ˆâ–ˆâ–ˆâ–  | 18/25 [23:48<04:30, 38.58s/gen]2026-01-16 23:01:22,020 [INFO] Evaluating generation 19/25
2026-01-16 23:01:22,316 - PathLensMaster - INFO - [optimization] Gen 19 eval:   0%|          | 0/50 [00:00<?, ?it/s][A
2026-01-16 23:01:22,447 - PathLensMaster - INFO - [optimization] Gen 19 eval:   2%|â–         | 1/50 [00:00<00:14,  3.38it/s][A
2026-01-16 23:01:22,566 - PathLensMaster - INFO - [optimization] Gen 19 eval:  32%|â–ˆâ–ˆâ–ˆâ–      | 16/50 [00:00<00:00, 46.38it/s][A
2026-01-16 23:01:22,670 - PathLensMaster - INFO - [optimization] Gen 19 eval:  46%|â–ˆâ–ˆâ–ˆâ–ˆâ–Œ     | 23/50 [00:00<00:00, 50.61it/s][A
2026-01-16 23:01:22,801 - PathLensMaster - INFO - [optimization] Gen 19 eval:  60%|â–ˆâ–ˆâ–ˆâ–ˆâ–ˆâ–ˆ    | 30/50 [00:00<00:00, 55.49it/s][A
2026-01-16 23:01:22,906 - PathLensMaster - INFO - [optimization] Gen 19 eval:  74%|â–ˆâ–ˆâ–ˆâ–ˆâ–ˆâ–ˆâ–ˆâ–  | 37/50 [00:00<00:00, 54.76it/s][A
2026-01-16 23:01:22,907 - PathLensMaster - INFO - [optimization] Gen 19 eval:  94%|â–ˆâ–ˆâ–ˆâ–ˆâ–ˆâ–ˆâ–ˆâ–ˆâ–ˆâ–| 47/50 [00:00<00:00, 66.24it/s][A
2026-01-16 23:01:22,907 - PathLensMaster - INFO - [optimization]                                                             [A
2026-01-16 23:01:28,644 - PathLensMaster - INFO - [optimization] Gen 19 local_search:   0%|          | 0/5 [00:00<?, ?it/s][A
2026-01-16 23:01:34,377 - PathLensMaster - INFO - [optimization] Gen 19 local_search:  20%|â–ˆâ–ˆ        | 1/5 [00:05<00:22,  5.74s/it][A
2026-01-16 23:01:40,207 - PathLensMaster - INFO - [optimization] Gen 19 local_search:  40%|â–ˆâ–ˆâ–ˆâ–ˆ      | 2/5 [00:11<00:17,  5.73s/it][A
2026-01-16 23:01:49,944 - PathLensMaster - INFO - [optimization] Gen 19 local_search:  60%|â–ˆâ–ˆâ–ˆâ–ˆâ–ˆâ–ˆ    | 3/5 [00:17<00:11,  5.78s/it][A
2026-01-16 23:01:56,028 - PathLensMaster - INFO - [optimization] Gen 19 local_search:  80%|â–ˆâ–ˆâ–ˆâ–ˆâ–ˆâ–ˆâ–ˆâ–ˆ  | 4/5 [00:27<00:07,  7.34s/it][A
2026-01-16 23:01:56,028 - PathLensMaster - INFO - [optimization] Gen 19 local_search: 100%|â–ˆâ–ˆâ–ˆâ–ˆâ–ˆâ–ˆâ–ˆâ–ˆâ–ˆâ–ˆ| 5/5 [00:33<00:00,  6.89s/it][A
2026-01-16 23:01:56,028 - PathLensMaster - INFO - [optimization]                                                                   [A2026-01-16 23:01:56,028 [INFO] Generation 19 best fitness 102.8188 | template=None | placements={'bus_station': 16, 'pharmacy': 23, 'hospital': 21, 'bank': 14, 'park': 10, 'supermarket': 18, 'school': 17} | elapsed=34.01s
2026-01-16 23:01:56,034 - PathLensMaster - INFO - [optimization] Generations:  76%|â–ˆâ–ˆâ–ˆâ–ˆâ–ˆâ–ˆâ–ˆâ–Œ  | 19/25 [24:22<03:43, 37.21s/gen]2026-01-16 23:01:56,034 [INFO] Evaluating generation 20/25
2026-01-16 23:01:56,353 - PathLensMaster - INFO - [optimization] Gen 20 eval:   0%|          | 0/50 [00:00<?, ?it/s][A
2026-01-16 23:01:56,475 - PathLensMaster - INFO - [optimization] Gen 20 eval:   2%|â–         | 1/50 [00:00<00:15,  3.13it/s][A
2026-01-16 23:01:56,594 - PathLensMaster - INFO - [optimization] Gen 20 eval:  30%|â–ˆâ–ˆâ–ˆ       | 15/50 [00:00<00:00, 42.55it/s][A
2026-01-16 23:01:56,718 - PathLensMaster - INFO - [optimization] Gen 20 eval:  44%|â–ˆâ–ˆâ–ˆâ–ˆâ–     | 22/50 [00:00<00:00, 47.92it/s][A
2026-01-16 23:01:56,827 - PathLensMaster - INFO - [optimization] Gen 20 eval:  58%|â–ˆâ–ˆâ–ˆâ–ˆâ–ˆâ–Š    | 29/50 [00:00<00:00, 50.68it/s][A
2026-01-16 23:01:56,939 - PathLensMaster - INFO - [optimization] Gen 20 eval:  72%|â–ˆâ–ˆâ–ˆâ–ˆâ–ˆâ–ˆâ–ˆâ–  | 36/50 [00:00<00:00, 54.68it/s][A
2026-01-16 23:01:56,953 - PathLensMaster - INFO - [optimization] Gen 20 eval:  88%|â–ˆâ–ˆâ–ˆâ–ˆâ–ˆâ–ˆâ–ˆâ–ˆâ–Š | 44/50 [00:00<00:00, 59.76it/s][A
2026-01-16 23:01:56,954 - PathLensMaster - INFO - [optimization]                                                             [A
2026-01-16 23:02:02,722 - PathLensMaster - INFO - [optimization] Gen 20 local_search:   0%|          | 0/5 [00:00<?, ?it/s][A
2026-01-16 23:02:08,532 - PathLensMaster - INFO - [optimization] Gen 20 local_search:  20%|â–ˆâ–ˆ        | 1/5 [00:05<00:23,  5.77s/it][A
2026-01-16 23:02:14,186 - PathLensMaster - INFO - [optimization] Gen 20 local_search:  40%|â–ˆâ–ˆâ–ˆâ–ˆ      | 2/5 [00:11<00:17,  5.79s/it][A
2026-01-16 23:02:19,961 - PathLensMaster - INFO - [optimization] Gen 20 local_search:  60%|â–ˆâ–ˆâ–ˆâ–ˆâ–ˆâ–ˆ    | 3/5 [00:17<00:11,  5.73s/it][A
2026-01-16 23:02:25,775 - PathLensMaster - INFO - [optimization] Gen 20 local_search:  80%|â–ˆâ–ˆâ–ˆâ–ˆâ–ˆâ–ˆâ–ˆâ–ˆ  | 4/5 [00:23<00:05,  5.75s/it][A
2026-01-16 23:02:25,775 - PathLensMaster - INFO - [optimization] Gen 20 local_search: 100%|â–ˆâ–ˆâ–ˆâ–ˆâ–ˆâ–ˆâ–ˆâ–ˆâ–ˆâ–ˆ| 5/5 [00:28<00:00,  5.77s/it][A
2026-01-16 23:02:25,775 - PathLensMaster - INFO - [optimization]                                                                   [A2026-01-16 23:02:25,775 [INFO] Generation 20 best fitness 102.8188 | template=None | placements={'bus_station': 16, 'pharmacy': 23, 'hospital': 21, 'bank': 14, 'park': 10, 'supermarket': 18, 'school': 17} | elapsed=29.74s
2026-01-16 23:02:25,780 - PathLensMaster - INFO - [optimization] Generations:  80%|â–ˆâ–ˆâ–ˆâ–ˆâ–ˆâ–ˆâ–ˆâ–ˆ  | 20/25 [24:52<02:54, 34.97s/gen]2026-01-16 23:02:25,780 [INFO] Evaluating generation 21/25
2026-01-16 23:02:26,045 - PathLensMaster - INFO - [optimization] Gen 21 eval:   0%|          | 0/50 [00:00<?, ?it/s][A
2026-01-16 23:02:26,153 - PathLensMaster - INFO - [optimization] Gen 21 eval:   2%|â–         | 1/50 [00:00<00:12,  3.77it/s][A
2026-01-16 23:02:26,281 - PathLensMaster - INFO - [optimization] Gen 21 eval:  26%|â–ˆâ–ˆâ–Œ       | 13/50 [00:00<00:00, 43.24it/s][A
2026-01-16 23:02:26,451 - PathLensMaster - INFO - [optimization] Gen 21 eval:  42%|â–ˆâ–ˆâ–ˆâ–ˆâ–     | 21/50 [00:00<00:00, 50.56it/s][A
2026-01-16 23:02:26,649 - PathLensMaster - INFO - [optimization] Gen 21 eval:  60%|â–ˆâ–ˆâ–ˆâ–ˆâ–ˆâ–ˆ    | 30/50 [00:00<00:00, 51.58it/s][A
2026-01-16 23:02:26,681 - PathLensMaster - INFO - [optimization] Gen 21 eval:  74%|â–ˆâ–ˆâ–ˆâ–ˆâ–ˆâ–ˆâ–ˆâ–  | 37/50 [00:00<00:00, 44.93it/s][A
2026-01-16 23:02:26,682 - PathLensMaster - INFO - [optimization]                                                             [A
2026-01-16 23:02:32,513 - PathLensMaster - INFO - [optimization] Gen 21 local_search:   0%|          | 0/5 [00:00<?, ?it/s][A
2026-01-16 23:02:38,306 - PathLensMaster - INFO - [optimization] Gen 21 local_search:  20%|â–ˆâ–ˆ        | 1/5 [00:05<00:23,  5.83s/it][A
2026-01-16 23:02:44,091 - PathLensMaster - INFO - [optimization] Gen 21 local_search:  40%|â–ˆâ–ˆâ–ˆâ–ˆ      | 2/5 [00:11<00:17,  5.81s/it][A
2026-01-16 23:02:49,960 - PathLensMaster - INFO - [optimization] Gen 21 local_search:  60%|â–ˆâ–ˆâ–ˆâ–ˆâ–ˆâ–ˆ    | 3/5 [00:17<00:11,  5.80s/it][A
2026-01-16 23:02:55,689 - PathLensMaster - INFO - [optimization] Gen 21 local_search:  80%|â–ˆâ–ˆâ–ˆâ–ˆâ–ˆâ–ˆâ–ˆâ–ˆ  | 4/5 [00:23<00:05,  5.83s/it][A
2026-01-16 23:02:55,689 - PathLensMaster - INFO - [optimization] Gen 21 local_search: 100%|â–ˆâ–ˆâ–ˆâ–ˆâ–ˆâ–ˆâ–ˆâ–ˆâ–ˆâ–ˆ| 5/5 [00:29<00:00,  5.79s/it][A
2026-01-16 23:02:55,689 - PathLensMaster - INFO - [optimization]                                                                   [A2026-01-16 23:02:55,689 [INFO] Generation 21 best fitness 102.8188 | template=None | placements={'bus_station': 16, 'pharmacy': 23, 'hospital': 21, 'bank': 14, 'park': 10, 'supermarket': 18, 'school': 17} | elapsed=29.91s
2026-01-16 23:02:55,695 - PathLensMaster - INFO - [optimization] Generations:  84%|â–ˆâ–ˆâ–ˆâ–ˆâ–ˆâ–ˆâ–ˆâ–ˆâ– | 21/25 [25:22<02:13, 33.45s/gen]2026-01-16 23:02:55,695 [INFO] Evaluating generation 22/25
2026-01-16 23:02:56,112 - PathLensMaster - INFO - [optimization] Gen 22 eval:   0%|          | 0/50 [00:00<?, ?it/s][A
2026-01-16 23:02:56,338 - PathLensMaster - INFO - [optimization] Gen 22 eval:   2%|â–         | 1/50 [00:00<00:20,  2.39it/s][A
2026-01-16 23:02:56,464 - PathLensMaster - INFO - [optimization] Gen 22 eval:  44%|â–ˆâ–ˆâ–ˆâ–ˆâ–     | 22/50 [00:00<00:00, 41.88it/s][A
2026-01-16 23:02:56,573 - PathLensMaster - INFO - [optimization] Gen 22 eval:  70%|â–ˆâ–ˆâ–ˆâ–ˆâ–ˆâ–ˆâ–ˆ   | 35/50 [00:00<00:00, 57.69it/s][A
2026-01-16 23:02:56,591 - PathLensMaster - INFO - [optimization] Gen 22 eval:  86%|â–ˆâ–ˆâ–ˆâ–ˆâ–ˆâ–ˆâ–ˆâ–ˆâ–Œ | 43/50 [00:00<00:00, 61.52it/s][A
2026-01-16 23:02:56,592 - PathLensMaster - INFO - [optimization]                                                             [A
2026-01-16 23:03:02,343 - PathLensMaster - INFO - [optimization] Gen 22 local_search:   0%|          | 0/5 [00:00<?, ?it/s][A
2026-01-16 23:03:08,067 - PathLensMaster - INFO - [optimization] Gen 22 local_search:  20%|â–ˆâ–ˆ        | 1/5 [00:05<00:23,  5.75s/it][A
2026-01-16 23:03:13,823 - PathLensMaster - INFO - [optimization] Gen 22 local_search:  40%|â–ˆâ–ˆâ–ˆâ–ˆ      | 2/5 [00:11<00:17,  5.74s/it][A
2026-01-16 23:03:19,541 - PathLensMaster - INFO - [optimization] Gen 22 local_search:  60%|â–ˆâ–ˆâ–ˆâ–ˆâ–ˆâ–ˆ    | 3/5 [00:17<00:11,  5.74s/it][A
2026-01-16 23:03:25,414 - PathLensMaster - INFO - [optimization] Gen 22 local_search:  80%|â–ˆâ–ˆâ–ˆâ–ˆâ–ˆâ–ˆâ–ˆâ–ˆ  | 4/5 [00:22<00:05,  5.73s/it][A
2026-01-16 23:03:25,414 - PathLensMaster - INFO - [optimization] Gen 22 local_search: 100%|â–ˆâ–ˆâ–ˆâ–ˆâ–ˆâ–ˆâ–ˆâ–ˆâ–ˆâ–ˆ| 5/5 [00:28<00:00,  5.78s/it][A
2026-01-16 23:03:25,414 - PathLensMaster - INFO - [optimization]                                                                   [A2026-01-16 23:03:25,414 [INFO] Generation 22 best fitness 102.8188 | template=None | placements={'bus_station': 16, 'pharmacy': 23, 'hospital': 21, 'bank': 14, 'park': 10, 'supermarket': 18, 'school': 17} | elapsed=29.72s
2026-01-16 23:03:25,419 - PathLensMaster - INFO - [optimization] Generations:  88%|â–ˆâ–ˆâ–ˆâ–ˆâ–ˆâ–ˆâ–ˆâ–ˆâ–Š | 22/25 [25:51<01:36, 32.33s/gen]2026-01-16 23:03:25,419 [INFO] Evaluating generation 23/25
2026-01-16 23:03:25,807 - PathLensMaster - INFO - [optimization] Gen 23 eval:   0%|          | 0/50 [00:00<?, ?it/s][A
2026-01-16 23:03:25,934 - PathLensMaster - INFO - [optimization] Gen 23 eval:   2%|â–         | 1/50 [00:00<00:19,  2.58it/s][A
2026-01-16 23:03:26,119 - PathLensMaster - INFO - [optimization] Gen 23 eval:  42%|â–ˆâ–ˆâ–ˆâ–ˆâ–     | 21/50 [00:00<00:00, 51.97it/s][A
2026-01-16 23:03:26,222 - PathLensMaster - INFO - [optimization] Gen 23 eval:  62%|â–ˆâ–ˆâ–ˆâ–ˆâ–ˆâ–ˆâ–   | 31/50 [00:00<00:00, 52.75it/s][A
2026-01-16 23:03:26,281 - PathLensMaster - INFO - [optimization] Gen 23 eval:  78%|â–ˆâ–ˆâ–ˆâ–ˆâ–ˆâ–ˆâ–ˆâ–Š  | 39/50 [00:00<00:00, 58.88it/s][A
2026-01-16 23:03:26,282 - PathLensMaster - INFO - [optimization]                                                             [A
2026-01-16 23:03:32,075 - PathLensMaster - INFO - [optimization] Gen 23 local_search:   0%|          | 0/5 [00:00<?, ?it/s][A
2026-01-16 23:03:37,828 - PathLensMaster - INFO - [optimization] Gen 23 local_search:  20%|â–ˆâ–ˆ        | 1/5 [00:05<00:23,  5.79s/it][A
2026-01-16 23:03:43,587 - PathLensMaster - INFO - [optimization] Gen 23 local_search:  40%|â–ˆâ–ˆâ–ˆâ–ˆ      | 2/5 [00:11<00:17,  5.77s/it][A
2026-01-16 23:03:49,252 - PathLensMaster - INFO - [optimization] Gen 23 local_search:  60%|â–ˆâ–ˆâ–ˆâ–ˆâ–ˆâ–ˆ    | 3/5 [00:17<00:11,  5.76s/it][A
2026-01-16 23:04:03,689 - PathLensMaster - INFO - [optimization] Gen 23 local_search:  80%|â–ˆâ–ˆâ–ˆâ–ˆâ–ˆâ–ˆâ–ˆâ–ˆ  | 4/5 [00:22<00:05,  5.73s/it][A
2026-01-16 23:04:03,689 - PathLensMaster - INFO - [optimization] Gen 23 local_search: 100%|â–ˆâ–ˆâ–ˆâ–ˆâ–ˆâ–ˆâ–ˆâ–ˆâ–ˆâ–ˆ| 5/5 [00:37<00:00,  8.87s/it][A
2026-01-16 23:04:03,689 - PathLensMaster - INFO - [optimization]                                                                   [A2026-01-16 23:04:03,689 [INFO] Generation 23 best fitness 102.8188 | template=None | placements={'bus_station': 16, 'pharmacy': 23, 'hospital': 21, 'bank': 14, 'park': 10, 'supermarket': 18, 'school': 17} | elapsed=38.27s
2026-01-16 23:04:03,698 - PathLensMaster - INFO - [optimization] Generations:  92%|â–ˆâ–ˆâ–ˆâ–ˆâ–ˆâ–ˆâ–ˆâ–ˆâ–ˆâ–| 23/25 [26:30<01:08, 34.12s/gen]2026-01-16 23:04:03,698 [INFO] Evaluating generation 24/25
2026-01-16 23:04:04,041 - PathLensMaster - INFO - [optimization] Gen 24 eval:   0%|          | 0/50 [00:00<?, ?it/s][A
2026-01-16 23:04:04,174 - PathLensMaster - INFO - [optimization] Gen 24 eval:   2%|â–         | 1/50 [00:00<00:16,  2.92it/s][A
2026-01-16 23:04:04,293 - PathLensMaster - INFO - [optimization] Gen 24 eval:  24%|â–ˆâ–ˆâ–       | 12/50 [00:00<00:01, 31.39it/s][A
2026-01-16 23:04:04,496 - PathLensMaster - INFO - [optimization] Gen 24 eval:  34%|â–ˆâ–ˆâ–ˆâ–      | 17/50 [00:00<00:00, 34.72it/s][A
2026-01-16 23:04:04,613 - PathLensMaster - INFO - [optimization] Gen 24 eval:  44%|â–ˆâ–ˆâ–ˆâ–ˆâ–     | 22/50 [00:00<00:00, 30.36it/s][A
2026-01-16 23:04:04,844 - PathLensMaster - INFO - [optimization] Gen 24 eval:  52%|â–ˆâ–ˆâ–ˆâ–ˆâ–ˆâ–    | 26/50 [00:00<00:00, 31.36it/s][A
2026-01-16 23:04:05,045 - PathLensMaster - INFO - [optimization] Gen 24 eval:  60%|â–ˆâ–ˆâ–ˆâ–ˆâ–ˆâ–ˆ    | 30/50 [00:01<00:00, 25.36it/s][A
2026-01-16 23:04:05,107 - PathLensMaster - INFO - [optimization] Gen 24 eval:  72%|â–ˆâ–ˆâ–ˆâ–ˆâ–ˆâ–ˆâ–ˆâ–  | 36/50 [00:01<00:00, 26.92it/s][A
2026-01-16 23:04:05,107 - PathLensMaster - INFO - [optimization]                                                             [A
2026-01-16 23:04:17,844 - PathLensMaster - INFO - [optimization] Gen 24 local_search:   0%|          | 0/5 [00:00<?, ?it/s][A
2026-01-16 23:04:26,997 - PathLensMaster - INFO - [optimization] Gen 24 local_search:  20%|â–ˆâ–ˆ        | 1/5 [00:12<00:50, 12.74s/it][A
2026-01-16 23:04:37,464 - PathLensMaster - INFO - [optimization] Gen 24 local_search:  40%|â–ˆâ–ˆâ–ˆâ–ˆ      | 2/5 [00:21<00:31, 10.63s/it][A
2026-01-16 23:04:43,929 - PathLensMaster - INFO - [optimization] Gen 24 local_search:  60%|â–ˆâ–ˆâ–ˆâ–ˆâ–ˆâ–ˆ    | 3/5 [00:32<00:21, 10.56s/it][A
2026-01-16 23:04:49,674 - PathLensMaster - INFO - [optimization] Gen 24 local_search:  80%|â–ˆâ–ˆâ–ˆâ–ˆâ–ˆâ–ˆâ–ˆâ–ˆ  | 4/5 [00:38<00:08,  8.94s/it][A
2026-01-16 23:04:49,674 - PathLensMaster - INFO - [optimization] Gen 24 local_search: 100%|â–ˆâ–ˆâ–ˆâ–ˆâ–ˆâ–ˆâ–ˆâ–ˆâ–ˆâ–ˆ| 5/5 [00:44<00:00,  7.79s/it][A
2026-01-16 23:04:49,674 - PathLensMaster - INFO - [optimization]                                                                   [A2026-01-16 23:04:49,674 [INFO] Generation 24 best fitness 103.7764 | template=None | placements={'bus_station': 16, 'pharmacy': 23, 'hospital': 21, 'bank': 14, 'park': 10, 'supermarket': 18, 'school': 18} | elapsed=45.98s
2026-01-16 23:04:49,680 - PathLensMaster - INFO - [optimization] Generations:  96%|â–ˆâ–ˆâ–ˆâ–ˆâ–ˆâ–ˆâ–ˆâ–ˆâ–ˆâ–Œ| 24/25 [27:16<00:37, 37.68s/gen]2026-01-16 23:04:49,680 [INFO] Evaluating generation 25/25
2026-01-16 23:04:49,993 - PathLensMaster - INFO - [optimization] Gen 25 eval:   0%|          | 0/50 [00:00<?, ?it/s][A
2026-01-16 23:04:50,097 - PathLensMaster - INFO - [optimization] Gen 25 eval:   2%|â–         | 1/50 [00:00<00:15,  3.20it/s][A
2026-01-16 23:04:50,279 - PathLensMaster - INFO - [optimization] Gen 25 eval:  32%|â–ˆâ–ˆâ–ˆâ–      | 16/50 [00:00<00:00, 48.68it/s][A
2026-01-16 23:04:50,452 - PathLensMaster - INFO - [optimization] Gen 25 eval:  50%|â–ˆâ–ˆâ–ˆâ–ˆâ–ˆ     | 25/50 [00:00<00:00, 48.98it/s][A
2026-01-16 23:04:50,559 - PathLensMaster - INFO - [optimization] Gen 25 eval:  68%|â–ˆâ–ˆâ–ˆâ–ˆâ–ˆâ–ˆâ–Š   | 34/50 [00:00<00:00, 50.11it/s][A
2026-01-16 23:04:50,565 - PathLensMaster - INFO - [optimization] Gen 25 eval:  86%|â–ˆâ–ˆâ–ˆâ–ˆâ–ˆâ–ˆâ–ˆâ–ˆâ–Œ | 43/50 [00:00<00:00, 58.73it/s][A
2026-01-16 23:04:50,566 - PathLensMaster - INFO - [optimization]                                                             [A
2026-01-16 23:04:56,405 - PathLensMaster - INFO - [optimization] Gen 25 local_search:   0%|          | 0/5 [00:00<?, ?it/s][A
2026-01-16 23:05:02,204 - PathLensMaster - INFO - [optimization] Gen 25 local_search:  20%|â–ˆâ–ˆ        | 1/5 [00:05<00:23,  5.84s/it][A
2026-01-16 23:05:07,955 - PathLensMaster - INFO - [optimization] Gen 25 local_search:  40%|â–ˆâ–ˆâ–ˆâ–ˆ      | 2/5 [00:11<00:17,  5.82s/it][A
2026-01-16 23:05:13,803 - PathLensMaster - INFO - [optimization] Gen 25 local_search:  60%|â–ˆâ–ˆâ–ˆâ–ˆâ–ˆâ–ˆ    | 3/5 [00:17<00:11,  5.79s/it][A
2026-01-16 23:05:19,556 - PathLensMaster - INFO - [optimization] Gen 25 local_search:  80%|â–ˆâ–ˆâ–ˆâ–ˆâ–ˆâ–ˆâ–ˆâ–ˆ  | 4/5 [00:23<00:05,  5.81s/it][A
2026-01-16 23:05:19,556 - PathLensMaster - INFO - [optimization] Gen 25 local_search: 100%|â–ˆâ–ˆâ–ˆâ–ˆâ–ˆâ–ˆâ–ˆâ–ˆâ–ˆâ–ˆ| 5/5 [00:28<00:00,  5.79s/it][A
2026-01-16 23:05:19,556 - PathLensMaster - INFO - [optimization]                                                                   [A2026-01-16 23:05:19,556 [INFO] Generation 25 best fitness 103.7764 | template=None | placements={'bus_station': 16, 'pharmacy': 23, 'hospital': 21, 'bank': 14, 'park': 10, 'supermarket': 18, 'school': 18} | elapsed=29.88s
2026-01-16 23:05:19,561 - PathLensMaster - INFO - [optimization] Generations: 100%|â–ˆâ–ˆâ–ˆâ–ˆâ–ˆâ–ˆâ–ˆâ–ˆâ–ˆâ–ˆ| 25/25 [27:45<00:00, 35.34s/gen]
2026-01-16 23:05:19,561 - PathLensMaster - INFO - [optimization] Generations: 100%|â–ˆâ–ˆâ–ˆâ–ˆâ–ˆâ–ˆâ–ˆâ–ˆâ–ˆâ–ˆ| 25/25 [27:45<00:00, 66.64s/gen]
2026-01-16 23:05:19,562 - PathLensMaster - INFO - [optimization] 2026-01-16 23:05:19,561 [INFO] GA complete. Summary written to /home/shogun/Documents/PathLens/data/optimization/runs/summary.json | total elapsed 1667.86s
2026-01-16 23:05:19,562 - PathLensMaster - INFO - [optimization] 2026-01-16 23:05:19,562 [INFO] Best candidate: bank:30258,49344,49361,49380,49463,50106,50127,56497,70187,71203,72682,73821,75828,76766|bus_station:35727,44441,50135,59400,62107,68717,68732,68743,68746,69442,69586,70963,71623,73123,73603,76112|hospital:23673,27732,37903,44283,49337,49397,49430,49438,49463,50133,53030,56554,56560,70198,70203,70797,71204,73825,73826,75828,76874|park:23680,56672,69512,69945,70788,70812,73708,73828,75418,75845|pharmacy:23668,23687,43280,49339,49437,49463,49498,49530,49558,50074,52253,56502,56512,63018,68309,68669,70187,71204,73823,73829,74120,75828,76236|school:30259,44244,45554,49330,49362,49413,49484,50084,50097,50117,69578,69945,70722,72498,74190,75828,7756,9085|supermarket:37903,37908,37909,49448,49461,49465,50113,52840,53031,56573,56723,70187,70195,70791,71194,73823,73828,75828
2026-01-16 23:05:19,681 - PathLensMaster - INFO - [optimization] 2026-01-16 23:05:19,681 - __main__ - INFO - Run hybrid genetic algorithm with MILP refinement completed successfully
2026-01-16 23:05:19,681 - PathLensMaster - INFO - [optimization] 2026-01-16 23:05:19,681 - __main__ - INFO - ================================================================================
2026-01-16 23:05:19,681 - PathLensMaster - INFO - [optimization] 2026-01-16 23:05:19,681 - __main__ - INFO - > Generate combined POI GeoJSON and map
2026-01-16 23:05:19,681 - PathLensMaster - INFO - [optimization] 2026-01-16 23:05:19,681 - __main__ - INFO - ================================================================================
2026-01-16 23:05:19,681 - PathLensMaster - INFO - [optimization] 2026-01-16 23:05:19,681 - __main__ - INFO - Command: /home/shogun/Documents/PathLens/venv/bin/python /home/shogun/Documents/PathLens/optimization-pipeline/generate_solution_map.py
2026-01-16 23:05:21,074 - PathLensMaster - INFO - [optimization] 2026-01-16 23:05:21,073 [INFO] Loading best candidate from /home/shogun/Documents/PathLens/data/optimization/runs/best_candidate.json
2026-01-16 23:05:21,074 - PathLensMaster - INFO - [optimization] 2026-01-16 23:05:21,074 [INFO] Loaded 7 amenity types with 40 total POI placements
2026-01-16 23:05:21,148 - PathLensMaster - INFO - [optimization] Collecting optimized POIs:   0%|          | 0/7 [00:00<?, ?it/s]
2026-01-16 23:05:21,158 - PathLensMaster - INFO - [optimization] 2026-01-16 23:05:21,158 [INFO] Writing 40 optimized POIs to /home/shogun/Documents/PathLens/data/optimization/runs/optimized_pois.geojson (fast!)...
2026-01-16 23:05:21,247 - PathLensMaster - INFO - [optimization] 2026-01-16 23:05:21,247 [INFO] Optimized POIs written to /home/shogun/Documents/PathLens/data/optimization/runs/optimized_pois.geojson
2026-01-16 23:05:21,247 - PathLensMaster - INFO - [optimization] 2026-01-16 23:05:21,247 [INFO] Loading existing POIs from cache: /home/shogun/Documents/PathLens/data/raw/osm/pois.parquet
2026-01-16 23:05:21,740 - PathLensMaster - INFO - [optimization] 2026-01-16 23:05:21,740 [INFO] Loaded 40436 existing POIs from cache (fast!)
2026-01-16 23:05:21,740 - PathLensMaster - INFO - [optimization] 2026-01-16 23:05:21,740 [INFO] Skipping combined GeoJSON export (default behavior, saves 75+ min)
2026-01-16 23:05:21,740 - PathLensMaster - INFO - [optimization] 2026-01-16 23:05:21,740 [INFO]   Tip: Use --force to create combined poi_mapping.geojson if needed for legacy tools
2026-01-16 23:05:22,100 - PathLensMaster - INFO - [optimization] 2026-01-16 23:05:22,099 [INFO] Loading existing POI mapping from /home/shogun/Documents/PathLens/data/processed/poi_node_mapping.parquet
2026-01-16 23:05:22,121 - PathLensMaster - INFO - [optimization] 2026-01-16 23:05:22,121 [INFO] Recomputing optimized accessibility metrics for 7 amenity types.
2026-01-16 23:05:22,121 - PathLensMaster - INFO - [optimization] 2026-01-16 23:05:22,121 [INFO] Loading graph from /home/shogun/Documents/PathLens/data/processed/graph.graphml
2026-01-16 23:05:22,122 - PathLensMaster - INFO - [optimization] Traceback (most recent call last):
2026-01-16 23:05:22,122 - PathLensMaster - INFO - [optimization]   File "/home/shogun/Documents/PathLens/optimization-pipeline/generate_solution_map.py", line 1076, in <module>
2026-01-16 23:05:22,122 - PathLensMaster - INFO - [optimization]     main()
2026-01-16 23:05:22,122 - PathLensMaster - INFO - [optimization]   File "/home/shogun/Documents/PathLens/optimization-pipeline/generate_solution_map.py", line 1060, in main
2026-01-16 23:05:22,122 - PathLensMaster - INFO - [optimization]     compute_optimized_scores(
2026-01-16 23:05:22,122 - PathLensMaster - INFO - [optimization]   File "/home/shogun/Documents/PathLens/optimization-pipeline/generate_solution_map.py", line 743, in compute_optimized_scores
2026-01-16 23:05:22,122 - PathLensMaster - INFO - [optimization]     G = ox.load_graphml(graph_path)
2026-01-16 23:05:22,122 - PathLensMaster - INFO - [optimization]         ^^^^^^^^^^^^^^^^^^^^^^^^^^^
2026-01-16 23:05:22,122 - PathLensMaster - INFO - [optimization]   File "/home/shogun/Documents/PathLens/venv/lib64/python3.11/site-packages/osmnx/io.py", line 257, in load_graphml
2026-01-16 23:05:22,122 - PathLensMaster - INFO - [optimization]     G = nx.read_graphml(
2026-01-16 23:05:22,122 - PathLensMaster - INFO - [optimization]         ^^^^^^^^^^^^^^^^
2026-01-16 23:05:22,122 - PathLensMaster - INFO - [optimization]   File "/home/shogun/Documents/PathLens/venv/lib64/python3.11/site-packages/networkx/utils/decorators.py", line 770, in func
2026-01-16 23:05:22,123 - PathLensMaster - INFO - [optimization]     return argmap._lazy_compile(__wrapper)(*args, **kwargs)
2026-01-16 23:05:22,123 - PathLensMaster - INFO - [optimization]            ^^^^^^^^^^^^^^^^^^^^^^^^^^^^^^^^^^^^^^^^^^^^^^^^
2026-01-16 23:05:22,123 - PathLensMaster - INFO - [optimization]   File "<class 'networkx.utils.decorators.argmap'> compilation 5", line 5, in argmap_read_graphml_1
2026-01-16 23:05:22,123 - PathLensMaster - INFO - [optimization]   File "/home/shogun/Documents/PathLens/venv/lib64/python3.11/site-packages/networkx/utils/backends.py", line 412, in __call__
2026-01-16 23:05:22,123 - PathLensMaster - INFO - [optimization]     return self.orig_func(*args, **kwargs)
2026-01-16 23:05:22,123 - PathLensMaster - INFO - [optimization]            ^^^^^^^^^^^^^^^^^^^^^^^^^^^^^^^
2026-01-16 23:05:22,123 - PathLensMaster - INFO - [optimization]   File "/home/shogun/Documents/PathLens/venv/lib64/python3.11/site-packages/networkx/readwrite/graphml.py", line 296, in read_graphml
2026-01-16 23:05:22,124 - PathLensMaster - INFO - [optimization]     glist = list(reader(path=path))
2026-01-16 23:05:22,124 - PathLensMaster - INFO - [optimization]             ^^^^^^^^^^^^^^^^^^^^^^^
2026-01-16 23:05:22,124 - PathLensMaster - INFO - [optimization]   File "/home/shogun/Documents/PathLens/venv/lib64/python3.11/site-packages/networkx/readwrite/graphml.py", line 852, in __call__
2026-01-16 23:05:22,124 - PathLensMaster - INFO - [optimization]     self.xml = ElementTree(file=path)
2026-01-16 23:05:22,124 - PathLensMaster - INFO - [optimization]                ^^^^^^^^^^^^^^^^^^^^^^
2026-01-16 23:05:22,124 - PathLensMaster - INFO - [optimization]   File "/usr/lib64/python3.11/xml/etree/ElementTree.py", line 541, in __init__
2026-01-16 23:05:22,124 - PathLensMaster - INFO - [optimization]     self.parse(file)
2026-01-16 23:05:22,124 - PathLensMaster - INFO - [optimization]   File "/usr/lib64/python3.11/xml/etree/ElementTree.py", line 581, in parse
2026-01-16 23:05:22,124 - PathLensMaster - INFO - [optimization]     self._root = parser._parse_whole(source)
2026-01-16 23:05:22,124 - PathLensMaster - INFO - [optimization]                  ^^^^^^^^^^^^^^^^^^^^^^^^^^^
2026-01-16 23:05:22,124 - PathLensMaster - INFO - [optimization] xml.etree.ElementTree.ParseError: syntax error: line 1, column 0
2026-01-16 23:05:22,592 - PathLensMaster - INFO - [optimization] 2026-01-16 23:05:22,592 - __main__ - ERROR - Step failed (Generate combined POI GeoJSON and map) with exit code 1
2026-01-16 23:05:22,592 - PathLensMaster - INFO - [optimization] Step failed (Generate combined POI GeoJSON and map) with exit code 1.
2026-01-16 23:05:22,600 - PathLensMaster - ERROR - optimization failed with exit code 1
2026-01-16 23:05:22,600 - PathLensMaster - WARNING - Optimization pipeline failed. Continuing to landuse if requested.
2026-01-16 23:05:22,601 - PathLensMaster - INFO - ================================================================================
2026-01-16 23:05:22,601 - PathLensMaster - INFO - PATHLENS MASTER ORCHESTRATOR - SUMMARY
2026-01-16 23:05:22,601 - PathLensMaster - INFO - ================================================================================
2026-01-16 23:05:22,601 - PathLensMaster - INFO -   data                 | SUCCESS
2026-01-16 23:05:22,601 - PathLensMaster - INFO -   optimization         | FAILED
2026-01-16 23:05:22,601 - PathLensMaster - INFO - ================================================================================
2026-01-16 23:05:22,601 - PathLensMaster - INFO - Summary saved: /home/shogun/Documents/PathLens/data/logs/run_summary_20260116_230522.json
2026-01-16 23:05:22,601 - PathLensMaster - ERROR - Some pipelines failed
