2026-01-01 08:43:49,612 - PathLensMaster - INFO - Logging initialized: D:\ENGG\EL\5th sem\MAIN_EL\PathLens\data\logs\pathlens_master_20260101_084349.log
2026-01-01 08:43:49,612 - PathLensMaster - INFO - PathLens Master Orchestrator Starting
2026-01-01 08:43:49,612 - PathLensMaster - INFO - Project root: D:\ENGG\EL\5th sem\MAIN_EL\PathLens
2026-01-01 08:43:49,612 - PathLensMaster - INFO - Config: D:\ENGG\EL\5th sem\MAIN_EL\PathLens\config.yaml
2026-01-01 08:43:49,614 - PathLensMaster - INFO - ================================================================================
2026-01-01 08:43:49,614 - PathLensMaster - INFO - PIPELINE: DATA-COLLECTION
2026-01-01 08:43:49,614 - PathLensMaster - INFO - ================================================================================
2026-01-01 08:43:49,617 - PathLensMaster - INFO - Command: d:\engg\el\5th sem\main_el\pathlens\venv\scripts\python.exe -u D:\ENGG\EL\5th sem\MAIN_EL\PathLens\data-pipeline\run_pipeline.py --place Bangalore, India
2026-01-01 08:43:49,746 - PathLensMaster - INFO - [data-collection] [OK] POIs already converted: D:\ENGG\EL\5th sem\MAIN_EL\PathLens\data\raw\osm\pois.geojson
2026-01-01 08:43:49,746 - PathLensMaster - INFO - [data-collection]   (Use --force to re-convert)
2026-01-01 08:43:49,746 - PathLensMaster - INFO - [data-collection] [OK] Using cached street network data from D:\ENGG\EL\5th sem\MAIN_EL\PathLens\data\raw\osm\graph.graphml
2026-01-01 08:43:49,746 - PathLensMaster - INFO - [data-collection] [OK] Using cached processed graph: D:\ENGG\EL\5th sem\MAIN_EL\PathLens\data\processed\graph.graphml
2026-01-01 08:43:49,746 - PathLensMaster - INFO - [data-collection] [OK] Using cached POI mapping: D:\ENGG\EL\5th sem\MAIN_EL\PathLens\data\processed\poi_node_mapping.parquet
2026-01-01 08:43:49,746 - PathLensMaster - INFO - [data-collection]   (Use --force to re-process)
2026-01-01 08:43:49,746 - PathLensMaster - INFO - [data-collection] [OK] Using cached walkability scores: D:\ENGG\EL\5th sem\MAIN_EL\PathLens\data\analysis\nodes_with_scores.parquet
2026-01-01 08:43:49,747 - PathLensMaster - INFO - [data-collection] [OK] Using cached H3 aggregates: D:\ENGG\EL\5th sem\MAIN_EL\PathLens\data\analysis\h3_agg.parquet
2026-01-01 08:43:49,747 - PathLensMaster - INFO - [data-collection]   (Use --force to re-compute)
2026-01-01 08:43:49,747 - PathLensMaster - INFO - [data-collection] ============================================================
2026-01-01 08:43:49,747 - PathLensMaster - INFO - [data-collection] [COMPLETE] PathLens pipeline completed successfully!
2026-01-01 08:43:49,747 - PathLensMaster - INFO - [data-collection] ============================================================
2026-01-01 08:43:49,747 - PathLensMaster - INFO - [data-collection] [RESULTS]
2026-01-01 08:43:49,747 - PathLensMaster - INFO - [data-collection]   - Processed graph: D:\ENGG\EL\5th sem\MAIN_EL\PathLens\data\processed\graph.graphml
2026-01-01 08:43:49,747 - PathLensMaster - INFO - [data-collection]   - Node scores: D:\ENGG\EL\5th sem\MAIN_EL\PathLens\data\analysis\nodes_with_scores.csv
2026-01-01 08:43:49,747 - PathLensMaster - INFO - [data-collection]   - H3 aggregates: D:\ENGG\EL\5th sem\MAIN_EL\PathLens\data\analysis\h3_agg.csv
2026-01-01 08:43:49,747 - PathLensMaster - INFO - [data-collection]   - Metrics summary: D:\ENGG\EL\5th sem\MAIN_EL\PathLens\data\analysis\metrics_summary.json
2026-01-01 08:43:49,770 - PathLensMaster - INFO - ================================================================================
2026-01-01 08:43:49,770 - PathLensMaster - INFO - PIPELINE: OPTIMIZATION
2026-01-01 08:43:49,770 - PathLensMaster - INFO - ================================================================================
2026-01-01 08:43:49,770 - PathLensMaster - INFO - Command: d:\engg\el\5th sem\main_el\pathlens\venv\scripts\python.exe -u D:\ENGG\EL\5th sem\MAIN_EL\PathLens\optimization-pipeline\run_optimization.py --ga-config D:\ENGG\EL\5th sem\MAIN_EL\PathLens\config.yaml
2026-01-01 08:43:50,197 - PathLensMaster - INFO - [optimization] 2026-01-01 08:43:50,196 - __main__ - INFO - Logging initialized: D:\ENGG\EL\5th sem\MAIN_EL\PathLens\data\optimization\runs\logs\optimization_run_20260101_084350.log
2026-01-01 08:43:50,197 - PathLensMaster - INFO - [optimization] 2026-01-01 08:43:50,197 - __main__ - INFO - PathLens Optimization Workflow
2026-01-01 08:43:50,198 - PathLensMaster - INFO - [optimization] 2026-01-01 08:43:50,197 - __main__ - INFO - Project root: D:\ENGG\EL\5th sem\MAIN_EL\PathLens
2026-01-01 08:43:50,215 - PathLensMaster - INFO - [optimization] 2026-01-01 08:43:50,215 - __main__ - INFO - Hybrid GA-MILP enabled in config.yaml
2026-01-01 08:43:50,215 - PathLensMaster - INFO - [optimization] 2026-01-01 08:43:50,215 - __main__ - INFO - ================================================================================
2026-01-01 08:43:50,215 - PathLensMaster - INFO - [optimization] 2026-01-01 08:43:50,215 - __main__ - INFO - > Extract high travel time nodes
2026-01-01 08:43:50,218 - PathLensMaster - INFO - [optimization] 2026-01-01 08:43:50,215 - __main__ - INFO - ================================================================================
2026-01-01 08:43:50,218 - PathLensMaster - INFO - [optimization] 2026-01-01 08:43:50,218 - __main__ - INFO - Command: d:\engg\el\5th sem\main_el\pathlens\venv\scripts\python.exe D:\ENGG\EL\5th sem\MAIN_EL\PathLens\optimization-pipeline\list_optimizable_nodes.py --input D:\ENGG\EL\5th sem\MAIN_EL\PathLens\data\analysis\nodes_with_scores.parquet --output D:\ENGG\EL\5th sem\MAIN_EL\PathLens\data\optimization\runs\high_travel_time_nodes.csv
2026-01-01 08:43:51,645 - PathLensMaster - INFO - [optimization] Filtered 4168 nodes above 15.00 minutes; wrote 4168 rows to D:\ENGG\EL\5th sem\MAIN_EL\PathLens\data\optimization\runs\high_travel_time_nodes.csv
2026-01-01 08:43:51,793 - PathLensMaster - INFO - [optimization] 2026-01-01 08:43:51,793 - __main__ - INFO - Extract high travel time nodes completed successfully
2026-01-01 08:43:51,793 - PathLensMaster - INFO - [optimization] 2026-01-01 08:43:51,793 - __main__ - INFO - Auto-detected 6 worker threads (75% of 8 cores)
2026-01-01 08:43:51,794 - PathLensMaster - INFO - [optimization] 2026-01-01 08:43:51,793 - __main__ - INFO - ================================================================================
2026-01-01 08:43:51,794 - PathLensMaster - INFO - [optimization] 2026-01-01 08:43:51,793 - __main__ - INFO - > Run hybrid genetic algorithm with MILP refinement
2026-01-01 08:43:51,794 - PathLensMaster - INFO - [optimization] 2026-01-01 08:43:51,794 - __main__ - INFO - ================================================================================
2026-01-01 08:43:51,794 - PathLensMaster - INFO - [optimization] 2026-01-01 08:43:51,794 - __main__ - INFO - Command: d:\engg\el\5th sem\main_el\pathlens\venv\scripts\python.exe D:\ENGG\EL\5th sem\MAIN_EL\PathLens\optimization-pipeline\hybrid_ga.py --nodes-scores D:\ENGG\EL\5th sem\MAIN_EL\PathLens\data\analysis\nodes_with_scores.parquet --high-travel D:\ENGG\EL\5th sem\MAIN_EL\PathLens\data\optimization\runs\high_travel_time_nodes.csv --analysis-dir D:\ENGG\EL\5th sem\MAIN_EL\PathLens\data\optimization\runs --config D:\ENGG\EL\5th sem\MAIN_EL\PathLens\config.yaml --workers 6
2026-01-01 08:43:54,100 - PathLensMaster - INFO - [optimization] 2026-01-01 08:43:54,100 [INFO] Loaded configuration from D:\ENGG\EL\5th sem\MAIN_EL\PathLens\config.yaml
2026-01-01 08:43:54,311 - PathLensMaster - INFO - [optimization] 2026-01-01 08:43:54,311 [INFO] Amenity school pool prepared with 200 candidates (filtered for min 1200m from existing).
2026-01-01 08:43:54,402 - PathLensMaster - INFO - [optimization] 2026-01-01 08:43:54,402 [INFO] Amenity hospital pool prepared with 200 candidates (filtered for min 1200m from existing).
2026-01-01 08:43:54,491 - PathLensMaster - INFO - [optimization] 2026-01-01 08:43:54,490 [INFO] Amenity pharmacy pool prepared with 200 candidates (filtered for min 1200m from existing).
2026-01-01 08:43:54,578 - PathLensMaster - INFO - [optimization] 2026-01-01 08:43:54,577 [INFO] Amenity supermarket pool prepared with 200 candidates (filtered for min 1200m from existing).
2026-01-01 08:43:54,662 - PathLensMaster - INFO - [optimization] 2026-01-01 08:43:54,662 [INFO] Amenity bus_station pool prepared with 200 candidates (filtered for min 1200m from existing).
2026-01-01 08:43:54,746 - PathLensMaster - INFO - [optimization] 2026-01-01 08:43:54,746 [INFO] Amenity park pool prepared with 200 candidates (filtered for min 1200m from existing).
2026-01-01 08:43:54,758 - PathLensMaster - INFO - [optimization] 2026-01-01 08:43:54,757 [INFO] Loading graph for diversity penalty computation...
2026-01-01 08:44:32,350 - PathLensMaster - INFO - [optimization] 2026-01-01 08:44:32,349 [INFO] Loaded graph with 182191 nodes, 487510 edges for diversity penalty
2026-01-01 08:44:32,350 - PathLensMaster - INFO - [optimization] 2026-01-01 08:44:32,349 [INFO] Analysing amenity distances for 4168 high-travel nodes.
2026-01-01 08:44:32,476 - PathLensMaster - INFO - [optimization] 2026-01-01 08:44:32,476 [INFO] Amenity school               | mean distance 1854.01 m | available 4168
2026-01-01 08:44:32,477 - PathLensMaster - INFO - [optimization] 2026-01-01 08:44:32,477 [INFO] Amenity hospital             | mean distance 2541.98 m | available 4168
2026-01-01 08:44:32,478 - PathLensMaster - INFO - [optimization] 2026-01-01 08:44:32,478 [INFO] Amenity pharmacy             | mean distance 2638.66 m | available 4168
2026-01-01 08:44:32,480 - PathLensMaster - INFO - [optimization] 2026-01-01 08:44:32,479 [INFO] Amenity supermarket          | mean distance 2762.00 m | available 4168
2026-01-01 08:44:32,481 - PathLensMaster - INFO - [optimization] 2026-01-01 08:44:32,480 [INFO] Amenity bus_station          | mean distance 4413.21 m | available 4168
2026-01-01 08:44:32,481 - PathLensMaster - INFO - [optimization] 2026-01-01 08:44:32,481 [INFO] Amenity park                 | mean distance 1896.62 m | available 4168
2026-01-01 08:44:32,495 - PathLensMaster - INFO - [optimization] 2026-01-01 08:44:32,495 [INFO] Starting hybrid GA: population=30, generations=1
2026-01-01 08:44:32,495 - PathLensMaster - INFO - [optimization] 2026-01-01 08:44:32,495 [INFO] Running default precompute for 182191 nodes.
2026-01-01 08:44:32,631 - PathLensMaster - INFO - [optimization] 2026-01-01 08:44:32,631 [INFO] Precomputing undirected graph for diversity penalty...
2026-01-01 08:44:44,271 - PathLensMaster - INFO - [optimization] 2026-01-01 08:44:44,271 [INFO] Using 6 worker threads for candidate evaluation.
2026-01-01 08:44:44,272 - PathLensMaster - INFO - [optimization] 2026-01-01 08:44:44,272 [INFO] Seeded population with 5 greedy templates.
2026-01-01 08:44:44,282 - PathLensMaster - INFO - [optimization] Generations:   0%|          | 0/1 [00:00<?, ?gen/s]2026-01-01 08:44:44,282 [INFO] Evaluating generation 1/1
2026-01-01 08:44:44,849 - PathLensMaster - INFO - [optimization] Gen 1 eval:   0%|          | 0/30 [00:00<?, ?it/s][A
2026-01-01 08:44:44,952 - PathLensMaster - INFO - [optimization] Gen 1 eval:   3%|3         | 1/30 [00:00<00:16,  1.77it/s][A
2026-01-01 08:44:45,117 - PathLensMaster - INFO - [optimization] Gen 1 eval:   7%|6         | 2/30 [00:00<00:08,  3.41it/s][A
2026-01-01 08:44:45,318 - PathLensMaster - INFO - [optimization] Gen 1 eval:  13%|#3        | 4/30 [00:00<00:04,  6.20it/s][A
2026-01-01 08:44:45,452 - PathLensMaster - INFO - [optimization] Gen 1 eval:  20%|##        | 6/30 [00:01<00:03,  7.54it/s][A
2026-01-01 08:44:45,779 - PathLensMaster - INFO - [optimization] Gen 1 eval:  23%|##3       | 7/30 [00:01<00:03,  7.52it/s][A
2026-01-01 08:44:45,988 - PathLensMaster - INFO - [optimization] Gen 1 eval:  30%|###       | 9/30 [00:01<00:03,  6.86it/s][A
2026-01-01 08:44:46,207 - PathLensMaster - INFO - [optimization] Gen 1 eval:  37%|###6      | 11/30 [00:01<00:02,  7.67it/s][A
2026-01-01 08:44:46,318 - PathLensMaster - INFO - [optimization] Gen 1 eval:  40%|####      | 12/30 [00:01<00:02,  6.71it/s][A
2026-01-01 08:44:46,443 - PathLensMaster - INFO - [optimization] Gen 1 eval:  43%|####3     | 13/30 [00:02<00:02,  7.13it/s][A
2026-01-01 08:44:46,570 - PathLensMaster - INFO - [optimization] Gen 1 eval:  50%|#####     | 15/30 [00:02<00:01,  9.15it/s][A
2026-01-01 08:44:46,898 - PathLensMaster - INFO - [optimization] Gen 1 eval:  57%|#####6    | 17/30 [00:02<00:01, 10.82it/s][A
2026-01-01 08:44:47,059 - PathLensMaster - INFO - [optimization] Gen 1 eval:  63%|######3   | 19/30 [00:02<00:01,  8.54it/s][A
2026-01-01 08:44:47,357 - PathLensMaster - INFO - [optimization] Gen 1 eval:  70%|#######   | 21/30 [00:02<00:00,  9.52it/s][A
2026-01-01 08:44:47,655 - PathLensMaster - INFO - [optimization] Gen 1 eval:  77%|#######6  | 23/30 [00:03<00:00,  8.39it/s][A
2026-01-01 08:44:47,751 - PathLensMaster - INFO - [optimization] Gen 1 eval:  87%|########6 | 26/30 [00:03<00:00,  9.02it/s][A
2026-01-01 08:44:47,753 - PathLensMaster - INFO - [optimization]                                                            [A
2026-01-01 08:45:22,085 - PathLensMaster - INFO - [optimization] Gen 1 local_search:   0%|          | 0/5 [00:00<?, ?it/s][A
2026-01-01 08:45:57,391 - PathLensMaster - INFO - [optimization] Gen 1 local_search:  20%|##        | 1/5 [00:34<02:17, 34.33s/it][A
2026-01-01 08:46:29,451 - PathLensMaster - INFO - [optimization] Gen 1 local_search:  40%|####      | 2/5 [01:09<01:44, 34.90s/it][A
2026-01-01 08:47:01,932 - PathLensMaster - INFO - [optimization] Gen 1 local_search:  60%|######    | 3/5 [01:41<01:07, 33.61s/it][A
2026-01-01 08:47:34,914 - PathLensMaster - INFO - [optimization] Gen 1 local_search:  80%|########  | 4/5 [02:14<00:33, 33.16s/it][A
2026-01-01 08:47:34,914 - PathLensMaster - INFO - [optimization] Gen 1 local_search: 100%|##########| 5/5 [02:47<00:00, 33.10s/it][A
2026-01-01 08:47:34,914 - PathLensMaster - INFO - [optimization]                                                                  [A2026-01-01 08:47:34,914 [INFO] Generation 1 best fitness 0.0000 | template=None | placements={'school': 20, 'hospital': 20, 'pharmacy': 20, 'supermarket': 20, 'bus_station': 20, 'park': 20} | elapsed=170.63s
2026-01-01 08:47:34,926 - PathLensMaster - INFO - [optimization] Generations: 100%|##########| 1/1 [02:50<00:00, 170.65s/gen]
2026-01-01 08:47:34,926 - PathLensMaster - INFO - [optimization] Generations: 100%|##########| 1/1 [02:50<00:00, 170.65s/gen]
2026-01-01 08:47:34,926 - PathLensMaster - INFO - [optimization] 2026-01-01 08:47:34,926 [INFO] GA complete. Summary written to D:\ENGG\EL\5th sem\MAIN_EL\PathLens\data\optimization\runs\summary.json | total elapsed 182.43s
2026-01-01 08:47:34,927 - PathLensMaster - INFO - [optimization] 2026-01-01 08:47:34,927 [INFO] Best candidate: bus_station:10206640491,10206649677,10206649678,10206651836,11402931726,11403024188,11403024197,11886145802,3527684832,6749078127,6749764304,7089243661,7089247218,7090520511,7090520583,7090556074,7090556079,7090556080,7482957256,9781149511|hospital:10187694723,11431558280,12738316920,12738316924,12738357302,1588453602,2248079762,2248079776,2248079832,2248079848,2248079859,2396285202,3034669668,3034669694,3034669705,7279290962,7331215226,7383827842,7467062446,9605401075|park:11432074469,12686262443,12686262444,12686262451,12686348965,12686348988,12768091261,12768091262,12768091263,4948727361,5286433518,7279290962,7331215149,7383827876,7383997826,7383997864,7383997874,7383997877,7384110691,7467062470|pharmacy:11235520042,11411896081,11431558280,12738316922,12768091263,2247838145,2419063855,3034669667,3034669672,3034669708,4948727366,7279290952,7279291006,7279291028,7279291155,7384110715,7384411563,7428873737,7428873776,9605401068|school:10181924588,10187694723,10206949507,11411801235,11411896071,11411896073,11412099965,13254533797,2146206157,2248079859,2248079933,2250670196,420079001,4948727359,7331215076,7413982733,7413982743,7425452606,7428873775,7428873777|supermarket:10208699808,10208740948,11381108850,12157495769,12157495770,12686348963,12738270730,12738296166,12738357302,12768091262,12768091263,2419063863,7279261775,7383997868,7383997870,7384110696,7451032924,9605401034,9605401099,9976821048
2026-01-01 08:47:36,623 - PathLensMaster - INFO - [optimization] 2026-01-01 08:47:36,623 - __main__ - INFO - Run hybrid genetic algorithm with MILP refinement completed successfully
2026-01-01 08:47:36,624 - PathLensMaster - INFO - [optimization] 2026-01-01 08:47:36,623 - __main__ - INFO - ================================================================================
2026-01-01 08:47:36,624 - PathLensMaster - INFO - [optimization] 2026-01-01 08:47:36,624 - __main__ - INFO - > Generate combined POI GeoJSON and map
2026-01-01 08:47:36,624 - PathLensMaster - INFO - [optimization] 2026-01-01 08:47:36,624 - __main__ - INFO - ================================================================================
2026-01-01 08:47:36,624 - PathLensMaster - INFO - [optimization] 2026-01-01 08:47:36,624 - __main__ - INFO - Command: d:\engg\el\5th sem\main_el\pathlens\venv\scripts\python.exe D:\ENGG\EL\5th sem\MAIN_EL\PathLens\optimization-pipeline\generate_solution_map.py
2026-01-01 08:47:39,725 - PathLensMaster - INFO - [optimization] 2026-01-01 08:47:39,724 [INFO] Loading best candidate from D:\ENGG\EL\5th sem\MAIN_EL\PathLens\data\optimization\runs\best_candidate.json
2026-01-01 08:47:39,727 - PathLensMaster - INFO - [optimization] 2026-01-01 08:47:39,727 [INFO] Loaded 6 amenity types with 120 total POI placements
2026-01-01 08:47:40,076 - PathLensMaster - INFO - [optimization] Collecting optimized POIs:   0%|          | 0/6 [00:00<?, ?it/s]
2026-01-01 08:47:40,085 - PathLensMaster - INFO - [optimization] 2026-01-01 08:47:40,085 [INFO] Loading existing POIs from cache: D:\ENGG\EL\5th sem\MAIN_EL\PathLens\data\raw\osm\pois.parquet
2026-01-01 08:47:41,419 - PathLensMaster - INFO - [optimization] 2026-01-01 08:47:41,418 [INFO] Loaded 40436 existing POIs from cache (fast!)
2026-01-01 08:47:41,600 - PathLensMaster - INFO - [optimization] 2026-01-01 08:47:41,600 [INFO] Combined GeoJSON already exists at D:\ENGG\EL\5th sem\MAIN_EL\PathLens\data\optimization\runs\poi_mapping.geojson, skipping write (use --force to overwrite)
2026-01-01 08:47:42,152 - PathLensMaster - INFO - [optimization] 2026-01-01 08:47:42,151 [INFO] Recomputing optimized accessibility metrics for 6 amenity types.
2026-01-01 08:47:42,152 - PathLensMaster - INFO - [optimization] 2026-01-01 08:47:42,152 [INFO] Loading graph from D:\ENGG\EL\5th sem\MAIN_EL\PathLens\data\processed\graph.graphml
2026-01-01 08:48:32,459 - PathLensMaster - INFO - [optimization] 2026-01-01 08:48:32,458 [INFO] Converting graph to GeoDataFrame...
2026-01-01 08:48:35,425 - PathLensMaster - INFO - [optimization] Validating placements:   0%|          | 0/120 [00:00<?, ?it/s]
2026-01-01 08:48:35,429 - PathLensMaster - INFO - [optimization] 2026-01-01 08:48:35,429 [INFO] Computing nearest amenity distances for 120 placements...
2026-01-01 08:48:35,431 - PathLensMaster - INFO - [optimization] Building POI-node index: 120 pois
2026-01-01 08:48:35,431 - PathLensMaster - INFO - [optimization] Building POI-node index: 12/120 (10%)
2026-01-01 08:48:35,431 - PathLensMaster - INFO - [optimization] Building POI-node index: 24/120 (20%)
2026-01-01 08:48:35,431 - PathLensMaster - INFO - [optimization] Building POI-node index: 36/120 (30%)
2026-01-01 08:48:35,431 - PathLensMaster - INFO - [optimization] Building POI-node index: 48/120 (40%)
2026-01-01 08:48:35,431 - PathLensMaster - INFO - [optimization] Building POI-node index: 60/120 (50%)
2026-01-01 08:48:35,431 - PathLensMaster - INFO - [optimization] Building POI-node index: 72/120 (60%)
2026-01-01 08:48:35,431 - PathLensMaster - INFO - [optimization] Building POI-node index: 84/120 (70%)
2026-01-01 08:48:35,431 - PathLensMaster - INFO - [optimization] Building POI-node index: 96/120 (80%)
2026-01-01 08:48:35,431 - PathLensMaster - INFO - [optimization] Building POI-node index: 108/120 (90%)
2026-01-01 08:48:35,432 - PathLensMaster - INFO - [optimization] Building POI-node index: 120/120 (100%)
2026-01-01 08:48:35,442 - PathLensMaster - INFO - [optimization] Computing network distances for 6 amenity types...
2026-01-01 08:48:35,442 - PathLensMaster - INFO - [optimization] Computing accessibility distances: 6 amenity_types
2026-01-01 08:48:35,443 - PathLensMaster - INFO - [optimization] Computing accessibility distances: 1/6 (16%)
2026-01-01 08:48:35,443 - PathLensMaster - INFO - [optimization] Computing accessibility distances: 2/6 (33%)
2026-01-01 08:48:35,444 - PathLensMaster - INFO - [optimization] Computing accessibility distances: 3/6 (50%)
2026-01-01 08:48:35,445 - PathLensMaster - INFO - [optimization] Computing accessibility distances: 4/6 (66%)
2026-01-01 08:48:35,446 - PathLensMaster - INFO - [optimization] Computing accessibility distances: 5/6 (83%)
2026-01-01 08:48:35,447 - PathLensMaster - INFO - [optimization] Computing accessibility distances: 6/6 (100%)
2026-01-01 08:48:35,613 - PathLensMaster - INFO - [optimization] 2026-01-01 08:48:35,612 [INFO] Computing accessibility scores for 182191 nodes...
2026-01-01 08:48:35,638 - PathLensMaster - INFO - [optimization] 2026-01-01 08:48:35,637 [INFO] Computing travel time metrics...
2026-01-01 08:48:35,812 - PathLensMaster - INFO - [optimization] 2026-01-01 08:48:35,812 [INFO] Computing composite walkability scores...
2026-01-01 08:48:36,081 - PathLensMaster - INFO - [optimization] 2026-01-01 08:48:36,080 [INFO] Saving optimized scores to output files...
2026-01-01 08:48:45,248 - PathLensMaster - INFO - [optimization] 2026-01-01 08:48:45,248 [INFO] Optimized scores saved to D:\ENGG\EL\5th sem\MAIN_EL\PathLens\data\optimization\runs\optimized_nodes_with_scores.parquet, D:\ENGG\EL\5th sem\MAIN_EL\PathLens\data\optimization\runs\optimized_nodes_with_scores.csv, and D:\ENGG\EL\5th sem\MAIN_EL\PathLens\data\optimization\runs\optimized_metrics_summary.json
2026-01-01 08:48:47,622 - PathLensMaster - INFO - [optimization] 2026-01-01 08:48:47,621 - __main__ - INFO - Generate combined POI GeoJSON and map completed successfully
2026-01-01 08:48:47,622 - PathLensMaster - INFO - [optimization] 2026-01-01 08:48:47,622 - __main__ - INFO - ================================================================================
2026-01-01 08:48:47,622 - PathLensMaster - INFO - [optimization] 2026-01-01 08:48:47,622 - __main__ - INFO - > Run optimization pipeline orchestrator
2026-01-01 08:48:47,622 - PathLensMaster - INFO - [optimization] 2026-01-01 08:48:47,622 - __main__ - INFO - ================================================================================
2026-01-01 08:48:47,622 - PathLensMaster - INFO - [optimization] 2026-01-01 08:48:47,622 - __main__ - INFO - Command: d:\engg\el\5th sem\main_el\pathlens\venv\scripts\python.exe D:\ENGG\EL\5th sem\MAIN_EL\PathLens\optimization-pipeline\run_optimized_pipeline.py --baseline-prefix baseline --optimized-prefix optimized --skip-map
2026-01-01 08:48:47,783 - PathLensMaster - INFO - [optimization] 2026-01-01 08:48:47,782 [INFO] PathLensOptimizedPipeline - Beginning pipeline run with 2 steps
2026-01-01 08:48:47,783 - PathLensMaster - INFO - [optimization] 2026-01-01 08:48:47,783 [INFO] PathLensOptimizedPipeline - Skipping baseline graph build; reusing D:\ENGG\EL\5th sem\MAIN_EL\PathLens\data\processed\baseline_graph.graphml
2026-01-01 08:48:47,784 - PathLensMaster - INFO - [optimization] 2026-01-01 08:48:47,783 [INFO] PathLensOptimizedPipeline - Skipping optimized graph build; reusing D:\ENGG\EL\5th sem\MAIN_EL\PathLens\data\processed\optimized_graph.graphml
2026-01-01 08:48:47,784 - PathLensMaster - INFO - [optimization] 2026-01-01 08:48:47,784 [INFO] PathLensOptimizedPipeline - Starting step: [Step 1/2] Compute baseline scoring outputs
2026-01-01 08:48:47,784 - PathLensMaster - INFO - [optimization] 2026-01-01 08:48:47,784 [INFO] PathLensOptimizedPipeline - Executing command: d:\engg\el\5th sem\main_el\pathlens\venv\scripts\python.exe -u D:\ENGG\EL\5th sem\MAIN_EL\PathLens\data-pipeline\compute_scores.py --graph-path D:\ENGG\EL\5th sem\MAIN_EL\PathLens\data\processed\baseline_graph.graphml --poi-mapping D:\ENGG\EL\5th sem\MAIN_EL\PathLens\data\processed\baseline_poi_node_mapping.parquet --pois-path D:\ENGG\EL\5th sem\MAIN_EL\PathLens\data\raw\osm\pois.parquet --out-dir D:\ENGG\EL\5th sem\MAIN_EL\PathLens\data\analysis --config D:\ENGG\EL\5th sem\MAIN_EL\PathLens\config.yaml --output-prefix baseline
2026-01-01 08:48:50,445 - PathLensMaster - INFO - [optimization] 2026-01-01 08:48:50,445 [INFO] PathLensOptimizedPipeline - [Step 1/2] Loading graph and POI mapping...
2026-01-01 08:49:34,822 - PathLensMaster - INFO - [optimization] 2026-01-01 08:49:34,821 [INFO] PathLensOptimizedPipeline - [Step 1/2] Graph loaded: 182191 nodes, 487510 edges
2026-01-01 08:49:37,610 - PathLensMaster - INFO - [optimization] 2026-01-01 08:49:37,610 [INFO] PathLensOptimizedPipeline - [Step 1/2] Extracted 182191 nodes as GeoDataFrame
2026-01-01 08:49:37,698 - PathLensMaster - INFO - [optimization] 2026-01-01 08:49:37,698 [INFO] PathLensOptimizedPipeline - [Step 1/2] Loaded POI mapping: 40436 POIs
2026-01-01 08:49:37,698 - PathLensMaster - INFO - [optimization] 2026-01-01 08:49:37,698 [INFO] PathLensOptimizedPipeline - [Step 1/2] Loading POIs from D:\ENGG\EL\5th sem\MAIN_EL\PathLens\data\raw\osm\pois.parquet (fast!)...
2026-01-01 08:49:39,000 - PathLensMaster - INFO - [optimization] 2026-01-01 08:49:39,000 [INFO] PathLensOptimizedPipeline - [Step 1/2] Loaded 40436 POIs from parquet in ~1.5s
2026-01-01 08:49:40,221 - PathLensMaster - INFO - [optimization] 2026-01-01 08:49:40,220 [INFO] PathLensOptimizedPipeline - [Step 1/2] [COMPUTE] Computing structure metrics...
2026-01-01 08:49:41,031 - PathLensMaster - INFO - [optimization] 2026-01-01 08:49:41,031 [INFO] PathLensOptimizedPipeline - [Step 1/2] Computing structure metrics: 182191 nodes
2026-01-01 08:49:41,483 - PathLensMaster - INFO - [optimization] 2026-01-01 08:49:41,483 [INFO] PathLensOptimizedPipeline - [Step 1/2] Computing structure metrics: 18219/182191 (9%)
2026-01-01 08:49:42,022 - PathLensMaster - INFO - [optimization] 2026-01-01 08:49:42,022 [INFO] PathLensOptimizedPipeline - [Step 1/2] Computing structure metrics: 36438/182191 (19%)
2026-01-01 08:49:42,563 - PathLensMaster - INFO - [optimization] 2026-01-01 08:49:42,563 [INFO] PathLensOptimizedPipeline - [Step 1/2] Computing structure metrics: 54657/182191 (29%)
2026-01-01 08:49:43,002 - PathLensMaster - INFO - [optimization] 2026-01-01 08:49:43,001 [INFO] PathLensOptimizedPipeline - [Step 1/2] Computing structure metrics: 72876/182191 (39%)
2026-01-01 08:49:43,459 - PathLensMaster - INFO - [optimization] 2026-01-01 08:49:43,458 [INFO] PathLensOptimizedPipeline - [Step 1/2] Computing structure metrics: 91095/182191 (49%)
2026-01-01 08:49:43,964 - PathLensMaster - INFO - [optimization] 2026-01-01 08:49:43,964 [INFO] PathLensOptimizedPipeline - [Step 1/2] Computing structure metrics: 109314/182191 (59%)
2026-01-01 08:49:44,412 - PathLensMaster - INFO - [optimization] 2026-01-01 08:49:44,411 [INFO] PathLensOptimizedPipeline - [Step 1/2] Computing structure metrics: 127533/182191 (69%)
2026-01-01 08:49:44,902 - PathLensMaster - INFO - [optimization] 2026-01-01 08:49:44,901 [INFO] PathLensOptimizedPipeline - [Step 1/2] Computing structure metrics: 145752/182191 (79%)
2026-01-01 08:49:45,314 - PathLensMaster - INFO - [optimization] 2026-01-01 08:49:45,314 [INFO] PathLensOptimizedPipeline - [Step 1/2] Computing structure metrics: 163971/182191 (89%)
2026-01-01 08:49:45,753 - PathLensMaster - INFO - [optimization] 2026-01-01 08:49:45,753 [INFO] PathLensOptimizedPipeline - [Step 1/2] Computing structure metrics: 182190/182191 (99%)
2026-01-01 08:49:45,753 - PathLensMaster - INFO - [optimization] 2026-01-01 08:49:45,753 [INFO] PathLensOptimizedPipeline - [Step 1/2] Computing structure metrics: 182191/182191 (100%)
2026-01-01 08:49:46,352 - PathLensMaster - INFO - [optimization] 2026-01-01 08:49:46,352 [INFO] PathLensOptimizedPipeline - [Step 1/2] Computing betweenness centrality (sampling 150 nodes)...
2026-01-01 09:00:15,863 - PathLensMaster - INFO - [optimization] 2026-01-01 09:00:15,863 [INFO] PathLensOptimizedPipeline - [Step 1/2] [CACHE] Saved to cache: structure_cba848908f9a341d13b87cdbaa0e971b.pkl
2026-01-01 09:00:15,863 - PathLensMaster - INFO - [optimization] 2026-01-01 09:00:15,863 [INFO] PathLensOptimizedPipeline - [Step 1/2] [COMPUTE] Computing amenity distances...
2026-01-01 09:00:15,872 - PathLensMaster - INFO - [optimization] 2026-01-01 09:00:15,871 [INFO] PathLensOptimizedPipeline - [Step 1/2] Building POI-node index: 40436 pois
2026-01-01 09:00:15,884 - PathLensMaster - INFO - [optimization] 2026-01-01 09:00:15,884 [INFO] PathLensOptimizedPipeline - [Step 1/2] Building POI-node index: 4043/40436 (9%)
2026-01-01 09:00:15,897 - PathLensMaster - INFO - [optimization] 2026-01-01 09:00:15,897 [INFO] PathLensOptimizedPipeline - [Step 1/2] Building POI-node index: 8086/40436 (19%)
2026-01-01 09:00:15,916 - PathLensMaster - INFO - [optimization] 2026-01-01 09:00:15,916 [INFO] PathLensOptimizedPipeline - [Step 1/2] Building POI-node index: 12129/40436 (29%)
2026-01-01 09:00:15,927 - PathLensMaster - INFO - [optimization] 2026-01-01 09:00:15,926 [INFO] PathLensOptimizedPipeline - [Step 1/2] Building POI-node index: 16172/40436 (39%)
2026-01-01 09:00:15,937 - PathLensMaster - INFO - [optimization] 2026-01-01 09:00:15,936 [INFO] PathLensOptimizedPipeline - [Step 1/2] Building POI-node index: 20215/40436 (49%)
2026-01-01 09:00:15,948 - PathLensMaster - INFO - [optimization] 2026-01-01 09:00:15,948 [INFO] PathLensOptimizedPipeline - [Step 1/2] Building POI-node index: 24258/40436 (59%)
2026-01-01 09:00:15,959 - PathLensMaster - INFO - [optimization] 2026-01-01 09:00:15,958 [INFO] PathLensOptimizedPipeline - [Step 1/2] Building POI-node index: 28301/40436 (69%)
2026-01-01 09:00:15,969 - PathLensMaster - INFO - [optimization] 2026-01-01 09:00:15,969 [INFO] PathLensOptimizedPipeline - [Step 1/2] Building POI-node index: 32344/40436 (79%)
2026-01-01 09:00:15,980 - PathLensMaster - INFO - [optimization] 2026-01-01 09:00:15,980 [INFO] PathLensOptimizedPipeline - [Step 1/2] Building POI-node index: 36387/40436 (89%)
2026-01-01 09:00:15,991 - PathLensMaster - INFO - [optimization] 2026-01-01 09:00:15,990 [INFO] PathLensOptimizedPipeline - [Step 1/2] Building POI-node index: 40430/40436 (99%)
2026-01-01 09:00:15,991 - PathLensMaster - INFO - [optimization] 2026-01-01 09:00:15,991 [INFO] PathLensOptimizedPipeline - [Step 1/2] Building POI-node index: 40436/40436 (100%)
2026-01-01 09:00:16,174 - PathLensMaster - INFO - [optimization] 2026-01-01 09:00:16,174 [INFO] PathLensOptimizedPipeline - [Step 1/2] Computing network distances for 6 amenity types...
2026-01-01 09:00:16,174 - PathLensMaster - INFO - [optimization] 2026-01-01 09:00:16,174 [INFO] PathLensOptimizedPipeline - [Step 1/2] Computing accessibility distances: 6 amenity_types
2026-01-01 09:00:16,174 - PathLensMaster - INFO - [optimization] 2026-01-01 09:00:16,174 [INFO] PathLensOptimizedPipeline - [Step 1/2] Computing accessibility distances: 1/6 (16%)
2026-01-01 09:00:18,508 - PathLensMaster - INFO - [optimization] 2026-01-01 09:00:18,508 [INFO] PathLensOptimizedPipeline - [Step 1/2] Computing accessibility distances: 2/6 (33%)
2026-01-01 09:00:20,614 - PathLensMaster - INFO - [optimization] 2026-01-01 09:00:20,614 [INFO] PathLensOptimizedPipeline - [Step 1/2] Computing accessibility distances: 3/6 (50%)
2026-01-01 09:00:22,826 - PathLensMaster - INFO - [optimization] 2026-01-01 09:00:22,826 [INFO] PathLensOptimizedPipeline - [Step 1/2] Computing accessibility distances: 4/6 (66%)
2026-01-01 09:00:25,040 - PathLensMaster - INFO - [optimization] 2026-01-01 09:00:25,039 [INFO] PathLensOptimizedPipeline - [Step 1/2] Computing accessibility distances: 5/6 (83%)
2026-01-01 09:00:27,158 - PathLensMaster - INFO - [optimization] 2026-01-01 09:00:27,158 [INFO] PathLensOptimizedPipeline - [Step 1/2] Computing accessibility distances: 6/6 (100%)
2026-01-01 09:00:29,421 - PathLensMaster - INFO - [optimization] 2026-01-01 09:00:29,421 [INFO] PathLensOptimizedPipeline - [Step 1/2] [CACHE] Saved to cache: distances_210b24d9bfce4890efe745ce196819e3.pkl
2026-01-01 09:00:42,761 - PathLensMaster - INFO - [optimization] 2026-01-01 09:00:42,761 [INFO] PathLensOptimizedPipeline - [Step 1/2] Computing H3 hexagons (resolution 8)...
2026-01-01 09:00:42,762 - PathLensMaster - INFO - [optimization] 2026-01-01 09:00:42,761 [INFO] PathLensOptimizedPipeline - [Step 1/2] Computing H3 indexes: 182191 nodes
2026-01-01 09:00:42,806 - PathLensMaster - INFO - [optimization] 2026-01-01 09:00:42,806 [INFO] PathLensOptimizedPipeline - [Step 1/2] Computing H3 indexes: 18219/182191 (9%)
2026-01-01 09:00:42,857 - PathLensMaster - INFO - [optimization] 2026-01-01 09:00:42,857 [INFO] PathLensOptimizedPipeline - [Step 1/2] Computing H3 indexes: 36438/182191 (19%)
2026-01-01 09:00:42,912 - PathLensMaster - INFO - [optimization] 2026-01-01 09:00:42,911 [INFO] PathLensOptimizedPipeline - [Step 1/2] Computing H3 indexes: 54657/182191 (29%)
2026-01-01 09:00:42,973 - PathLensMaster - INFO - [optimization] 2026-01-01 09:00:42,973 [INFO] PathLensOptimizedPipeline - [Step 1/2] Computing H3 indexes: 72876/182191 (39%)
2026-01-01 09:00:43,027 - PathLensMaster - INFO - [optimization] 2026-01-01 09:00:43,027 [INFO] PathLensOptimizedPipeline - [Step 1/2] Computing H3 indexes: 91095/182191 (49%)
2026-01-01 09:00:43,069 - PathLensMaster - INFO - [optimization] 2026-01-01 09:00:43,069 [INFO] PathLensOptimizedPipeline - [Step 1/2] Computing H3 indexes: 109314/182191 (59%)
2026-01-01 09:00:43,113 - PathLensMaster - INFO - [optimization] 2026-01-01 09:00:43,112 [INFO] PathLensOptimizedPipeline - [Step 1/2] Computing H3 indexes: 127533/182191 (69%)
2026-01-01 09:00:43,157 - PathLensMaster - INFO - [optimization] 2026-01-01 09:00:43,157 [INFO] PathLensOptimizedPipeline - [Step 1/2] Computing H3 indexes: 145752/182191 (79%)
2026-01-01 09:00:43,199 - PathLensMaster - INFO - [optimization] 2026-01-01 09:00:43,199 [INFO] PathLensOptimizedPipeline - [Step 1/2] Computing H3 indexes: 163971/182191 (89%)
2026-01-01 09:00:43,244 - PathLensMaster - INFO - [optimization] 2026-01-01 09:00:43,244 [INFO] PathLensOptimizedPipeline - [Step 1/2] Computing H3 indexes: 182190/182191 (99%)
2026-01-01 09:00:43,245 - PathLensMaster - INFO - [optimization] 2026-01-01 09:00:43,244 [INFO] PathLensOptimizedPipeline - [Step 1/2] Computing H3 indexes: 182191/182191 (100%)
2026-01-01 09:00:43,351 - PathLensMaster - INFO - [optimization] 2026-01-01 09:00:43,351 [INFO] PathLensOptimizedPipeline - [Step 1/2] [NORMALIZE] Normalizing scores to 1-100 scale...
2026-01-01 09:02:48,656 - PathLensMaster - INFO - [optimization] 2026-01-01 09:02:48,656 [INFO] PathLensOptimizedPipeline - [Step 1/2] Saved node-level scores and H3 aggregates to D:\ENGG\EL\5th sem\MAIN_EL\PathLens\data\analysis (prefix='baseline_')
2026-01-01 09:02:50,988 - PathLensMaster - INFO - [optimization] 2026-01-01 09:02:50,988 [INFO] PathLensOptimizedPipeline - Step completed: Compute baseline scoring outputs (843.2s)
2026-01-01 09:02:50,989 - PathLensMaster - INFO - [optimization] 2026-01-01 09:02:50,989 [INFO] PathLensOptimizedPipeline - Starting step: [Step 2/2] Compute optimized scoring outputs
2026-01-01 09:02:50,989 - PathLensMaster - INFO - [optimization] 2026-01-01 09:02:50,989 [INFO] PathLensOptimizedPipeline - Executing command: d:\engg\el\5th sem\main_el\pathlens\venv\scripts\python.exe -u D:\ENGG\EL\5th sem\MAIN_EL\PathLens\data-pipeline\compute_scores.py --graph-path D:\ENGG\EL\5th sem\MAIN_EL\PathLens\data\processed\optimized_graph.graphml --poi-mapping D:\ENGG\EL\5th sem\MAIN_EL\PathLens\data\processed\optimized_poi_node_mapping.parquet --pois-path D:\ENGG\EL\5th sem\MAIN_EL\PathLens\data\optimization\runs\merged_pois.geojson --out-dir D:\ENGG\EL\5th sem\MAIN_EL\PathLens\data\analysis --config D:\ENGG\EL\5th sem\MAIN_EL\PathLens\config.yaml --output-prefix optimized
2026-01-01 09:02:53,862 - PathLensMaster - INFO - [optimization] 2026-01-01 09:02:53,862 [INFO] PathLensOptimizedPipeline - [Step 2/2] Loading graph and POI mapping...
2026-01-01 09:03:39,682 - PathLensMaster - INFO - [optimization] 2026-01-01 09:03:39,682 [INFO] PathLensOptimizedPipeline - [Step 2/2] Graph loaded: 182191 nodes, 487510 edges
2026-01-01 09:03:42,577 - PathLensMaster - INFO - [optimization] 2026-01-01 09:03:42,577 [INFO] PathLensOptimizedPipeline - [Step 2/2] Extracted 182191 nodes as GeoDataFrame
2026-01-01 09:03:42,703 - PathLensMaster - INFO - [optimization] 2026-01-01 09:03:42,703 [INFO] PathLensOptimizedPipeline - [Step 2/2] Loaded POI mapping: 40556 POIs
2026-01-01 09:03:42,703 - PathLensMaster - INFO - [optimization] 2026-01-01 09:03:42,703 [INFO] PathLensOptimizedPipeline - [Step 2/2] Loading POIs from D:\ENGG\EL\5th sem\MAIN_EL\PathLens\data\optimization\runs\merged_pois.geojson (slow, ~30s)...
2026-01-01 09:19:06,336 - PathLensMaster - INFO - [optimization] 2026-01-01 09:19:06,335 [INFO] PathLensOptimizedPipeline - [Step 2/2] Loaded 3622 POIs from file
2026-01-01 09:19:06,445 - PathLensMaster - INFO - [optimization] 2026-01-01 09:19:06,445 [INFO] PathLensOptimizedPipeline - [Step 2/2] [COMPUTE] Computing structure metrics...
2026-01-01 09:19:07,134 - PathLensMaster - INFO - [optimization] 2026-01-01 09:19:07,134 [INFO] PathLensOptimizedPipeline - [Step 2/2] Computing structure metrics: 182191 nodes
2026-01-01 09:19:07,593 - PathLensMaster - INFO - [optimization] 2026-01-01 09:19:07,593 [INFO] PathLensOptimizedPipeline - [Step 2/2] Computing structure metrics: 18219/182191 (9%)
2026-01-01 09:19:08,098 - PathLensMaster - INFO - [optimization] 2026-01-01 09:19:08,098 [INFO] PathLensOptimizedPipeline - [Step 2/2] Computing structure metrics: 36438/182191 (19%)
2026-01-01 09:19:08,557 - PathLensMaster - INFO - [optimization] 2026-01-01 09:19:08,557 [INFO] PathLensOptimizedPipeline - [Step 2/2] Computing structure metrics: 54657/182191 (29%)
2026-01-01 09:19:09,042 - PathLensMaster - INFO - [optimization] 2026-01-01 09:19:09,041 [INFO] PathLensOptimizedPipeline - [Step 2/2] Computing structure metrics: 72876/182191 (39%)
2026-01-01 09:19:09,479 - PathLensMaster - INFO - [optimization] 2026-01-01 09:19:09,478 [INFO] PathLensOptimizedPipeline - [Step 2/2] Computing structure metrics: 91095/182191 (49%)
2026-01-01 09:19:09,920 - PathLensMaster - INFO - [optimization] 2026-01-01 09:19:09,919 [INFO] PathLensOptimizedPipeline - [Step 2/2] Computing structure metrics: 109314/182191 (59%)
2026-01-01 09:19:10,390 - PathLensMaster - INFO - [optimization] 2026-01-01 09:19:10,390 [INFO] PathLensOptimizedPipeline - [Step 2/2] Computing structure metrics: 127533/182191 (69%)
2026-01-01 09:19:10,824 - PathLensMaster - INFO - [optimization] 2026-01-01 09:19:10,824 [INFO] PathLensOptimizedPipeline - [Step 2/2] Computing structure metrics: 145752/182191 (79%)
2026-01-01 09:19:11,274 - PathLensMaster - INFO - [optimization] 2026-01-01 09:19:11,273 [INFO] PathLensOptimizedPipeline - [Step 2/2] Computing structure metrics: 163971/182191 (89%)
2026-01-01 09:19:11,725 - PathLensMaster - INFO - [optimization] 2026-01-01 09:19:11,725 [INFO] PathLensOptimizedPipeline - [Step 2/2] Computing structure metrics: 182190/182191 (99%)
2026-01-01 09:19:11,725 - PathLensMaster - INFO - [optimization] 2026-01-01 09:19:11,725 [INFO] PathLensOptimizedPipeline - [Step 2/2] Computing structure metrics: 182191/182191 (100%)
2026-01-01 09:19:12,323 - PathLensMaster - INFO - [optimization] 2026-01-01 09:19:12,323 [INFO] PathLensOptimizedPipeline - [Step 2/2] Computing betweenness centrality (sampling 150 nodes)...
2026-01-01 09:31:03,531 - PathLensMaster - INFO - [optimization] 2026-01-01 09:31:03,530 [INFO] PathLensOptimizedPipeline - [Step 2/2] [CACHE] Saved to cache: structure_2d1218cdcaca93a3da863a9f3f312349.pkl
2026-01-01 09:31:03,531 - PathLensMaster - INFO - [optimization] 2026-01-01 09:31:03,531 [INFO] PathLensOptimizedPipeline - [Step 2/2] [COMPUTE] Computing amenity distances...
2026-01-01 09:31:03,537 - PathLensMaster - INFO - [optimization] 2026-01-01 09:31:03,537 [INFO] PathLensOptimizedPipeline - [Step 2/2] Building POI-node index: 40556 pois
2026-01-01 09:31:03,550 - PathLensMaster - INFO - [optimization] 2026-01-01 09:31:03,550 [INFO] PathLensOptimizedPipeline - [Step 2/2] Building POI-node index: 4055/40556 (9%)
2026-01-01 09:31:03,564 - PathLensMaster - INFO - [optimization] 2026-01-01 09:31:03,564 [INFO] PathLensOptimizedPipeline - [Step 2/2] Building POI-node index: 8110/40556 (19%)
2026-01-01 09:31:03,579 - PathLensMaster - INFO - [optimization] 2026-01-01 09:31:03,579 [INFO] PathLensOptimizedPipeline - [Step 2/2] Building POI-node index: 12165/40556 (29%)
2026-01-01 09:31:03,596 - PathLensMaster - INFO - [optimization] 2026-01-01 09:31:03,596 [INFO] PathLensOptimizedPipeline - [Step 2/2] Building POI-node index: 16220/40556 (39%)
2026-01-01 09:31:03,611 - PathLensMaster - INFO - [optimization] 2026-01-01 09:31:03,611 [INFO] PathLensOptimizedPipeline - [Step 2/2] Building POI-node index: 20275/40556 (49%)
2026-01-01 09:31:03,627 - PathLensMaster - INFO - [optimization] 2026-01-01 09:31:03,626 [INFO] PathLensOptimizedPipeline - [Step 2/2] Building POI-node index: 24330/40556 (59%)
2026-01-01 09:31:03,641 - PathLensMaster - INFO - [optimization] 2026-01-01 09:31:03,640 [INFO] PathLensOptimizedPipeline - [Step 2/2] Building POI-node index: 28385/40556 (69%)
2026-01-01 09:31:03,656 - PathLensMaster - INFO - [optimization] 2026-01-01 09:31:03,656 [INFO] PathLensOptimizedPipeline - [Step 2/2] Building POI-node index: 32440/40556 (79%)
2026-01-01 09:31:03,677 - PathLensMaster - INFO - [optimization] 2026-01-01 09:31:03,677 [INFO] PathLensOptimizedPipeline - [Step 2/2] Building POI-node index: 36495/40556 (89%)
2026-01-01 09:31:03,693 - PathLensMaster - INFO - [optimization] 2026-01-01 09:31:03,693 [INFO] PathLensOptimizedPipeline - [Step 2/2] Building POI-node index: 40550/40556 (99%)
2026-01-01 09:31:03,693 - PathLensMaster - INFO - [optimization] 2026-01-01 09:31:03,693 [INFO] PathLensOptimizedPipeline - [Step 2/2] Building POI-node index: 40556/40556 (100%)
2026-01-01 09:31:03,746 - PathLensMaster - INFO - [optimization] 2026-01-01 09:31:03,745 [INFO] PathLensOptimizedPipeline - [Step 2/2] Computing network distances for 6 amenity types...
2026-01-01 09:31:03,746 - PathLensMaster - INFO - [optimization] 2026-01-01 09:31:03,745 [INFO] PathLensOptimizedPipeline - [Step 2/2] Computing accessibility distances: 6 amenity_types
2026-01-01 09:31:03,746 - PathLensMaster - INFO - [optimization] 2026-01-01 09:31:03,746 [INFO] PathLensOptimizedPipeline - [Step 2/2] Computing accessibility distances: 1/6 (16%)
2026-01-01 09:31:05,891 - PathLensMaster - INFO - [optimization] 2026-01-01 09:31:05,890 [INFO] PathLensOptimizedPipeline - [Step 2/2] Computing accessibility distances: 2/6 (33%)
2026-01-01 09:31:07,970 - PathLensMaster - INFO - [optimization] 2026-01-01 09:31:07,969 [INFO] PathLensOptimizedPipeline - [Step 2/2] Computing accessibility distances: 3/6 (50%)
2026-01-01 09:31:09,987 - PathLensMaster - INFO - [optimization] 2026-01-01 09:31:09,987 [INFO] PathLensOptimizedPipeline - [Step 2/2] Computing accessibility distances: 4/6 (66%)
2026-01-01 09:31:12,148 - PathLensMaster - INFO - [optimization] 2026-01-01 09:31:12,147 [INFO] PathLensOptimizedPipeline - [Step 2/2] Computing accessibility distances: 5/6 (83%)
2026-01-01 09:31:14,007 - PathLensMaster - INFO - [optimization] 2026-01-01 09:31:14,007 [INFO] PathLensOptimizedPipeline - [Step 2/2] Computing accessibility distances: 6/6 (100%)
2026-01-01 09:31:16,015 - PathLensMaster - INFO - [optimization] 2026-01-01 09:31:16,015 [INFO] PathLensOptimizedPipeline - [Step 2/2] [CACHE] Saved to cache: distances_7431fea9a9cfd31377707c472d38fd85.pkl
2026-01-01 09:31:27,603 - PathLensMaster - INFO - [optimization] 2026-01-01 09:31:27,603 [INFO] PathLensOptimizedPipeline - [Step 2/2] Computing H3 hexagons (resolution 8)...
2026-01-01 09:31:27,604 - PathLensMaster - INFO - [optimization] 2026-01-01 09:31:27,603 [INFO] PathLensOptimizedPipeline - [Step 2/2] Computing H3 indexes: 182191 nodes
2026-01-01 09:31:27,647 - PathLensMaster - INFO - [optimization] 2026-01-01 09:31:27,647 [INFO] PathLensOptimizedPipeline - [Step 2/2] Computing H3 indexes: 18219/182191 (9%)
2026-01-01 09:31:27,687 - PathLensMaster - INFO - [optimization] 2026-01-01 09:31:27,687 [INFO] PathLensOptimizedPipeline - [Step 2/2] Computing H3 indexes: 36438/182191 (19%)
2026-01-01 09:31:27,729 - PathLensMaster - INFO - [optimization] 2026-01-01 09:31:27,728 [INFO] PathLensOptimizedPipeline - [Step 2/2] Computing H3 indexes: 54657/182191 (29%)
2026-01-01 09:31:27,770 - PathLensMaster - INFO - [optimization] 2026-01-01 09:31:27,770 [INFO] PathLensOptimizedPipeline - [Step 2/2] Computing H3 indexes: 72876/182191 (39%)
2026-01-01 09:31:27,826 - PathLensMaster - INFO - [optimization] 2026-01-01 09:31:27,826 [INFO] PathLensOptimizedPipeline - [Step 2/2] Computing H3 indexes: 91095/182191 (49%)
2026-01-01 09:31:27,897 - PathLensMaster - INFO - [optimization] 2026-01-01 09:31:27,896 [INFO] PathLensOptimizedPipeline - [Step 2/2] Computing H3 indexes: 109314/182191 (59%)
2026-01-01 09:31:27,973 - PathLensMaster - INFO - [optimization] 2026-01-01 09:31:27,971 [INFO] PathLensOptimizedPipeline - [Step 2/2] Computing H3 indexes: 127533/182191 (69%)
2026-01-01 09:31:28,047 - PathLensMaster - INFO - [optimization] 2026-01-01 09:31:28,047 [INFO] PathLensOptimizedPipeline - [Step 2/2] Computing H3 indexes: 145752/182191 (79%)
2026-01-01 09:31:28,113 - PathLensMaster - INFO - [optimization] 2026-01-01 09:31:28,113 [INFO] PathLensOptimizedPipeline - [Step 2/2] Computing H3 indexes: 163971/182191 (89%)
2026-01-01 09:31:28,169 - PathLensMaster - INFO - [optimization] 2026-01-01 09:31:28,169 [INFO] PathLensOptimizedPipeline - [Step 2/2] Computing H3 indexes: 182190/182191 (99%)
2026-01-01 09:31:28,170 - PathLensMaster - INFO - [optimization] 2026-01-01 09:31:28,169 [INFO] PathLensOptimizedPipeline - [Step 2/2] Computing H3 indexes: 182191/182191 (100%)
2026-01-01 09:31:28,285 - PathLensMaster - INFO - [optimization] 2026-01-01 09:31:28,285 [INFO] PathLensOptimizedPipeline - [Step 2/2] [NORMALIZE] Normalizing scores to 1-100 scale...
2026-01-01 09:33:43,147 - PathLensMaster - INFO - [optimization] 2026-01-01 09:33:43,147 [INFO] PathLensOptimizedPipeline - [Step 2/2] Saved node-level scores and H3 aggregates to D:\ENGG\EL\5th sem\MAIN_EL\PathLens\data\analysis (prefix='optimized_')
2026-01-01 09:33:45,333 - PathLensMaster - INFO - [optimization] 2026-01-01 09:33:45,333 [INFO] PathLensOptimizedPipeline - Step completed: Compute optimized scoring outputs (1854.3s)
2026-01-01 09:33:45,333 - PathLensMaster - INFO - [optimization] 2026-01-01 09:33:45,333 [INFO] PathLensOptimizedPipeline - Pipeline orchestration complete
2026-01-01 09:33:45,334 - PathLensMaster - INFO - [optimization] ================================================================================
2026-01-01 09:33:45,334 - PathLensMaster - INFO - [optimization] PathLens Optimization Pipeline
2026-01-01 09:33:45,334 - PathLensMaster - INFO - [optimization] Total steps to execute: 2
2026-01-01 09:33:45,334 - PathLensMaster - INFO - [optimization] ================================================================================
2026-01-01 09:33:45,334 - PathLensMaster - INFO - [optimization] [Skip] Baseline graph build (reusing baseline_graph.graphml)
2026-01-01 09:33:45,334 - PathLensMaster - INFO - [optimization] [Skip] Optimized graph build (reusing optimized_graph.graphml)
2026-01-01 09:33:45,334 - PathLensMaster - INFO - [optimization] ================================================================================
2026-01-01 09:33:45,335 - PathLensMaster - INFO - [optimization] [Step 1/2] Compute baseline scoring outputs
2026-01-01 09:33:45,335 - PathLensMaster - INFO - [optimization] ================================================================================
2026-01-01 09:33:45,335 - PathLensMaster - INFO - [optimization] Command: d:\engg\el\5th sem\main_el\pathlens\venv\scripts\python.exe -u D:\ENGG\EL\5th sem\MAIN_EL\PathLens\data-pipeline\compute_scores.py --graph-path D:\ENGG\EL\5th sem\MAIN_EL\PathLens\data\processed\baseline_graph.graphml --poi-mapping D:\ENGG\EL\5th sem\MAIN_EL\PathLens\data\processed\baseline_poi_node_mapping.parquet --pois-path D:\ENGG\EL\5th sem\MAIN_EL\PathLens\data\raw\osm\pois.parquet --out-dir D:\ENGG\EL\5th sem\MAIN_EL\PathLens\data\analysis --config D:\ENGG\EL\5th sem\MAIN_EL\PathLens\config.yaml --output-prefix baseline
2026-01-01 09:33:45,336 - PathLensMaster - INFO - [optimization] [Step 1/2] Loading graph and POI mapping...
2026-01-01 09:33:45,336 - PathLensMaster - INFO - [optimization] [Step 1/2] Graph loaded: 182191 nodes, 487510 edges
2026-01-01 09:33:45,336 - PathLensMaster - INFO - [optimization] [Step 1/2] Extracted 182191 nodes as GeoDataFrame
2026-01-01 09:33:45,336 - PathLensMaster - INFO - [optimization] [Step 1/2] Loaded POI mapping: 40436 POIs
2026-01-01 09:33:45,336 - PathLensMaster - INFO - [optimization] [Step 1/2] Loading POIs from D:\ENGG\EL\5th sem\MAIN_EL\PathLens\data\raw\osm\pois.parquet (fast!)...
2026-01-01 09:33:45,336 - PathLensMaster - INFO - [optimization] [Step 1/2] Loaded 40436 POIs from parquet in ~1.5s
2026-01-01 09:33:45,336 - PathLensMaster - INFO - [optimization] [Step 1/2] [COMPUTE] Computing structure metrics...
2026-01-01 09:33:45,336 - PathLensMaster - INFO - [optimization] [Step 1/2] Computing structure metrics: 182191 nodes
2026-01-01 09:33:45,336 - PathLensMaster - INFO - [optimization] [Step 1/2] Computing structure metrics: 18219/182191 (9%)
2026-01-01 09:33:45,336 - PathLensMaster - INFO - [optimization] [Step 1/2] Computing structure metrics: 36438/182191 (19%)
2026-01-01 09:33:45,336 - PathLensMaster - INFO - [optimization] [Step 1/2] Computing structure metrics: 54657/182191 (29%)
2026-01-01 09:33:45,336 - PathLensMaster - INFO - [optimization] [Step 1/2] Computing structure metrics: 72876/182191 (39%)
2026-01-01 09:33:45,336 - PathLensMaster - INFO - [optimization] [Step 1/2] Computing structure metrics: 91095/182191 (49%)
2026-01-01 09:33:45,337 - PathLensMaster - INFO - [optimization] [Step 1/2] Computing structure metrics: 109314/182191 (59%)
2026-01-01 09:33:45,337 - PathLensMaster - INFO - [optimization] [Step 1/2] Computing structure metrics: 127533/182191 (69%)
2026-01-01 09:33:45,337 - PathLensMaster - INFO - [optimization] [Step 1/2] Computing structure metrics: 145752/182191 (79%)
2026-01-01 09:33:45,337 - PathLensMaster - INFO - [optimization] [Step 1/2] Computing structure metrics: 163971/182191 (89%)
2026-01-01 09:33:45,337 - PathLensMaster - INFO - [optimization] [Step 1/2] Computing structure metrics: 182190/182191 (99%)
2026-01-01 09:33:45,337 - PathLensMaster - INFO - [optimization] [Step 1/2] Computing structure metrics: 182191/182191 (100%)
2026-01-01 09:33:45,337 - PathLensMaster - INFO - [optimization] [Step 1/2] Computing betweenness centrality (sampling 150 nodes)...
2026-01-01 09:33:45,337 - PathLensMaster - INFO - [optimization] [Step 1/2] [CACHE] Saved to cache: structure_cba848908f9a341d13b87cdbaa0e971b.pkl
2026-01-01 09:33:45,337 - PathLensMaster - INFO - [optimization] [Step 1/2] [COMPUTE] Computing amenity distances...
2026-01-01 09:33:45,338 - PathLensMaster - INFO - [optimization] [Step 1/2] Building POI-node index: 40436 pois
2026-01-01 09:33:45,338 - PathLensMaster - INFO - [optimization] [Step 1/2] Building POI-node index: 4043/40436 (9%)
2026-01-01 09:33:45,338 - PathLensMaster - INFO - [optimization] [Step 1/2] Building POI-node index: 8086/40436 (19%)
2026-01-01 09:33:45,338 - PathLensMaster - INFO - [optimization] [Step 1/2] Building POI-node index: 12129/40436 (29%)
2026-01-01 09:33:45,338 - PathLensMaster - INFO - [optimization] [Step 1/2] Building POI-node index: 16172/40436 (39%)
2026-01-01 09:33:45,338 - PathLensMaster - INFO - [optimization] [Step 1/2] Building POI-node index: 20215/40436 (49%)
2026-01-01 09:33:45,338 - PathLensMaster - INFO - [optimization] [Step 1/2] Building POI-node index: 24258/40436 (59%)
2026-01-01 09:33:45,338 - PathLensMaster - INFO - [optimization] [Step 1/2] Building POI-node index: 28301/40436 (69%)
2026-01-01 09:33:45,338 - PathLensMaster - INFO - [optimization] [Step 1/2] Building POI-node index: 32344/40436 (79%)
2026-01-01 09:33:45,338 - PathLensMaster - INFO - [optimization] [Step 1/2] Building POI-node index: 36387/40436 (89%)
2026-01-01 09:33:45,339 - PathLensMaster - INFO - [optimization] [Step 1/2] Building POI-node index: 40430/40436 (99%)
2026-01-01 09:33:45,339 - PathLensMaster - INFO - [optimization] [Step 1/2] Building POI-node index: 40436/40436 (100%)
2026-01-01 09:33:45,339 - PathLensMaster - INFO - [optimization] [Step 1/2] Computing network distances for 6 amenity types...
2026-01-01 09:33:45,339 - PathLensMaster - INFO - [optimization] [Step 1/2] Computing accessibility distances: 6 amenity_types
2026-01-01 09:33:45,339 - PathLensMaster - INFO - [optimization] [Step 1/2] Computing accessibility distances: 1/6 (16%)
2026-01-01 09:33:45,339 - PathLensMaster - INFO - [optimization] [Step 1/2] Computing accessibility distances: 2/6 (33%)
2026-01-01 09:33:45,339 - PathLensMaster - INFO - [optimization] [Step 1/2] Computing accessibility distances: 3/6 (50%)
2026-01-01 09:33:45,339 - PathLensMaster - INFO - [optimization] [Step 1/2] Computing accessibility distances: 4/6 (66%)
2026-01-01 09:33:45,340 - PathLensMaster - INFO - [optimization] [Step 1/2] Computing accessibility distances: 5/6 (83%)
2026-01-01 09:33:45,340 - PathLensMaster - INFO - [optimization] [Step 1/2] Computing accessibility distances: 6/6 (100%)
2026-01-01 09:33:45,340 - PathLensMaster - INFO - [optimization] [Step 1/2] [CACHE] Saved to cache: distances_210b24d9bfce4890efe745ce196819e3.pkl
2026-01-01 09:33:45,340 - PathLensMaster - INFO - [optimization] [Step 1/2] Computing H3 hexagons (resolution 8)...
2026-01-01 09:33:45,340 - PathLensMaster - INFO - [optimization] [Step 1/2] Computing H3 indexes: 182191 nodes
2026-01-01 09:33:45,340 - PathLensMaster - INFO - [optimization] [Step 1/2] Computing H3 indexes: 18219/182191 (9%)
2026-01-01 09:33:45,340 - PathLensMaster - INFO - [optimization] [Step 1/2] Computing H3 indexes: 36438/182191 (19%)
2026-01-01 09:33:45,340 - PathLensMaster - INFO - [optimization] [Step 1/2] Computing H3 indexes: 54657/182191 (29%)
2026-01-01 09:33:45,340 - PathLensMaster - INFO - [optimization] [Step 1/2] Computing H3 indexes: 72876/182191 (39%)
2026-01-01 09:33:45,341 - PathLensMaster - INFO - [optimization] [Step 1/2] Computing H3 indexes: 91095/182191 (49%)
2026-01-01 09:33:45,341 - PathLensMaster - INFO - [optimization] [Step 1/2] Computing H3 indexes: 109314/182191 (59%)
2026-01-01 09:33:45,341 - PathLensMaster - INFO - [optimization] [Step 1/2] Computing H3 indexes: 127533/182191 (69%)
2026-01-01 09:33:45,341 - PathLensMaster - INFO - [optimization] [Step 1/2] Computing H3 indexes: 145752/182191 (79%)
2026-01-01 09:33:45,341 - PathLensMaster - INFO - [optimization] [Step 1/2] Computing H3 indexes: 163971/182191 (89%)
2026-01-01 09:33:45,341 - PathLensMaster - INFO - [optimization] [Step 1/2] Computing H3 indexes: 182190/182191 (99%)
2026-01-01 09:33:45,341 - PathLensMaster - INFO - [optimization] [Step 1/2] Computing H3 indexes: 182191/182191 (100%)
2026-01-01 09:33:45,341 - PathLensMaster - INFO - [optimization] [Step 1/2] [NORMALIZE] Normalizing scores to 1-100 scale...
2026-01-01 09:33:45,341 - PathLensMaster - INFO - [optimization] [Step 1/2] Saved node-level scores and H3 aggregates to D:\ENGG\EL\5th sem\MAIN_EL\PathLens\data\analysis (prefix='baseline_')
2026-01-01 09:33:45,341 - PathLensMaster - INFO - [optimization] Completed in 843.2s
2026-01-01 09:33:45,341 - PathLensMaster - INFO - [optimization] ================================================================================
2026-01-01 09:33:45,341 - PathLensMaster - INFO - [optimization] [Step 2/2] Compute optimized scoring outputs
2026-01-01 09:33:45,342 - PathLensMaster - INFO - [optimization] ================================================================================
2026-01-01 09:33:45,342 - PathLensMaster - INFO - [optimization] Command: d:\engg\el\5th sem\main_el\pathlens\venv\scripts\python.exe -u D:\ENGG\EL\5th sem\MAIN_EL\PathLens\data-pipeline\compute_scores.py --graph-path D:\ENGG\EL\5th sem\MAIN_EL\PathLens\data\processed\optimized_graph.graphml --poi-mapping D:\ENGG\EL\5th sem\MAIN_EL\PathLens\data\processed\optimized_poi_node_mapping.parquet --pois-path D:\ENGG\EL\5th sem\MAIN_EL\PathLens\data\optimization\runs\merged_pois.geojson --out-dir D:\ENGG\EL\5th sem\MAIN_EL\PathLens\data\analysis --config D:\ENGG\EL\5th sem\MAIN_EL\PathLens\config.yaml --output-prefix optimized
2026-01-01 09:33:45,342 - PathLensMaster - INFO - [optimization] [Step 2/2] Loading graph and POI mapping...
2026-01-01 09:33:45,342 - PathLensMaster - INFO - [optimization] [Step 2/2] Graph loaded: 182191 nodes, 487510 edges
2026-01-01 09:33:45,342 - PathLensMaster - INFO - [optimization] [Step 2/2] Extracted 182191 nodes as GeoDataFrame
2026-01-01 09:33:45,342 - PathLensMaster - INFO - [optimization] [Step 2/2] Loaded POI mapping: 40556 POIs
2026-01-01 09:33:45,342 - PathLensMaster - INFO - [optimization] [Step 2/2] Loading POIs from D:\ENGG\EL\5th sem\MAIN_EL\PathLens\data\optimization\runs\merged_pois.geojson (slow, ~30s)...
2026-01-01 09:33:45,342 - PathLensMaster - INFO - [optimization] [Step 2/2] Loaded 3622 POIs from file
2026-01-01 09:33:45,342 - PathLensMaster - INFO - [optimization] [Step 2/2] [COMPUTE] Computing structure metrics...
2026-01-01 09:33:45,342 - PathLensMaster - INFO - [optimization] [Step 2/2] Computing structure metrics: 182191 nodes
2026-01-01 09:33:45,342 - PathLensMaster - INFO - [optimization] [Step 2/2] Computing structure metrics: 18219/182191 (9%)
2026-01-01 09:33:45,342 - PathLensMaster - INFO - [optimization] [Step 2/2] Computing structure metrics: 36438/182191 (19%)
2026-01-01 09:33:45,342 - PathLensMaster - INFO - [optimization] [Step 2/2] Computing structure metrics: 54657/182191 (29%)
2026-01-01 09:33:45,343 - PathLensMaster - INFO - [optimization] [Step 2/2] Computing structure metrics: 72876/182191 (39%)
2026-01-01 09:33:45,343 - PathLensMaster - INFO - [optimization] [Step 2/2] Computing structure metrics: 91095/182191 (49%)
2026-01-01 09:33:45,343 - PathLensMaster - INFO - [optimization] [Step 2/2] Computing structure metrics: 109314/182191 (59%)
2026-01-01 09:33:45,343 - PathLensMaster - INFO - [optimization] [Step 2/2] Computing structure metrics: 127533/182191 (69%)
2026-01-01 09:33:45,343 - PathLensMaster - INFO - [optimization] [Step 2/2] Computing structure metrics: 145752/182191 (79%)
2026-01-01 09:33:45,343 - PathLensMaster - INFO - [optimization] [Step 2/2] Computing structure metrics: 163971/182191 (89%)
2026-01-01 09:33:45,343 - PathLensMaster - INFO - [optimization] [Step 2/2] Computing structure metrics: 182190/182191 (99%)
2026-01-01 09:33:45,343 - PathLensMaster - INFO - [optimization] [Step 2/2] Computing structure metrics: 182191/182191 (100%)
2026-01-01 09:33:45,343 - PathLensMaster - INFO - [optimization] [Step 2/2] Computing betweenness centrality (sampling 150 nodes)...
2026-01-01 09:33:45,343 - PathLensMaster - INFO - [optimization] [Step 2/2] [CACHE] Saved to cache: structure_2d1218cdcaca93a3da863a9f3f312349.pkl
2026-01-01 09:33:45,343 - PathLensMaster - INFO - [optimization] [Step 2/2] [COMPUTE] Computing amenity distances...
2026-01-01 09:33:45,344 - PathLensMaster - INFO - [optimization] [Step 2/2] Building POI-node index: 40556 pois
2026-01-01 09:33:45,344 - PathLensMaster - INFO - [optimization] [Step 2/2] Building POI-node index: 4055/40556 (9%)
2026-01-01 09:33:45,344 - PathLensMaster - INFO - [optimization] [Step 2/2] Building POI-node index: 8110/40556 (19%)
2026-01-01 09:33:45,344 - PathLensMaster - INFO - [optimization] [Step 2/2] Building POI-node index: 12165/40556 (29%)
2026-01-01 09:33:45,344 - PathLensMaster - INFO - [optimization] [Step 2/2] Building POI-node index: 16220/40556 (39%)
2026-01-01 09:33:45,344 - PathLensMaster - INFO - [optimization] [Step 2/2] Building POI-node index: 20275/40556 (49%)
2026-01-01 09:33:45,344 - PathLensMaster - INFO - [optimization] [Step 2/2] Building POI-node index: 24330/40556 (59%)
2026-01-01 09:33:45,344 - PathLensMaster - INFO - [optimization] [Step 2/2] Building POI-node index: 28385/40556 (69%)
2026-01-01 09:33:45,344 - PathLensMaster - INFO - [optimization] [Step 2/2] Building POI-node index: 32440/40556 (79%)
2026-01-01 09:33:45,344 - PathLensMaster - INFO - [optimization] [Step 2/2] Building POI-node index: 36495/40556 (89%)
2026-01-01 09:33:45,344 - PathLensMaster - INFO - [optimization] [Step 2/2] Building POI-node index: 40550/40556 (99%)
2026-01-01 09:33:45,345 - PathLensMaster - INFO - [optimization] [Step 2/2] Building POI-node index: 40556/40556 (100%)
2026-01-01 09:33:45,345 - PathLensMaster - INFO - [optimization] [Step 2/2] Computing network distances for 6 amenity types...
2026-01-01 09:33:45,345 - PathLensMaster - INFO - [optimization] [Step 2/2] Computing accessibility distances: 6 amenity_types
2026-01-01 09:33:45,345 - PathLensMaster - INFO - [optimization] [Step 2/2] Computing accessibility distances: 1/6 (16%)
2026-01-01 09:33:45,345 - PathLensMaster - INFO - [optimization] [Step 2/2] Computing accessibility distances: 2/6 (33%)
2026-01-01 09:33:45,345 - PathLensMaster - INFO - [optimization] [Step 2/2] Computing accessibility distances: 3/6 (50%)
2026-01-01 09:33:45,346 - PathLensMaster - INFO - [optimization] [Step 2/2] Computing accessibility distances: 4/6 (66%)
2026-01-01 09:33:45,346 - PathLensMaster - INFO - [optimization] [Step 2/2] Computing accessibility distances: 5/6 (83%)
2026-01-01 09:33:45,346 - PathLensMaster - INFO - [optimization] [Step 2/2] Computing accessibility distances: 6/6 (100%)
2026-01-01 09:33:45,346 - PathLensMaster - INFO - [optimization] [Step 2/2] [CACHE] Saved to cache: distances_7431fea9a9cfd31377707c472d38fd85.pkl
2026-01-01 09:33:45,346 - PathLensMaster - INFO - [optimization] [Step 2/2] Computing H3 hexagons (resolution 8)...
2026-01-01 09:33:45,346 - PathLensMaster - INFO - [optimization] [Step 2/2] Computing H3 indexes: 182191 nodes
2026-01-01 09:33:45,346 - PathLensMaster - INFO - [optimization] [Step 2/2] Computing H3 indexes: 18219/182191 (9%)
2026-01-01 09:33:45,346 - PathLensMaster - INFO - [optimization] [Step 2/2] Computing H3 indexes: 36438/182191 (19%)
2026-01-01 09:33:45,346 - PathLensMaster - INFO - [optimization] [Step 2/2] Computing H3 indexes: 54657/182191 (29%)
2026-01-01 09:33:45,346 - PathLensMaster - INFO - [optimization] [Step 2/2] Computing H3 indexes: 72876/182191 (39%)
2026-01-01 09:33:45,346 - PathLensMaster - INFO - [optimization] [Step 2/2] Computing H3 indexes: 91095/182191 (49%)
2026-01-01 09:33:45,346 - PathLensMaster - INFO - [optimization] [Step 2/2] Computing H3 indexes: 109314/182191 (59%)
2026-01-01 09:33:45,346 - PathLensMaster - INFO - [optimization] [Step 2/2] Computing H3 indexes: 127533/182191 (69%)
2026-01-01 09:33:45,346 - PathLensMaster - INFO - [optimization] [Step 2/2] Computing H3 indexes: 145752/182191 (79%)
2026-01-01 09:33:45,347 - PathLensMaster - INFO - [optimization] [Step 2/2] Computing H3 indexes: 163971/182191 (89%)
2026-01-01 09:33:45,347 - PathLensMaster - INFO - [optimization] [Step 2/2] Computing H3 indexes: 182190/182191 (99%)
2026-01-01 09:33:45,347 - PathLensMaster - INFO - [optimization] [Step 2/2] Computing H3 indexes: 182191/182191 (100%)
2026-01-01 09:33:45,347 - PathLensMaster - INFO - [optimization] [Step 2/2] [NORMALIZE] Normalizing scores to 1-100 scale...
2026-01-01 09:33:45,347 - PathLensMaster - INFO - [optimization] [Step 2/2] Saved node-level scores and H3 aggregates to D:\ENGG\EL\5th sem\MAIN_EL\PathLens\data\analysis (prefix='optimized_')
2026-01-01 09:33:45,347 - PathLensMaster - INFO - [optimization] Completed in 1854.3s
2026-01-01 09:33:45,347 - PathLensMaster - INFO - [optimization] ================================================================================
2026-01-01 09:33:45,347 - PathLensMaster - INFO - [optimization] Pipeline orchestration complete!
2026-01-01 09:33:45,347 - PathLensMaster - INFO - [optimization] ================================================================================
2026-01-01 09:33:45,348 - PathLensMaster - INFO - [optimization] Key artifacts:
2026-01-01 09:33:45,348 - PathLensMaster - INFO - [optimization]   Baseline graph:    D:\ENGG\EL\5th sem\MAIN_EL\PathLens\data\processed\baseline_graph.graphml
2026-01-01 09:33:45,348 - PathLensMaster - INFO - [optimization]   Optimized graph:   D:\ENGG\EL\5th sem\MAIN_EL\PathLens\data\processed\optimized_graph.graphml
2026-01-01 09:33:45,348 - PathLensMaster - INFO - [optimization]   Baseline scores:   D:\ENGG\EL\5th sem\MAIN_EL\PathLens\data\analysis\baseline_nodes_with_scores.parquet
2026-01-01 09:33:45,349 - PathLensMaster - INFO - [optimization]   Optimized scores:  D:\ENGG\EL\5th sem\MAIN_EL\PathLens\data\analysis\optimized_nodes_with_scores.parquet
2026-01-01 09:33:45,349 - PathLensMaster - INFO - [optimization]   Metrics summaries: D:\ENGG\EL\5th sem\MAIN_EL\PathLens\data\analysis\baseline_metrics_summary.json | D:\ENGG\EL\5th sem\MAIN_EL\PathLens\data\analysis\optimized_metrics_summary.json
2026-01-01 09:33:45,349 - PathLensMaster - INFO - [optimization]   Optimized POIs:    D:\ENGG\EL\5th sem\MAIN_EL\PathLens\data\optimization\runs\optimized_pois.geojson
2026-01-01 09:33:45,349 - PathLensMaster - INFO - [optimization]   Merged POIs:       D:\ENGG\EL\5th sem\MAIN_EL\PathLens\data\optimization\runs\merged_pois.geojson
2026-01-01 09:33:45,349 - PathLensMaster - INFO - [optimization] ================================================================================
2026-01-01 09:33:45,351 - PathLensMaster - INFO - [optimization] 2026-01-01 09:33:45,350 - __main__ - INFO - Run optimization pipeline orchestrator completed successfully
2026-01-01 09:33:45,351 - PathLensMaster - INFO - [optimization] 2026-01-01 09:33:45,351 - __main__ - INFO - ================================================================================
2026-01-01 09:33:45,351 - PathLensMaster - INFO - [optimization] 2026-01-01 09:33:45,351 - __main__ - INFO - Optimization workflow complete
2026-01-01 09:33:45,351 - PathLensMaster - INFO - [optimization] 2026-01-01 09:33:45,351 - __main__ - INFO -   Results: D:\ENGG\EL\5th sem\MAIN_EL\PathLens\data\optimization\runs
2026-01-01 09:33:45,351 - PathLensMaster - INFO - [optimization] 2026-01-01 09:33:45,351 - __main__ - INFO -   Analysis: D:\ENGG\EL\5th sem\MAIN_EL\PathLens\data\analysis
2026-01-01 09:33:45,352 - PathLensMaster - INFO - [optimization] 2026-01-01 09:33:45,351 - __main__ - INFO -   Logs: D:\ENGG\EL\5th sem\MAIN_EL\PathLens\data\optimization\runs\logs
2026-01-01 09:33:45,352 - PathLensMaster - INFO - [optimization] 2026-01-01 09:33:45,352 - __main__ - INFO - ================================================================================
2026-01-01 09:33:45,373 - PathLensMaster - INFO - Skipping landuse feasibility pipeline
2026-01-01 09:33:45,375 - PathLensMaster - INFO - ================================================================================
2026-01-01 09:33:45,375 - PathLensMaster - INFO - PATHLENS MASTER ORCHESTRATOR - SUMMARY
2026-01-01 09:33:45,375 - PathLensMaster - INFO - ================================================================================
2026-01-01 09:33:45,378 - PathLensMaster - INFO - ================================================================================
2026-01-01 09:33:45,378 - PathLensMaster - INFO - Summary saved: D:\ENGG\EL\5th sem\MAIN_EL\PathLens\data\logs\run_summary_20260101_093345.json
