2026-01-02 17:29:00,069 - PathLensMaster - INFO - Logging initialized: D:\ENGG\EL\5th sem\MAIN_EL\PathLens\data\logs\pathlens_master_20260102_172900.log
2026-01-02 17:29:00,070 - PathLensMaster - INFO - PathLens Master Orchestrator Starting
2026-01-02 17:29:00,070 - PathLensMaster - INFO - Project root: D:\ENGG\EL\5th sem\MAIN_EL\PathLens
2026-01-02 17:29:00,070 - PathLensMaster - INFO - Config: D:\ENGG\EL\5th sem\MAIN_EL\PathLens\config.yaml
2026-01-02 17:29:00,071 - PathLensMaster - INFO - ================================================================================
2026-01-02 17:29:00,072 - PathLensMaster - INFO - PIPELINE: DATA-COLLECTION
2026-01-02 17:29:00,072 - PathLensMaster - INFO - ================================================================================
2026-01-02 17:29:00,073 - PathLensMaster - INFO - Command: D:\ENGG\EL\5th sem\MAIN_EL\PathLens\venv\Scripts\python.exe -u D:\ENGG\EL\5th sem\MAIN_EL\PathLens\data-pipeline\run_pipeline.py --place Bangalore, India
2026-01-02 17:29:00,149 - PathLensMaster - INFO - [data-collection] [OK] POIs already converted: D:\ENGG\EL\5th sem\MAIN_EL\PathLens\data\raw\osm\pois.parquet
2026-01-02 17:29:00,149 - PathLensMaster - INFO - [data-collection]   (Use --force to re-convert)
2026-01-02 17:29:00,150 - PathLensMaster - INFO - [data-collection] [OK] Using cached street network data from D:\ENGG\EL\5th sem\MAIN_EL\PathLens\data\raw\osm\graph.graphml
2026-01-02 17:29:00,151 - PathLensMaster - INFO - [data-collection] [OK] Using cached processed graph: D:\ENGG\EL\5th sem\MAIN_EL\PathLens\data\processed\graph.graphml
2026-01-02 17:29:00,151 - PathLensMaster - INFO - [data-collection] [OK] Using cached POI mapping: D:\ENGG\EL\5th sem\MAIN_EL\PathLens\data\processed\poi_node_mapping.parquet
2026-01-02 17:29:00,152 - PathLensMaster - INFO - [data-collection]   (Use --force to re-process)
2026-01-02 17:29:00,152 - PathLensMaster - INFO - [data-collection] [OK] Using cached walkability scores: D:\ENGG\EL\5th sem\MAIN_EL\PathLens\data\analysis\nodes_with_scores.parquet
2026-01-02 17:29:00,153 - PathLensMaster - INFO - [data-collection] [OK] Using cached H3 aggregates: D:\ENGG\EL\5th sem\MAIN_EL\PathLens\data\analysis\h3_agg.parquet
2026-01-02 17:29:00,153 - PathLensMaster - INFO - [data-collection]   (Use --force to re-compute)
2026-01-02 17:29:00,154 - PathLensMaster - INFO - [data-collection] ============================================================
2026-01-02 17:29:00,154 - PathLensMaster - INFO - [data-collection] [COMPLETE] PathLens pipeline completed successfully!
2026-01-02 17:29:00,154 - PathLensMaster - INFO - [data-collection] ============================================================
2026-01-02 17:29:00,155 - PathLensMaster - INFO - [data-collection] [RESULTS]
2026-01-02 17:29:00,155 - PathLensMaster - INFO - [data-collection]   - Processed graph: D:\ENGG\EL\5th sem\MAIN_EL\PathLens\data\processed\graph.graphml
2026-01-02 17:29:00,156 - PathLensMaster - INFO - [data-collection]   - Node scores: D:\ENGG\EL\5th sem\MAIN_EL\PathLens\data\analysis\nodes_with_scores.csv
2026-01-02 17:29:00,156 - PathLensMaster - INFO - [data-collection]   - H3 aggregates: D:\ENGG\EL\5th sem\MAIN_EL\PathLens\data\analysis\h3_agg.csv
2026-01-02 17:29:00,156 - PathLensMaster - INFO - [data-collection]   - Metrics summary: D:\ENGG\EL\5th sem\MAIN_EL\PathLens\data\analysis\metrics_summary.json
2026-01-02 17:29:00,159 - PathLensMaster - INFO - data-collection completed successfully
2026-01-02 17:29:00,161 - PathLensMaster - INFO - ================================================================================
2026-01-02 17:29:00,161 - PathLensMaster - INFO - PIPELINE: OPTIMIZATION
2026-01-02 17:29:00,162 - PathLensMaster - INFO - ================================================================================
2026-01-02 17:29:00,162 - PathLensMaster - INFO - Command: D:\ENGG\EL\5th sem\MAIN_EL\PathLens\venv\Scripts\python.exe -u D:\ENGG\EL\5th sem\MAIN_EL\PathLens\optimization-pipeline\run_optimization.py --ga-config D:\ENGG\EL\5th sem\MAIN_EL\PathLens\config.yaml
2026-01-02 17:29:00,342 - PathLensMaster - INFO - [optimization] 2026-01-02 17:29:00,342 - __main__ - INFO - Logging initialized: D:\ENGG\EL\5th sem\MAIN_EL\PathLens\data\optimization\runs\logs\optimization_run_20260102_172900.log
2026-01-02 17:29:00,343 - PathLensMaster - INFO - [optimization] 2026-01-02 17:29:00,342 - __main__ - INFO - PathLens Optimization Workflow
2026-01-02 17:29:00,343 - PathLensMaster - INFO - [optimization] 2026-01-02 17:29:00,342 - __main__ - INFO - Project root: D:\ENGG\EL\5th sem\MAIN_EL\PathLens
2026-01-02 17:29:00,361 - PathLensMaster - INFO - [optimization] 2026-01-02 17:29:00,360 - __main__ - INFO - Hybrid GA-MILP enabled in config.yaml
2026-01-02 17:29:00,361 - PathLensMaster - INFO - [optimization] 2026-01-02 17:29:00,360 - __main__ - INFO - ================================================================================
2026-01-02 17:29:00,362 - PathLensMaster - INFO - [optimization] 2026-01-02 17:29:00,361 - __main__ - INFO - > Extract high travel time nodes
2026-01-02 17:29:00,362 - PathLensMaster - INFO - [optimization] 2026-01-02 17:29:00,361 - __main__ - INFO - ================================================================================
2026-01-02 17:29:00,363 - PathLensMaster - INFO - [optimization] 2026-01-02 17:29:00,361 - __main__ - INFO - Command: D:\ENGG\EL\5th sem\MAIN_EL\PathLens\venv\Scripts\python.exe D:\ENGG\EL\5th sem\MAIN_EL\PathLens\optimization-pipeline\list_optimizable_nodes.py --input D:\ENGG\EL\5th sem\MAIN_EL\PathLens\data\analysis\nodes_with_scores.parquet --output D:\ENGG\EL\5th sem\MAIN_EL\PathLens\data\optimization\runs\high_travel_time_nodes.csv
2026-01-02 17:29:04,405 - PathLensMaster - INFO - [optimization] Filtered 4168 nodes above 15.00 minutes; wrote 4168 rows to D:\ENGG\EL\5th sem\MAIN_EL\PathLens\data\optimization\runs\high_travel_time_nodes.csv
2026-01-02 17:29:04,500 - PathLensMaster - INFO - [optimization] 2026-01-02 17:29:04,500 - __main__ - INFO - Extract high travel time nodes completed successfully
2026-01-02 17:29:04,501 - PathLensMaster - INFO - [optimization] 2026-01-02 17:29:04,500 - __main__ - INFO - Auto-detected 6 worker threads (75% of 8 cores)
2026-01-02 17:29:04,502 - PathLensMaster - INFO - [optimization] 2026-01-02 17:29:04,500 - __main__ - INFO - ================================================================================
2026-01-02 17:29:04,502 - PathLensMaster - INFO - [optimization] 2026-01-02 17:29:04,500 - __main__ - INFO - > Run hybrid genetic algorithm with MILP refinement
2026-01-02 17:29:04,503 - PathLensMaster - INFO - [optimization] 2026-01-02 17:29:04,500 - __main__ - INFO - ================================================================================
2026-01-02 17:29:04,503 - PathLensMaster - INFO - [optimization] 2026-01-02 17:29:04,500 - __main__ - INFO - Command: D:\ENGG\EL\5th sem\MAIN_EL\PathLens\venv\Scripts\python.exe D:\ENGG\EL\5th sem\MAIN_EL\PathLens\optimization-pipeline\hybrid_ga.py --nodes-scores D:\ENGG\EL\5th sem\MAIN_EL\PathLens\data\analysis\nodes_with_scores.parquet --high-travel D:\ENGG\EL\5th sem\MAIN_EL\PathLens\data\optimization\runs\high_travel_time_nodes.csv --analysis-dir D:\ENGG\EL\5th sem\MAIN_EL\PathLens\data\optimization\runs --config D:\ENGG\EL\5th sem\MAIN_EL\PathLens\config.yaml --workers 6
