2026-01-16 20:54:06,845 - PathLensMaster - INFO - Logging initialized: /home/shogun/Documents/PathLens/data/logs/pathlens_master_20260116_205406.log
2026-01-16 20:54:06,845 - PathLensMaster - INFO - PathLens Master Orchestrator Starting
2026-01-16 20:54:06,845 - PathLensMaster - INFO - Project root: /home/shogun/Documents/PathLens
2026-01-16 20:54:06,845 - PathLensMaster - INFO - Config: /home/shogun/Documents/PathLens/config.yaml
2026-01-16 20:54:06,846 - PathLensMaster - INFO - ================================================================================
2026-01-16 20:54:06,846 - PathLensMaster - INFO - PIPELINE: DATA-COLLECTION
2026-01-16 20:54:06,846 - PathLensMaster - INFO - ================================================================================
2026-01-16 20:54:06,846 - PathLensMaster - INFO - Command: /home/shogun/Documents/PathLens/venv/bin/python -u /home/shogun/Documents/PathLens/data-pipeline/run_pipeline.py --place Bangalore, India
2026-01-16 20:54:06,871 - PathLensMaster - INFO - [data-collection] [OK] POIs already converted: /home/shogun/Documents/PathLens/data/raw/osm/pois.parquet
2026-01-16 20:54:06,871 - PathLensMaster - INFO - [data-collection]   (Use --force to re-convert)
2026-01-16 20:54:06,871 - PathLensMaster - INFO - [data-collection] [OK] Using cached street network data from /home/shogun/Documents/PathLens/data/raw/osm/graph.graphml
2026-01-16 20:54:06,871 - PathLensMaster - INFO - [data-collection] [OK] Using cached processed graph: /home/shogun/Documents/PathLens/data/processed/graph.graphml
2026-01-16 20:54:06,871 - PathLensMaster - INFO - [data-collection] [OK] Using cached POI mapping: /home/shogun/Documents/PathLens/data/processed/poi_node_mapping.parquet
2026-01-16 20:54:06,871 - PathLensMaster - INFO - [data-collection]   (Use --force to re-process)
2026-01-16 20:54:06,871 - PathLensMaster - INFO - [data-collection] [OK] Using cached walkability scores: /home/shogun/Documents/PathLens/data/analysis/nodes_with_scores.parquet
2026-01-16 20:54:06,871 - PathLensMaster - INFO - [data-collection] [OK] Using cached H3 aggregates: /home/shogun/Documents/PathLens/data/analysis/h3_agg.parquet
2026-01-16 20:54:06,871 - PathLensMaster - INFO - [data-collection]   (Use --force to re-compute)
2026-01-16 20:54:06,871 - PathLensMaster - INFO - [data-collection] ============================================================
2026-01-16 20:54:06,871 - PathLensMaster - INFO - [data-collection] [COMPLETE] PathLens pipeline completed successfully!
2026-01-16 20:54:06,871 - PathLensMaster - INFO - [data-collection] ============================================================
2026-01-16 20:54:06,871 - PathLensMaster - INFO - [data-collection] [RESULTS]
2026-01-16 20:54:06,871 - PathLensMaster - INFO - [data-collection]   - Processed graph: /home/shogun/Documents/PathLens/data/processed/graph.graphml
2026-01-16 20:54:06,871 - PathLensMaster - INFO - [data-collection]   - Node scores: /home/shogun/Documents/PathLens/data/analysis/nodes_with_scores.csv
2026-01-16 20:54:06,871 - PathLensMaster - INFO - [data-collection]   - H3 aggregates: /home/shogun/Documents/PathLens/data/analysis/h3_agg.csv
2026-01-16 20:54:06,871 - PathLensMaster - INFO - [data-collection]   - Metrics summary: /home/shogun/Documents/PathLens/data/analysis/metrics_summary.json
2026-01-16 20:54:06,876 - PathLensMaster - INFO - data-collection completed successfully
2026-01-16 20:54:06,877 - PathLensMaster - INFO - ================================================================================
2026-01-16 20:54:06,877 - PathLensMaster - INFO - PIPELINE: OPTIMIZATION
2026-01-16 20:54:06,877 - PathLensMaster - INFO - ================================================================================
2026-01-16 20:54:06,877 - PathLensMaster - INFO - Command: /home/shogun/Documents/PathLens/venv/bin/python -u /home/shogun/Documents/PathLens/optimization-pipeline/run_optimization.py --ga-config /home/shogun/Documents/PathLens/config.yaml
2026-01-16 20:54:06,917 - PathLensMaster - INFO - [optimization] 2026-01-16 20:54:06,916 - __main__ - INFO - Logging initialized: /home/shogun/Documents/PathLens/data/optimization/runs/logs/optimization_run_20260116_205406.log
2026-01-16 20:54:06,917 - PathLensMaster - INFO - [optimization] 2026-01-16 20:54:06,916 - __main__ - INFO - PathLens Optimization Workflow
2026-01-16 20:54:06,917 - PathLensMaster - INFO - [optimization] 2026-01-16 20:54:06,917 - __main__ - INFO - Project root: /home/shogun/Documents/PathLens
2026-01-16 20:54:06,920 - PathLensMaster - INFO - [optimization] 2026-01-16 20:54:06,920 - __main__ - INFO - Hybrid GA-MILP enabled in config.yaml
2026-01-16 20:54:06,924 - PathLensMaster - INFO - [optimization] 2026-01-16 20:54:06,924 - __main__ - INFO - PNMLR enabled - using personalized utility evaluation
2026-01-16 20:54:06,924 - PathLensMaster - INFO - [optimization] 2026-01-16 20:54:06,924 - __main__ - INFO - ================================================================================
2026-01-16 20:54:06,924 - PathLensMaster - INFO - [optimization] 2026-01-16 20:54:06,924 - __main__ - INFO - > Extract high travel time nodes
2026-01-16 20:54:06,924 - PathLensMaster - INFO - [optimization] 2026-01-16 20:54:06,924 - __main__ - INFO - ================================================================================
2026-01-16 20:54:06,924 - PathLensMaster - INFO - [optimization] 2026-01-16 20:54:06,924 - __main__ - INFO - Command: /home/shogun/Documents/PathLens/venv/bin/python /home/shogun/Documents/PathLens/optimization-pipeline/list_optimizable_nodes.py --input /home/shogun/Documents/PathLens/data/analysis/nodes_with_scores.parquet --output /home/shogun/Documents/PathLens/data/optimization/runs/high_travel_time_nodes.csv
2026-01-16 20:54:07,612 - PathLensMaster - INFO - [optimization] Filtered 58943 nodes above 15.00 minutes; wrote 58943 rows to /home/shogun/Documents/PathLens/data/optimization/runs/high_travel_time_nodes.csv
2026-01-16 20:54:07,709 - PathLensMaster - INFO - [optimization] 2026-01-16 20:54:07,709 - __main__ - INFO - Extract high travel time nodes completed successfully
2026-01-16 20:54:07,709 - PathLensMaster - INFO - [optimization] 2026-01-16 20:54:07,709 - __main__ - INFO - Auto-detected 12 worker threads (75% of 16 cores)
2026-01-16 20:54:07,709 - PathLensMaster - INFO - [optimization] 2026-01-16 20:54:07,709 - __main__ - INFO - ================================================================================
2026-01-16 20:54:07,709 - PathLensMaster - INFO - [optimization] 2026-01-16 20:54:07,709 - __main__ - INFO - > Run hybrid genetic algorithm with MILP refinement
2026-01-16 20:54:07,709 - PathLensMaster - INFO - [optimization] 2026-01-16 20:54:07,709 - __main__ - INFO - ================================================================================
2026-01-16 20:54:07,709 - PathLensMaster - INFO - [optimization] 2026-01-16 20:54:07,709 - __main__ - INFO - Command: /home/shogun/Documents/PathLens/venv/bin/python /home/shogun/Documents/PathLens/optimization-pipeline/hybrid_ga.py --nodes-scores /home/shogun/Documents/PathLens/data/analysis/nodes_with_scores.parquet --high-travel /home/shogun/Documents/PathLens/data/optimization/runs/high_travel_time_nodes.csv --analysis-dir /home/shogun/Documents/PathLens/data/optimization/runs --config /home/shogun/Documents/PathLens/config.yaml --workers 12
2026-01-16 20:54:08,287 - PathLensMaster - INFO - [optimization] 2026-01-16 20:54:08,287 [INFO] Loaded configuration from /home/shogun/Documents/PathLens/config.yaml
2026-01-16 20:54:08,350 - PathLensMaster - INFO - [optimization] 2026-01-16 20:54:08,349 [INFO] Filtered 49251 nodes for school (too close to existing, < 1200m)
2026-01-16 20:54:08,405 - PathLensMaster - INFO - [optimization] 2026-01-16 20:54:08,404 [INFO] Amenity school pool prepared with 500 candidates (filtered for min 1200m from existing).
2026-01-16 20:54:08,446 - PathLensMaster - INFO - [optimization] 2026-01-16 20:54:08,446 [INFO] Filtered 45911 nodes for hospital (too close to existing, < 1200m)
2026-01-16 20:54:08,518 - PathLensMaster - INFO - [optimization] 2026-01-16 20:54:08,517 [INFO] Amenity hospital pool prepared with 500 candidates (filtered for min 1200m from existing).
2026-01-16 20:54:08,555 - PathLensMaster - INFO - [optimization] 2026-01-16 20:54:08,555 [INFO] Filtered 33465 nodes for pharmacy (too close to existing, < 1200m)
2026-01-16 20:54:08,693 - PathLensMaster - INFO - [optimization] 2026-01-16 20:54:08,693 [INFO] Amenity pharmacy pool prepared with 500 candidates (filtered for min 1200m from existing).
2026-01-16 20:54:08,728 - PathLensMaster - INFO - [optimization] 2026-01-16 20:54:08,727 [INFO] Filtered 39615 nodes for supermarket (too close to existing, < 1200m)
2026-01-16 20:54:08,836 - PathLensMaster - INFO - [optimization] 2026-01-16 20:54:08,836 [INFO] Amenity supermarket pool prepared with 500 candidates (filtered for min 1200m from existing).
2026-01-16 20:54:08,877 - PathLensMaster - INFO - [optimization] 2026-01-16 20:54:08,877 [INFO] Filtered 8669 nodes for bus_station (too close to existing, < 1200m)
2026-01-16 20:54:09,176 - PathLensMaster - INFO - [optimization] 2026-01-16 20:54:09,176 [INFO] Amenity bus_station pool prepared with 500 candidates (filtered for min 1200m from existing).
2026-01-16 20:54:09,207 - PathLensMaster - INFO - [optimization] 2026-01-16 20:54:09,206 [INFO] Filtered 50234 nodes for park (too close to existing, < 1200m)
2026-01-16 20:54:09,263 - PathLensMaster - INFO - [optimization] 2026-01-16 20:54:09,263 [INFO] Amenity park pool prepared with 500 candidates (filtered for min 1200m from existing).
2026-01-16 20:54:09,308 - PathLensMaster - INFO - [optimization] 2026-01-16 20:54:09,307 [INFO] Filtered 43176 nodes for bank (too close to existing, < 1200m)
2026-01-16 20:54:09,418 - PathLensMaster - INFO - [optimization] 2026-01-16 20:54:09,417 [INFO] Amenity bank pool prepared with 500 candidates (filtered for min 1200m from existing).
2026-01-16 20:54:09,421 - PathLensMaster - INFO - [optimization] 2026-01-16 20:54:09,421 [INFO] Loading graph for diversity penalty computation...
2026-01-16 20:54:09,422 - PathLensMaster - INFO - [optimization] 2026-01-16 20:54:09,422 [WARNING] Failed to load graph: syntax error: line 1, column 0 (diversity penalty disabled)
2026-01-16 20:54:09,422 - PathLensMaster - INFO - [optimization] 2026-01-16 20:54:09,422 [INFO] Analysing amenity distances for 58943 high-travel nodes.
2026-01-16 20:54:09,490 - PathLensMaster - INFO - [optimization] 2026-01-16 20:54:09,490 [INFO] Amenity school               | mean distance 751.15 m | available 58943
2026-01-16 20:54:09,492 - PathLensMaster - INFO - [optimization] 2026-01-16 20:54:09,492 [INFO] Amenity hospital             | mean distance 853.22 m | available 58943
2026-01-16 20:54:09,495 - PathLensMaster - INFO - [optimization] 2026-01-16 20:54:09,494 [INFO] Amenity pharmacy             | mean distance 1291.82 m | available 58943
2026-01-16 20:54:09,500 - PathLensMaster - INFO - [optimization] 2026-01-16 20:54:09,500 [INFO] Amenity supermarket          | mean distance 1089.76 m | available 58943
2026-01-16 20:54:09,503 - PathLensMaster - INFO - [optimization] 2026-01-16 20:54:09,503 [INFO] Amenity bus_station          | mean distance 2729.36 m | available 58943
2026-01-16 20:54:09,504 - PathLensMaster - INFO - [optimization] 2026-01-16 20:54:09,504 [INFO] Amenity park                 | mean distance 726.30 m | available 58943
2026-01-16 20:54:09,510 - PathLensMaster - INFO - [optimization] 2026-01-16 20:54:09,510 [INFO] Amenity bank                 | mean distance 957.46 m | available 58943
2026-01-16 20:54:09,516 - PathLensMaster - INFO - [optimization] 2026-01-16 20:54:09,515 [INFO] PNMLR hooks enabled from config
2026-01-16 20:54:09,516 - PathLensMaster - INFO - [optimization] 2026-01-16 20:54:09,516 [INFO] PNMLR hooks loaded successfully
2026-01-16 20:54:09,516 - PathLensMaster - INFO - [optimization] 2026-01-16 20:54:09,516 [WARNING] Landuse filtering requested but LanduseFeasibilityIntegration not available.
2026-01-16 20:54:09,516 - PathLensMaster - INFO - [optimization] 2026-01-16 20:54:09,516 [INFO] Starting hybrid GA: population=50, generations=25
2026-01-16 20:54:09,517 - PathLensMaster - INFO - [optimization] 2026-01-16 20:54:09,517 [INFO] Loaded PNMLR model from /home/shogun/Documents/PathLens/models/pnmlr_model.pkl
2026-01-16 20:54:09,517 - PathLensMaster - INFO - [optimization] 2026-01-16 20:54:09,517 [INFO] Loaded PNMLR model from /home/shogun/Documents/PathLens/models
2026-01-16 20:54:09,517 - PathLensMaster - INFO - [optimization] 2026-01-16 20:54:09,517 [INFO]   - 20 user profiles
2026-01-16 20:54:09,517 - PathLensMaster - INFO - [optimization] 2026-01-16 20:54:09,517 [INFO]   - 7 amenity types
2026-01-16 20:54:09,517 - PathLensMaster - INFO - [optimization] 2026-01-16 20:54:09,517 [INFO] Running PNMLR precompute for 77018 nodes.
2026-01-16 20:54:09,541 - PathLensMaster - INFO - [optimization] 2026-01-16 20:54:09,540 [INFO] Extracted 12 features for 77018 nodes
2026-01-16 20:54:11,718 - PathLensMaster - INFO - [optimization] 2026-01-16 20:54:11,716 [INFO] PNMLR utilities computed: range=[0.5816, 0.7199], mean=0.6556
2026-01-16 20:54:11,744 - PathLensMaster - INFO - [optimization] 2026-01-16 20:54:11,744 [INFO] Using 12 worker threads for candidate evaluation.
2026-01-16 20:54:11,746 - PathLensMaster - INFO - [optimization] 2026-01-16 20:54:11,745 [INFO] Loaded checkpoint from /home/shogun/Documents/PathLens/data/optimization/runs/checkpoint.json
2026-01-16 20:54:11,750 - PathLensMaster - INFO - [optimization] 2026-01-16 20:54:11,748 [INFO] Resuming from generation 1 with 50 individuals.
2026-01-16 20:54:11,763 - PathLensMaster - INFO - [optimization] Generations:   0%|          | 0/25 [00:00<?, ?gen/s]2026-01-16 20:54:11,763 [INFO] Evaluating generation 1/25
2026-01-16 20:54:12,220 - PathLensMaster - INFO - [optimization] Gen 1 eval:   0%|          | 0/50 [00:00<?, ?it/s][A
2026-01-16 20:54:12,324 - PathLensMaster - INFO - [optimization] Gen 1 eval:   2%|â–         | 1/50 [00:00<00:22,  2.19it/s][A
2026-01-16 20:54:12,531 - PathLensMaster - INFO - [optimization] Gen 1 eval:  28%|â–ˆâ–ˆâ–Š       | 14/50 [00:00<00:01, 32.36it/s][A
2026-01-16 20:54:12,642 - PathLensMaster - INFO - [optimization] Gen 1 eval:  44%|â–ˆâ–ˆâ–ˆâ–ˆâ–     | 22/50 [00:00<00:00, 34.96it/s][A
2026-01-16 20:54:12,844 - PathLensMaster - INFO - [optimization] Gen 1 eval:  56%|â–ˆâ–ˆâ–ˆâ–ˆâ–ˆâ–Œ    | 28/50 [00:00<00:00, 39.53it/s][A
2026-01-16 20:54:12,998 - PathLensMaster - INFO - [optimization] Gen 1 eval:  68%|â–ˆâ–ˆâ–ˆâ–ˆâ–ˆâ–ˆâ–Š   | 34/50 [00:01<00:00, 35.80it/s][A
2026-01-16 20:54:13,059 - PathLensMaster - INFO - [optimization] Gen 1 eval:  78%|â–ˆâ–ˆâ–ˆâ–ˆâ–ˆâ–ˆâ–ˆâ–Š  | 39/50 [00:01<00:00, 34.79it/s][A
2026-01-16 20:54:13,060 - PathLensMaster - INFO - [optimization]                                                            [A
