2026-01-03 01:08:06,680 - PathLensMaster - INFO - Logging initialized: /home/shogun/Documents/PathLens/data/logs/pathlens_master_20260103_010806.log
2026-01-03 01:08:06,680 - PathLensMaster - INFO - PathLens Master Orchestrator Starting
2026-01-03 01:08:06,680 - PathLensMaster - INFO - Project root: /home/shogun/Documents/PathLens
2026-01-03 01:08:06,680 - PathLensMaster - INFO - Config: /home/shogun/Documents/PathLens/config.yaml
2026-01-03 01:08:06,681 - PathLensMaster - INFO - Skipping data collection pipeline
2026-01-03 01:08:06,681 - PathLensMaster - INFO - ================================================================================
2026-01-03 01:08:06,681 - PathLensMaster - INFO - PIPELINE: OPTIMIZATION
2026-01-03 01:08:06,681 - PathLensMaster - INFO - ================================================================================
2026-01-03 01:08:06,681 - PathLensMaster - INFO - Command: /usr/bin/python -u /home/shogun/Documents/PathLens/optimization-pipeline/run_optimization.py --ga-population 120 --ga-generations 80 --ga-config /home/shogun/Documents/PathLens/config.yaml
2026-01-03 01:08:06,740 - PathLensMaster - INFO - [optimization] 2026-01-03 01:08:06,739 - __main__ - INFO - Logging initialized: /home/shogun/Documents/PathLens/data/optimization/runs/logs/optimization_run_20260103_010806.log
2026-01-03 01:08:06,740 - PathLensMaster - INFO - [optimization] 2026-01-03 01:08:06,740 - __main__ - INFO - PathLens Optimization Workflow
2026-01-03 01:08:06,740 - PathLensMaster - INFO - [optimization] 2026-01-03 01:08:06,740 - __main__ - INFO - Project root: /home/shogun/Documents/PathLens
2026-01-03 01:08:06,742 - PathLensMaster - INFO - [optimization] 2026-01-03 01:08:06,742 - __main__ - INFO - Hybrid GA-MILP enabled in config.yaml
2026-01-03 01:08:06,742 - PathLensMaster - INFO - [optimization] 2026-01-03 01:08:06,742 - __main__ - INFO - ================================================================================
2026-01-03 01:08:06,742 - PathLensMaster - INFO - [optimization] 2026-01-03 01:08:06,742 - __main__ - INFO - > Extract high travel time nodes
2026-01-03 01:08:06,742 - PathLensMaster - INFO - [optimization] 2026-01-03 01:08:06,742 - __main__ - INFO - ================================================================================
2026-01-03 01:08:06,742 - PathLensMaster - INFO - [optimization] 2026-01-03 01:08:06,742 - __main__ - INFO - Command: /usr/bin/python /home/shogun/Documents/PathLens/optimization-pipeline/list_optimizable_nodes.py --input /home/shogun/Documents/PathLens/data/analysis/nodes_with_scores.parquet --output /home/shogun/Documents/PathLens/data/optimization/runs/high_travel_time_nodes.csv
2026-01-03 01:08:07,178 - PathLensMaster - INFO - [optimization] Traceback (most recent call last):
2026-01-03 01:08:07,178 - PathLensMaster - INFO - [optimization]   File "/home/shogun/Documents/PathLens/optimization-pipeline/list_optimizable_nodes.py", line 103, in <module>
2026-01-03 01:08:07,178 - PathLensMaster - INFO - [optimization]     main()
2026-01-03 01:08:07,178 - PathLensMaster - INFO - [optimization]     ~~~~^^
2026-01-03 01:08:07,178 - PathLensMaster - INFO - [optimization]   File "/home/shogun/Documents/PathLens/optimization-pipeline/list_optimizable_nodes.py", line 67, in main
2026-01-03 01:08:07,178 - PathLensMaster - INFO - [optimization]     frame = pd.read_parquet(args.input)
2026-01-03 01:08:07,178 - PathLensMaster - INFO - [optimization]   File "/home/shogun/.local/lib/python3.14/site-packages/pandas/io/parquet.py", line 653, in read_parquet
2026-01-03 01:08:07,178 - PathLensMaster - INFO - [optimization]     impl = get_engine(engine)
2026-01-03 01:08:07,178 - PathLensMaster - INFO - [optimization]   File "/home/shogun/.local/lib/python3.14/site-packages/pandas/io/parquet.py", line 68, in get_engine
2026-01-03 01:08:07,178 - PathLensMaster - INFO - [optimization]     raise ImportError(
2026-01-03 01:08:07,178 - PathLensMaster - INFO - [optimization]     ...<7 lines>...
2026-01-03 01:08:07,178 - PathLensMaster - INFO - [optimization]     )
2026-01-03 01:08:07,178 - PathLensMaster - INFO - [optimization] ImportError: Unable to find a usable engine; tried using: 'pyarrow', 'fastparquet'.
2026-01-03 01:08:07,178 - PathLensMaster - INFO - [optimization] A suitable version of pyarrow or fastparquet is required for parquet support.
2026-01-03 01:08:07,178 - PathLensMaster - INFO - [optimization] Trying to import the above resulted in these errors:
2026-01-03 01:08:07,179 - PathLensMaster - INFO - [optimization]  - Missing optional dependency 'pyarrow'. pyarrow is required for parquet support. Use pip or conda to install pyarrow.
2026-01-03 01:08:07,179 - PathLensMaster - INFO - [optimization]  - Missing optional dependency 'fastparquet'. fastparquet is required for parquet support. Use pip or conda to install fastparquet.
2026-01-03 01:08:07,305 - PathLensMaster - INFO - [optimization] 2026-01-03 01:08:07,305 - __main__ - ERROR - Step failed (Extract high travel time nodes) with exit code 1
2026-01-03 01:08:07,305 - PathLensMaster - INFO - [optimization] Step failed (Extract high travel time nodes) with exit code 1.
2026-01-03 01:08:07,317 - PathLensMaster - ERROR - optimization failed with exit code 1
2026-01-03 01:08:07,318 - PathLensMaster - WARNING - Optimization pipeline failed. Continuing to landuse if requested.
2026-01-03 01:08:07,318 - PathLensMaster - INFO - Skipping landuse feasibility pipeline
2026-01-03 01:08:07,318 - PathLensMaster - INFO - ================================================================================
2026-01-03 01:08:07,318 - PathLensMaster - INFO - PATHLENS MASTER ORCHESTRATOR - SUMMARY
2026-01-03 01:08:07,318 - PathLensMaster - INFO - ================================================================================
2026-01-03 01:08:07,318 - PathLensMaster - INFO -   optimization         | FAILED
2026-01-03 01:08:07,318 - PathLensMaster - INFO - ================================================================================
2026-01-03 01:08:07,318 - PathLensMaster - INFO - Summary saved: /home/shogun/Documents/PathLens/data/logs/run_summary_20260103_010807.json
2026-01-03 01:08:07,318 - PathLensMaster - ERROR - Some pipelines failed
