2026-01-16 20:58:31,553 - PathLensMaster - INFO - Logging initialized: /home/shogun/Documents/PathLens/data/logs/pathlens_master_20260116_205831.log
2026-01-16 20:58:31,553 - PathLensMaster - INFO - PathLens Master Orchestrator Starting
2026-01-16 20:58:31,553 - PathLensMaster - INFO - Project root: /home/shogun/Documents/PathLens
2026-01-16 20:58:31,553 - PathLensMaster - INFO - Config: /home/shogun/Documents/PathLens/config.yaml
2026-01-16 20:58:31,554 - PathLensMaster - INFO - ================================================================================
2026-01-16 20:58:31,554 - PathLensMaster - INFO - PIPELINE: DATA-COLLECTION
2026-01-16 20:58:31,554 - PathLensMaster - INFO - ================================================================================
2026-01-16 20:58:31,554 - PathLensMaster - INFO - Command: /home/shogun/Documents/PathLens/venv/bin/python -u /home/shogun/Documents/PathLens/data-pipeline/run_pipeline.py --place Bangalore, India
2026-01-16 20:58:31,582 - PathLensMaster - INFO - [data-collection] [OK] POIs already converted: /home/shogun/Documents/PathLens/data/raw/osm/pois.parquet
2026-01-16 20:58:31,582 - PathLensMaster - INFO - [data-collection]   (Use --force to re-convert)
2026-01-16 20:58:31,582 - PathLensMaster - INFO - [data-collection] [OK] Using cached street network data from /home/shogun/Documents/PathLens/data/raw/osm/graph.graphml
2026-01-16 20:58:31,582 - PathLensMaster - INFO - [data-collection] [OK] Using cached processed graph: /home/shogun/Documents/PathLens/data/processed/graph.graphml
2026-01-16 20:58:31,582 - PathLensMaster - INFO - [data-collection] [OK] Using cached POI mapping: /home/shogun/Documents/PathLens/data/processed/poi_node_mapping.parquet
2026-01-16 20:58:31,582 - PathLensMaster - INFO - [data-collection]   (Use --force to re-process)
2026-01-16 20:58:31,582 - PathLensMaster - INFO - [data-collection] [OK] Using cached walkability scores: /home/shogun/Documents/PathLens/data/analysis/nodes_with_scores.parquet
2026-01-16 20:58:31,582 - PathLensMaster - INFO - [data-collection] [OK] Using cached H3 aggregates: /home/shogun/Documents/PathLens/data/analysis/h3_agg.parquet
2026-01-16 20:58:31,582 - PathLensMaster - INFO - [data-collection]   (Use --force to re-compute)
2026-01-16 20:58:31,582 - PathLensMaster - INFO - [data-collection] ============================================================
2026-01-16 20:58:31,582 - PathLensMaster - INFO - [data-collection] [COMPLETE] PathLens pipeline completed successfully!
2026-01-16 20:58:31,582 - PathLensMaster - INFO - [data-collection] ============================================================
2026-01-16 20:58:31,582 - PathLensMaster - INFO - [data-collection] [RESULTS]
2026-01-16 20:58:31,583 - PathLensMaster - INFO - [data-collection]   - Processed graph: /home/shogun/Documents/PathLens/data/processed/graph.graphml
2026-01-16 20:58:31,583 - PathLensMaster - INFO - [data-collection]   - Node scores: /home/shogun/Documents/PathLens/data/analysis/nodes_with_scores.csv
2026-01-16 20:58:31,583 - PathLensMaster - INFO - [data-collection]   - H3 aggregates: /home/shogun/Documents/PathLens/data/analysis/h3_agg.csv
2026-01-16 20:58:31,583 - PathLensMaster - INFO - [data-collection]   - Metrics summary: /home/shogun/Documents/PathLens/data/analysis/metrics_summary.json
2026-01-16 20:58:31,590 - PathLensMaster - INFO - data-collection completed successfully
2026-01-16 20:58:31,591 - PathLensMaster - INFO - ================================================================================
2026-01-16 20:58:31,591 - PathLensMaster - INFO - PIPELINE: OPTIMIZATION
2026-01-16 20:58:31,591 - PathLensMaster - INFO - ================================================================================
2026-01-16 20:58:31,591 - PathLensMaster - INFO - Command: /home/shogun/Documents/PathLens/venv/bin/python -u /home/shogun/Documents/PathLens/optimization-pipeline/run_optimization.py --ga-config /home/shogun/Documents/PathLens/config.yaml
2026-01-16 20:58:31,646 - PathLensMaster - INFO - [optimization] 2026-01-16 20:58:31,645 - __main__ - INFO - Logging initialized: /home/shogun/Documents/PathLens/data/optimization/runs/logs/optimization_run_20260116_205831.log
2026-01-16 20:58:31,646 - PathLensMaster - INFO - [optimization] 2026-01-16 20:58:31,646 - __main__ - INFO - PathLens Optimization Workflow
2026-01-16 20:58:31,646 - PathLensMaster - INFO - [optimization] 2026-01-16 20:58:31,646 - __main__ - INFO - Project root: /home/shogun/Documents/PathLens
2026-01-16 20:58:31,650 - PathLensMaster - INFO - [optimization] 2026-01-16 20:58:31,650 - __main__ - INFO - Hybrid GA-MILP enabled in config.yaml
2026-01-16 20:58:31,654 - PathLensMaster - INFO - [optimization] 2026-01-16 20:58:31,654 - __main__ - INFO - PNMLR enabled - using personalized utility evaluation
2026-01-16 20:58:31,654 - PathLensMaster - INFO - [optimization] 2026-01-16 20:58:31,654 - __main__ - INFO - ================================================================================
2026-01-16 20:58:31,654 - PathLensMaster - INFO - [optimization] 2026-01-16 20:58:31,654 - __main__ - INFO - > Extract high travel time nodes
2026-01-16 20:58:31,654 - PathLensMaster - INFO - [optimization] 2026-01-16 20:58:31,654 - __main__ - INFO - ================================================================================
2026-01-16 20:58:31,654 - PathLensMaster - INFO - [optimization] 2026-01-16 20:58:31,654 - __main__ - INFO - Command: /home/shogun/Documents/PathLens/venv/bin/python /home/shogun/Documents/PathLens/optimization-pipeline/list_optimizable_nodes.py --input /home/shogun/Documents/PathLens/data/analysis/nodes_with_scores.parquet --output /home/shogun/Documents/PathLens/data/optimization/runs/high_travel_time_nodes.csv
2026-01-16 20:58:32,414 - PathLensMaster - INFO - [optimization] Filtered 58943 nodes above 15.00 minutes; wrote 58943 rows to /home/shogun/Documents/PathLens/data/optimization/runs/high_travel_time_nodes.csv
2026-01-16 20:58:32,514 - PathLensMaster - INFO - [optimization] 2026-01-16 20:58:32,514 - __main__ - INFO - Extract high travel time nodes completed successfully
2026-01-16 20:58:32,514 - PathLensMaster - INFO - [optimization] 2026-01-16 20:58:32,514 - __main__ - INFO - Auto-detected 12 worker threads (75% of 16 cores)
2026-01-16 20:58:32,514 - PathLensMaster - INFO - [optimization] 2026-01-16 20:58:32,514 - __main__ - INFO - ================================================================================
2026-01-16 20:58:32,514 - PathLensMaster - INFO - [optimization] 2026-01-16 20:58:32,514 - __main__ - INFO - > Run hybrid genetic algorithm with MILP refinement
2026-01-16 20:58:32,514 - PathLensMaster - INFO - [optimization] 2026-01-16 20:58:32,514 - __main__ - INFO - ================================================================================
2026-01-16 20:58:32,514 - PathLensMaster - INFO - [optimization] 2026-01-16 20:58:32,514 - __main__ - INFO - Command: /home/shogun/Documents/PathLens/venv/bin/python /home/shogun/Documents/PathLens/optimization-pipeline/hybrid_ga.py --nodes-scores /home/shogun/Documents/PathLens/data/analysis/nodes_with_scores.parquet --high-travel /home/shogun/Documents/PathLens/data/optimization/runs/high_travel_time_nodes.csv --analysis-dir /home/shogun/Documents/PathLens/data/optimization/runs --config /home/shogun/Documents/PathLens/config.yaml --workers 12
2026-01-16 20:58:33,158 - PathLensMaster - INFO - [optimization] 2026-01-16 20:58:33,157 [INFO] Loaded configuration from /home/shogun/Documents/PathLens/config.yaml
2026-01-16 20:58:33,239 - PathLensMaster - INFO - [optimization] 2026-01-16 20:58:33,239 [INFO] Filtered 49251 nodes for school (too close to existing, < 1200m)
2026-01-16 20:58:33,295 - PathLensMaster - INFO - [optimization] 2026-01-16 20:58:33,295 [INFO] Amenity school pool prepared with 500 candidates (filtered for min 1200m from existing).
2026-01-16 20:58:33,327 - PathLensMaster - INFO - [optimization] 2026-01-16 20:58:33,326 [INFO] Filtered 45911 nodes for hospital (too close to existing, < 1200m)
2026-01-16 20:58:33,404 - PathLensMaster - INFO - [optimization] 2026-01-16 20:58:33,403 [INFO] Amenity hospital pool prepared with 500 candidates (filtered for min 1200m from existing).
2026-01-16 20:58:33,448 - PathLensMaster - INFO - [optimization] 2026-01-16 20:58:33,448 [INFO] Filtered 33465 nodes for pharmacy (too close to existing, < 1200m)
2026-01-16 20:58:33,614 - PathLensMaster - INFO - [optimization] 2026-01-16 20:58:33,614 [INFO] Amenity pharmacy pool prepared with 500 candidates (filtered for min 1200m from existing).
2026-01-16 20:58:33,655 - PathLensMaster - INFO - [optimization] 2026-01-16 20:58:33,655 [INFO] Filtered 39615 nodes for supermarket (too close to existing, < 1200m)
2026-01-16 20:58:33,763 - PathLensMaster - INFO - [optimization] 2026-01-16 20:58:33,763 [INFO] Amenity supermarket pool prepared with 500 candidates (filtered for min 1200m from existing).
2026-01-16 20:58:33,798 - PathLensMaster - INFO - [optimization] 2026-01-16 20:58:33,798 [INFO] Filtered 8669 nodes for bus_station (too close to existing, < 1200m)
2026-01-16 20:58:34,101 - PathLensMaster - INFO - [optimization] 2026-01-16 20:58:34,101 [INFO] Amenity bus_station pool prepared with 500 candidates (filtered for min 1200m from existing).
2026-01-16 20:58:34,138 - PathLensMaster - INFO - [optimization] 2026-01-16 20:58:34,138 [INFO] Filtered 50234 nodes for park (too close to existing, < 1200m)
2026-01-16 20:58:34,193 - PathLensMaster - INFO - [optimization] 2026-01-16 20:58:34,193 [INFO] Amenity park pool prepared with 500 candidates (filtered for min 1200m from existing).
2026-01-16 20:58:34,233 - PathLensMaster - INFO - [optimization] 2026-01-16 20:58:34,233 [INFO] Filtered 43176 nodes for bank (too close to existing, < 1200m)
2026-01-16 20:58:34,315 - PathLensMaster - INFO - [optimization] 2026-01-16 20:58:34,314 [INFO] Amenity bank pool prepared with 500 candidates (filtered for min 1200m from existing).
2026-01-16 20:58:34,318 - PathLensMaster - INFO - [optimization] 2026-01-16 20:58:34,318 [INFO] Loading graph for diversity penalty computation...
2026-01-16 20:58:34,319 - PathLensMaster - INFO - [optimization] 2026-01-16 20:58:34,319 [WARNING] Failed to load graph: syntax error: line 1, column 0 (diversity penalty disabled)
2026-01-16 20:58:34,319 - PathLensMaster - INFO - [optimization] 2026-01-16 20:58:34,319 [INFO] Analysing amenity distances for 58943 high-travel nodes.
2026-01-16 20:58:34,370 - PathLensMaster - INFO - [optimization] 2026-01-16 20:58:34,370 [INFO] Amenity school               | mean distance 751.15 m | available 58943
2026-01-16 20:58:34,373 - PathLensMaster - INFO - [optimization] 2026-01-16 20:58:34,373 [INFO] Amenity hospital             | mean distance 853.22 m | available 58943
2026-01-16 20:58:34,377 - PathLensMaster - INFO - [optimization] 2026-01-16 20:58:34,377 [INFO] Amenity pharmacy             | mean distance 1291.82 m | available 58943
2026-01-16 20:58:34,379 - PathLensMaster - INFO - [optimization] 2026-01-16 20:58:34,379 [INFO] Amenity supermarket          | mean distance 1089.76 m | available 58943
2026-01-16 20:58:34,381 - PathLensMaster - INFO - [optimization] 2026-01-16 20:58:34,381 [INFO] Amenity bus_station          | mean distance 2729.36 m | available 58943
2026-01-16 20:58:34,382 - PathLensMaster - INFO - [optimization] 2026-01-16 20:58:34,382 [INFO] Amenity park                 | mean distance 726.30 m | available 58943
2026-01-16 20:58:34,387 - PathLensMaster - INFO - [optimization] 2026-01-16 20:58:34,386 [INFO] Amenity bank                 | mean distance 957.46 m | available 58943
2026-01-16 20:58:34,391 - PathLensMaster - INFO - [optimization] 2026-01-16 20:58:34,391 [INFO] PNMLR hooks enabled from config
2026-01-16 20:58:34,392 - PathLensMaster - INFO - [optimization] 2026-01-16 20:58:34,391 [INFO] PNMLR hooks loaded successfully
2026-01-16 20:58:34,392 - PathLensMaster - INFO - [optimization] 2026-01-16 20:58:34,392 [WARNING] Landuse filtering requested but LanduseFeasibilityIntegration not available.
2026-01-16 20:58:34,392 - PathLensMaster - INFO - [optimization] 2026-01-16 20:58:34,392 [INFO] Starting hybrid GA: population=50, generations=25
2026-01-16 20:58:34,393 - PathLensMaster - INFO - [optimization] 2026-01-16 20:58:34,393 [INFO] Loaded PNMLR model from /home/shogun/Documents/PathLens/models/pnmlr_model.pkl
2026-01-16 20:58:34,393 - PathLensMaster - INFO - [optimization] 2026-01-16 20:58:34,393 [INFO] Loaded PNMLR model from /home/shogun/Documents/PathLens/models
2026-01-16 20:58:34,393 - PathLensMaster - INFO - [optimization] 2026-01-16 20:58:34,393 [INFO]   - 20 user profiles
2026-01-16 20:58:34,393 - PathLensMaster - INFO - [optimization] 2026-01-16 20:58:34,393 [INFO]   - 7 amenity types
2026-01-16 20:58:34,393 - PathLensMaster - INFO - [optimization] 2026-01-16 20:58:34,393 [INFO] Running PNMLR precompute for 77018 nodes.
2026-01-16 20:58:34,406 - PathLensMaster - INFO - [optimization] 2026-01-16 20:58:34,405 [INFO] Extracted 12 features for 77018 nodes
2026-01-16 20:58:36,952 - PathLensMaster - INFO - [optimization] 2026-01-16 20:58:36,951 [INFO] PNMLR utilities computed: range=[0.5816, 0.7199], mean=0.6556
2026-01-16 20:58:36,976 - PathLensMaster - INFO - [optimization] 2026-01-16 20:58:36,976 [INFO] Using 12 worker threads for candidate evaluation.
2026-01-16 20:58:36,980 - PathLensMaster - INFO - [optimization] 2026-01-16 20:58:36,979 [INFO] Loaded checkpoint from /home/shogun/Documents/PathLens/data/optimization/runs/checkpoint.json
2026-01-16 20:58:36,981 - PathLensMaster - INFO - [optimization] 2026-01-16 20:58:36,981 [INFO] Resuming from generation 1 with 50 individuals.
2026-01-16 20:58:36,997 - PathLensMaster - INFO - [optimization] Generations:   0%|          | 0/25 [00:00<?, ?gen/s]2026-01-16 20:58:36,996 [INFO] Evaluating generation 1/25
2026-01-16 20:58:37,465 - PathLensMaster - INFO - [optimization] Gen 1 eval:   0%|          | 0/50 [00:00<?, ?it/s][A
2026-01-16 20:58:37,587 - PathLensMaster - INFO - [optimization] Gen 1 eval:   2%|â–         | 1/50 [00:00<00:22,  2.13it/s][A
2026-01-16 20:58:37,754 - PathLensMaster - INFO - [optimization] Gen 1 eval:  26%|â–ˆâ–ˆâ–Œ       | 13/50 [00:00<00:01, 28.23it/s][A
2026-01-16 20:58:37,963 - PathLensMaster - INFO - [optimization] Gen 1 eval:  40%|â–ˆâ–ˆâ–ˆâ–ˆ      | 20/50 [00:00<00:00, 32.98it/s][A
2026-01-16 20:58:38,076 - PathLensMaster - INFO - [optimization] Gen 1 eval:  52%|â–ˆâ–ˆâ–ˆâ–ˆâ–ˆâ–    | 26/50 [00:00<00:00, 31.34it/s][A
2026-01-16 20:58:38,293 - PathLensMaster - INFO - [optimization] Gen 1 eval:  64%|â–ˆâ–ˆâ–ˆâ–ˆâ–ˆâ–ˆâ–   | 32/50 [00:01<00:00, 36.33it/s][A
2026-01-16 20:58:38,368 - PathLensMaster - INFO - [optimization] Gen 1 eval:  74%|â–ˆâ–ˆâ–ˆâ–ˆâ–ˆâ–ˆâ–ˆâ–  | 37/50 [00:01<00:00, 31.21it/s][A
2026-01-16 20:58:38,369 - PathLensMaster - INFO - [optimization]                                                            [A
2026-01-16 21:00:07,466 - PathLensMaster - INFO - [optimization] Gen 1 local_search:   0%|          | 0/5 [00:00<?, ?it/s][A
2026-01-16 21:01:54,559 - PathLensMaster - INFO - [optimization] Gen 1 local_search:  20%|â–ˆâ–ˆ        | 1/5 [01:29<05:56, 89.10s/it][A
2026-01-16 21:03:44,255 - PathLensMaster - INFO - [optimization] Gen 1 local_search:  40%|â–ˆâ–ˆâ–ˆâ–ˆ      | 2/5 [03:16<04:59, 99.68s/it][A
2026-01-16 21:04:53,358 - PathLensMaster - INFO - [optimization] Gen 1 local_search:  60%|â–ˆâ–ˆâ–ˆâ–ˆâ–ˆâ–ˆ    | 3/5 [05:05<03:28, 104.26s/it][A
2026-01-16 21:06:00,398 - PathLensMaster - INFO - [optimization] Gen 1 local_search:  80%|â–ˆâ–ˆâ–ˆâ–ˆâ–ˆâ–ˆâ–ˆâ–ˆ  | 4/5 [06:14<01:30, 90.38s/it] [A
2026-01-16 21:06:00,399 - PathLensMaster - INFO - [optimization] Gen 1 local_search: 100%|â–ˆâ–ˆâ–ˆâ–ˆâ–ˆâ–ˆâ–ˆâ–ˆâ–ˆâ–ˆ| 5/5 [07:22<00:00, 81.96s/it][A
2026-01-16 21:06:00,399 - PathLensMaster - INFO - [optimization]                                                                  [A2026-01-16 21:06:00,398 [INFO] Generation 1 best fitness 55.8964 | template=None | placements={'school': 31, 'hospital': 30, 'pharmacy': 32, 'supermarket': 33, 'bus_station': 41, 'park': 27, 'bank': 22} | elapsed=443.40s
2026-01-16 21:06:00,412 - PathLensMaster - INFO - [optimization] Generations:   4%|â–         | 1/25 [07:23<2:57:22, 443.43s/gen]2026-01-16 21:06:00,412 [INFO] Evaluating generation 2/25
2026-01-16 21:06:00,850 - PathLensMaster - INFO - [optimization] Gen 2 eval:   0%|          | 0/50 [00:00<?, ?it/s][A
2026-01-16 21:06:00,984 - PathLensMaster - INFO - [optimization] Gen 2 eval:   2%|â–         | 1/50 [00:00<00:21,  2.28it/s][A
2026-01-16 21:06:01,124 - PathLensMaster - INFO - [optimization] Gen 2 eval:  30%|â–ˆâ–ˆâ–ˆ       | 15/50 [00:00<00:01, 33.39it/s][A
2026-01-16 21:06:01,247 - PathLensMaster - INFO - [optimization] Gen 2 eval:  44%|â–ˆâ–ˆâ–ˆâ–ˆâ–     | 22/50 [00:00<00:00, 38.55it/s][A
2026-01-16 21:06:01,490 - PathLensMaster - INFO - [optimization] Gen 2 eval:  56%|â–ˆâ–ˆâ–ˆâ–ˆâ–ˆâ–Œ    | 28/50 [00:00<00:00, 41.46it/s][A
2026-01-16 21:06:01,573 - PathLensMaster - INFO - [optimization] Gen 2 eval:  72%|â–ˆâ–ˆâ–ˆâ–ˆâ–ˆâ–ˆâ–ˆâ–  | 36/50 [00:01<00:00, 37.65it/s][A
2026-01-16 21:06:01,574 - PathLensMaster - INFO - [optimization]                                                            [A
2026-01-16 21:06:08,553 - PathLensMaster - INFO - [optimization] Gen 2 local_search:   0%|          | 0/5 [00:00<?, ?it/s][A
2026-01-16 21:06:15,682 - PathLensMaster - INFO - [optimization] Gen 2 local_search:  20%|â–ˆâ–ˆ        | 1/5 [00:06<00:27,  6.98s/it][A
2026-01-16 21:06:22,841 - PathLensMaster - INFO - [optimization] Gen 2 local_search:  40%|â–ˆâ–ˆâ–ˆâ–ˆ      | 2/5 [00:14<00:21,  7.07s/it][A
2026-01-16 21:07:43,992 - PathLensMaster - INFO - [optimization] Gen 2 local_search:  60%|â–ˆâ–ˆâ–ˆâ–ˆâ–ˆâ–ˆ    | 3/5 [00:21<00:14,  7.11s/it][A
2026-01-16 21:07:52,410 - PathLensMaster - INFO - [optimization] Gen 2 local_search:  80%|â–ˆâ–ˆâ–ˆâ–ˆâ–ˆâ–ˆâ–ˆâ–ˆ  | 4/5 [01:42<00:36, 36.34s/it][A
2026-01-16 21:07:52,410 - PathLensMaster - INFO - [optimization] Gen 2 local_search: 100%|â–ˆâ–ˆâ–ˆâ–ˆâ–ˆâ–ˆâ–ˆâ–ˆâ–ˆâ–ˆ| 5/5 [01:50<00:00, 26.27s/it][A
2026-01-16 21:07:52,410 - PathLensMaster - INFO - [optimization]                                                                  [A2026-01-16 21:07:52,410 [INFO] Generation 2 best fitness 65.1666 | template=None | placements={'pharmacy': 24, 'supermarket': 17, 'school': 7, 'bus_station': 9, 'hospital': 11, 'bank': 2, 'park': 19} | elapsed=112.00s
2026-01-16 21:07:52,427 - PathLensMaster - INFO - [optimization] Generations:   8%|â–Š         | 2/25 [09:15<1:35:15, 248.48s/gen]2026-01-16 21:07:52,427 [INFO] Evaluating generation 3/25
2026-01-16 21:07:52,913 - PathLensMaster - INFO - [optimization] Gen 3 eval:   0%|          | 0/50 [00:00<?, ?it/s][A
2026-01-16 21:07:53,079 - PathLensMaster - INFO - [optimization] Gen 3 eval:   2%|â–         | 1/50 [00:00<00:23,  2.06it/s][A
2026-01-16 21:07:53,229 - PathLensMaster - INFO - [optimization] Gen 3 eval:  20%|â–ˆâ–ˆ        | 10/50 [00:00<00:02, 19.20it/s][A
2026-01-16 21:07:53,502 - PathLensMaster - INFO - [optimization] Gen 3 eval:  38%|â–ˆâ–ˆâ–ˆâ–Š      | 19/50 [00:00<00:00, 31.32it/s][A
2026-01-16 21:07:53,653 - PathLensMaster - INFO - [optimization] Gen 3 eval:  50%|â–ˆâ–ˆâ–ˆâ–ˆâ–ˆ     | 25/50 [00:01<00:00, 27.24it/s][A
2026-01-16 21:07:53,764 - PathLensMaster - INFO - [optimization] Gen 3 eval:  68%|â–ˆâ–ˆâ–ˆâ–ˆâ–ˆâ–ˆâ–Š   | 34/50 [00:01<00:00, 35.57it/s][A
2026-01-16 21:07:53,831 - PathLensMaster - INFO - [optimization] Gen 3 eval:  86%|â–ˆâ–ˆâ–ˆâ–ˆâ–ˆâ–ˆâ–ˆâ–ˆâ–Œ | 43/50 [00:01<00:00, 45.16it/s][A
2026-01-16 21:07:53,832 - PathLensMaster - INFO - [optimization]                                                            [A
2026-01-16 21:09:01,634 - PathLensMaster - INFO - [optimization] Gen 3 local_search:   0%|          | 0/5 [00:00<?, ?it/s][A
2026-01-16 21:09:07,611 - PathLensMaster - INFO - [optimization] Gen 3 local_search:  20%|â–ˆâ–ˆ        | 1/5 [01:07<04:31, 67.80s/it][A
2026-01-16 21:10:02,737 - PathLensMaster - INFO - [optimization] Gen 3 local_search:  40%|â–ˆâ–ˆâ–ˆâ–ˆ      | 2/5 [01:13<01:34, 31.43s/it][A
2026-01-16 21:11:25,812 - PathLensMaster - INFO - [optimization] Gen 3 local_search:  60%|â–ˆâ–ˆâ–ˆâ–ˆâ–ˆâ–ˆ    | 3/5 [02:08<01:24, 42.25s/it][A
2026-01-16 21:11:31,820 - PathLensMaster - INFO - [optimization] Gen 3 local_search:  80%|â–ˆâ–ˆâ–ˆâ–ˆâ–ˆâ–ˆâ–ˆâ–ˆ  | 4/5 [03:31<00:58, 58.37s/it][A
2026-01-16 21:11:31,821 - PathLensMaster - INFO - [optimization] Gen 3 local_search: 100%|â–ˆâ–ˆâ–ˆâ–ˆâ–ˆâ–ˆâ–ˆâ–ˆâ–ˆâ–ˆ| 5/5 [03:37<00:00, 39.49s/it][A
2026-01-16 21:11:31,821 - PathLensMaster - INFO - [optimization]                                                                  [A2026-01-16 21:11:31,820 [INFO] Generation 3 best fitness 70.4229 | template=None | placements={'pharmacy': 24, 'supermarket': 17, 'school': 7, 'bus_station': 11, 'hospital': 11, 'bank': 8, 'park': 21} | elapsed=219.39s
2026-01-16 21:11:31,831 - PathLensMaster - INFO - [optimization] Generations:  12%|â–ˆâ–        | 3/25 [12:54<1:26:14, 235.20s/gen]2026-01-16 21:11:31,830 [INFO] Evaluating generation 4/25
2026-01-16 21:11:32,454 - PathLensMaster - INFO - [optimization] Gen 4 eval:   0%|          | 0/50 [00:00<?, ?it/s][A
2026-01-16 21:11:32,578 - PathLensMaster - INFO - [optimization] Gen 4 eval:   2%|â–         | 1/50 [00:00<00:30,  1.61it/s][A
2026-01-16 21:11:32,789 - PathLensMaster - INFO - [optimization] Gen 4 eval:  66%|â–ˆâ–ˆâ–ˆâ–ˆâ–ˆâ–ˆâ–Œ   | 33/50 [00:00<00:00, 58.37it/s][A
2026-01-16 21:11:32,790 - PathLensMaster - INFO - [optimization] Gen 4 eval:  98%|â–ˆâ–ˆâ–ˆâ–ˆâ–ˆâ–ˆâ–ˆâ–ˆâ–ˆâ–Š| 49/50 [00:00<00:00, 64.43it/s][A
2026-01-16 21:11:32,790 - PathLensMaster - INFO - [optimization]                                                            [A
2026-01-16 21:11:38,891 - PathLensMaster - INFO - [optimization] Gen 4 local_search:   0%|          | 0/5 [00:00<?, ?it/s][A
2026-01-16 21:11:44,808 - PathLensMaster - INFO - [optimization] Gen 4 local_search:  20%|â–ˆâ–ˆ        | 1/5 [00:06<00:24,  6.10s/it][A
2026-01-16 21:11:50,780 - PathLensMaster - INFO - [optimization] Gen 4 local_search:  40%|â–ˆâ–ˆâ–ˆâ–ˆ      | 2/5 [00:12<00:17,  5.99s/it][A
2026-01-16 21:12:04,952 - PathLensMaster - INFO - [optimization] Gen 4 local_search:  60%|â–ˆâ–ˆâ–ˆâ–ˆâ–ˆâ–ˆ    | 3/5 [00:17<00:11,  5.98s/it][A
2026-01-16 21:12:16,027 - PathLensMaster - INFO - [optimization] Gen 4 local_search:  80%|â–ˆâ–ˆâ–ˆâ–ˆâ–ˆâ–ˆâ–ˆâ–ˆ  | 4/5 [00:32<00:09,  9.22s/it][A
2026-01-16 21:12:16,027 - PathLensMaster - INFO - [optimization] Gen 4 local_search: 100%|â–ˆâ–ˆâ–ˆâ–ˆâ–ˆâ–ˆâ–ˆâ–ˆâ–ˆâ–ˆ| 5/5 [00:43<00:00,  9.89s/it][A
2026-01-16 21:12:16,027 - PathLensMaster - INFO - [optimization]                                                                  [A2026-01-16 21:12:16,027 [INFO] Generation 4 best fitness 71.1976 | template=None | placements={'pharmacy': 24, 'supermarket': 17, 'school': 8, 'bus_station': 11, 'hospital': 11, 'bank': 8, 'park': 21} | elapsed=44.20s
2026-01-16 21:12:16,035 - PathLensMaster - INFO - [optimization] Generations:  16%|â–ˆâ–Œ        | 4/25 [13:39<55:55, 159.80s/gen]  2026-01-16 21:12:16,035 [INFO] Evaluating generation 5/25
2026-01-16 21:12:16,674 - PathLensMaster - INFO - [optimization] Gen 5 eval:   0%|          | 0/50 [00:00<?, ?it/s][A
2026-01-16 21:12:16,800 - PathLensMaster - INFO - [optimization] Gen 5 eval:   2%|â–         | 1/50 [00:00<00:31,  1.57it/s][A
2026-01-16 21:12:16,955 - PathLensMaster - INFO - [optimization] Gen 5 eval:  66%|â–ˆâ–ˆâ–ˆâ–ˆâ–ˆâ–ˆâ–Œ   | 33/50 [00:00<00:00, 57.05it/s][A
2026-01-16 21:12:16,968 - PathLensMaster - INFO - [optimization] Gen 5 eval:  98%|â–ˆâ–ˆâ–ˆâ–ˆâ–ˆâ–ˆâ–ˆâ–ˆâ–ˆâ–Š| 49/50 [00:00<00:00, 69.91it/s][A
2026-01-16 21:12:16,968 - PathLensMaster - INFO - [optimization]                                                            [A
2026-01-16 21:12:22,387 - PathLensMaster - INFO - [optimization] Gen 5 local_search:   0%|          | 0/5 [00:00<?, ?it/s][A
2026-01-16 21:12:28,457 - PathLensMaster - INFO - [optimization] Gen 5 local_search:  20%|â–ˆâ–ˆ        | 1/5 [00:05<00:21,  5.42s/it][A
2026-01-16 21:12:34,436 - PathLensMaster - INFO - [optimization] Gen 5 local_search:  40%|â–ˆâ–ˆâ–ˆâ–ˆ      | 2/5 [00:11<00:17,  5.80s/it][A
2026-01-16 21:12:40,357 - PathLensMaster - INFO - [optimization] Gen 5 local_search:  60%|â–ˆâ–ˆâ–ˆâ–ˆâ–ˆâ–ˆ    | 3/5 [00:17<00:11,  5.88s/it][A
2026-01-16 21:12:52,291 - PathLensMaster - INFO - [optimization] Gen 5 local_search:  80%|â–ˆâ–ˆâ–ˆâ–ˆâ–ˆâ–ˆâ–ˆâ–ˆ  | 4/5 [00:23<00:05,  5.90s/it][A
2026-01-16 21:12:52,291 - PathLensMaster - INFO - [optimization] Gen 5 local_search: 100%|â–ˆâ–ˆâ–ˆâ–ˆâ–ˆâ–ˆâ–ˆâ–ˆâ–ˆâ–ˆ| 5/5 [00:35<00:00,  8.07s/it][A
2026-01-16 21:12:52,292 - PathLensMaster - INFO - [optimization]                                                                  [A2026-01-16 21:12:52,291 [INFO] Generation 5 best fitness 71.9953 | template=None | placements={'pharmacy': 29, 'supermarket': 20, 'school': 28, 'bus_station': 20, 'hospital': 11, 'bank': 29, 'park': 13} | elapsed=36.26s
2026-01-16 21:12:52,299 - PathLensMaster - INFO - [optimization] Generations:  20%|â–ˆâ–ˆ        | 5/25 [14:15<38:25, 115.25s/gen]2026-01-16 21:12:52,299 [INFO] Evaluating generation 6/25
2026-01-16 21:12:52,882 - PathLensMaster - INFO - [optimization] Gen 6 eval:   0%|          | 0/50 [00:00<?, ?it/s][A
2026-01-16 21:12:53,020 - PathLensMaster - INFO - [optimization] Gen 6 eval:   2%|â–         | 1/50 [00:00<00:28,  1.72it/s][A
2026-01-16 21:12:53,202 - PathLensMaster - INFO - [optimization] Gen 6 eval:  66%|â–ˆâ–ˆâ–ˆâ–ˆâ–ˆâ–ˆâ–Œ   | 33/50 [00:00<00:00, 59.85it/s][A
2026-01-16 21:12:53,207 - PathLensMaster - INFO - [optimization] Gen 6 eval:  94%|â–ˆâ–ˆâ–ˆâ–ˆâ–ˆâ–ˆâ–ˆâ–ˆâ–ˆâ–| 47/50 [00:00<00:00, 65.44it/s][A
2026-01-16 21:12:53,208 - PathLensMaster - INFO - [optimization]                                                            [A
2026-01-16 21:12:58,653 - PathLensMaster - INFO - [optimization] Gen 6 local_search:   0%|          | 0/5 [00:00<?, ?it/s][A
2026-01-16 21:13:04,662 - PathLensMaster - INFO - [optimization] Gen 6 local_search:  20%|â–ˆâ–ˆ        | 1/5 [00:05<00:21,  5.45s/it][A
2026-01-16 21:14:19,289 - PathLensMaster - INFO - [optimization] Gen 6 local_search:  40%|â–ˆâ–ˆâ–ˆâ–ˆ      | 2/5 [00:11<00:17,  5.78s/it][A
2026-01-16 21:14:25,223 - PathLensMaster - INFO - [optimization] Gen 6 local_search:  60%|â–ˆâ–ˆâ–ˆâ–ˆâ–ˆâ–ˆ    | 3/5 [01:26<01:14, 37.22s/it][A
2026-01-16 21:14:31,147 - PathLensMaster - INFO - [optimization] Gen 6 local_search:  80%|â–ˆâ–ˆâ–ˆâ–ˆâ–ˆâ–ˆâ–ˆâ–ˆ  | 4/5 [01:32<00:24, 24.87s/it][A
2026-01-16 21:14:31,147 - PathLensMaster - INFO - [optimization] Gen 6 local_search: 100%|â–ˆâ–ˆâ–ˆâ–ˆâ–ˆâ–ˆâ–ˆâ–ˆâ–ˆâ–ˆ| 5/5 [01:37<00:00, 18.04s/it][A
2026-01-16 21:14:31,147 - PathLensMaster - INFO - [optimization]                                                                  [A2026-01-16 21:14:31,147 [INFO] Generation 6 best fitness 86.2994 | template=None | placements={'pharmacy': 21, 'supermarket': 16, 'school': 6, 'bus_station': 28, 'hospital': 24, 'bank': 11, 'park': 14} | elapsed=98.85s
2026-01-16 21:14:31,154 - PathLensMaster - INFO - [optimization] Generations:  24%|â–ˆâ–ˆâ–       | 6/25 [15:54<34:43, 109.68s/gen]2026-01-16 21:14:31,154 [INFO] Evaluating generation 7/25
2026-01-16 21:14:31,854 - PathLensMaster - INFO - [optimization] Gen 7 eval:   0%|          | 0/50 [00:00<?, ?it/s][A
2026-01-16 21:14:32,037 - PathLensMaster - INFO - [optimization] Gen 7 eval:   2%|â–         | 1/50 [00:00<00:34,  1.43it/s][A
2026-01-16 21:14:32,046 - PathLensMaster - INFO - [optimization] Gen 7 eval:  72%|â–ˆâ–ˆâ–ˆâ–ˆâ–ˆâ–ˆâ–ˆâ–  | 36/50 [00:00<00:00, 53.06it/s][A
2026-01-16 21:14:32,046 - PathLensMaster - INFO - [optimization]                                                            [A
2026-01-16 21:14:37,591 - PathLensMaster - INFO - [optimization] Gen 7 local_search:   0%|          | 0/5 [00:00<?, ?it/s][A
2026-01-16 21:16:02,182 - PathLensMaster - INFO - [optimization] Gen 7 local_search:  20%|â–ˆâ–ˆ        | 1/5 [00:05<00:22,  5.54s/it][A
2026-01-16 21:16:07,571 - PathLensMaster - INFO - [optimization] Gen 7 local_search:  40%|â–ˆâ–ˆâ–ˆâ–ˆ      | 2/5 [01:30<02:36, 52.04s/it][A
2026-01-16 21:16:49,561 - PathLensMaster - INFO - [optimization] Gen 7 local_search:  60%|â–ˆâ–ˆâ–ˆâ–ˆâ–ˆâ–ˆ    | 3/5 [01:35<01:01, 30.74s/it][A
2026-01-16 21:16:55,622 - PathLensMaster - INFO - [optimization] Gen 7 local_search:  80%|â–ˆâ–ˆâ–ˆâ–ˆâ–ˆâ–ˆâ–ˆâ–ˆ  | 4/5 [02:17<00:35, 35.18s/it][A
2026-01-16 21:16:55,623 - PathLensMaster - INFO - [optimization] Gen 7 local_search: 100%|â–ˆâ–ˆâ–ˆâ–ˆâ–ˆâ–ˆâ–ˆâ–ˆâ–ˆâ–ˆ| 5/5 [02:23<00:00, 24.68s/it][A
2026-01-16 21:16:55,623 - PathLensMaster - INFO - [optimization]                                                                  [A2026-01-16 21:16:55,623 [INFO] Generation 7 best fitness 87.2200 | template=None | placements={'pharmacy': 21, 'supermarket': 17, 'school': 9, 'bus_station': 19, 'hospital': 24, 'bank': 12, 'park': 15} | elapsed=144.47s
2026-01-16 21:16:55,630 - PathLensMaster - INFO - [optimization] Generations:  28%|â–ˆâ–ˆâ–Š       | 7/25 [18:18<36:18, 121.05s/gen]2026-01-16 21:16:55,630 [INFO] Evaluating generation 8/25
2026-01-16 21:16:56,093 - PathLensMaster - INFO - [optimization] Gen 8 eval:   0%|          | 0/50 [00:00<?, ?it/s][A
2026-01-16 21:16:56,225 - PathLensMaster - INFO - [optimization] Gen 8 eval:   2%|â–         | 1/50 [00:00<00:22,  2.16it/s][A
2026-01-16 21:16:56,457 - PathLensMaster - INFO - [optimization] Gen 8 eval:  58%|â–ˆâ–ˆâ–ˆâ–ˆâ–ˆâ–Š    | 29/50 [00:00<00:00, 62.93it/s][A
2026-01-16 21:16:56,504 - PathLensMaster - INFO - [optimization] Gen 8 eval:  84%|â–ˆâ–ˆâ–ˆâ–ˆâ–ˆâ–ˆâ–ˆâ–ˆâ– | 42/50 [00:00<00:00, 60.11it/s][A
2026-01-16 21:16:56,505 - PathLensMaster - INFO - [optimization]                                                            [A
2026-01-16 21:17:02,094 - PathLensMaster - INFO - [optimization] Gen 8 local_search:   0%|          | 0/5 [00:00<?, ?it/s][A
2026-01-16 21:17:07,670 - PathLensMaster - INFO - [optimization] Gen 8 local_search:  20%|â–ˆâ–ˆ        | 1/5 [00:05<00:22,  5.59s/it][A
2026-01-16 21:17:13,293 - PathLensMaster - INFO - [optimization] Gen 8 local_search:  40%|â–ˆâ–ˆâ–ˆâ–ˆ      | 2/5 [00:11<00:16,  5.58s/it][A
2026-01-16 21:17:18,570 - PathLensMaster - INFO - [optimization] Gen 8 local_search:  60%|â–ˆâ–ˆâ–ˆâ–ˆâ–ˆâ–ˆ    | 3/5 [00:16<00:11,  5.60s/it][A
2026-01-16 21:17:23,775 - PathLensMaster - INFO - [optimization] Gen 8 local_search:  80%|â–ˆâ–ˆâ–ˆâ–ˆâ–ˆâ–ˆâ–ˆâ–ˆ  | 4/5 [00:22<00:05,  5.47s/it][A
2026-01-16 21:17:23,775 - PathLensMaster - INFO - [optimization] Gen 8 local_search: 100%|â–ˆâ–ˆâ–ˆâ–ˆâ–ˆâ–ˆâ–ˆâ–ˆâ–ˆâ–ˆ| 5/5 [00:27<00:00,  5.38s/it][A
2026-01-16 21:17:23,775 - PathLensMaster - INFO - [optimization]                                                                  [A2026-01-16 21:17:23,775 [INFO] Generation 8 best fitness 87.2200 | template=None | placements={'pharmacy': 21, 'supermarket': 17, 'school': 9, 'bus_station': 19, 'hospital': 24, 'bank': 12, 'park': 15} | elapsed=28.14s
2026-01-16 21:17:23,782 - PathLensMaster - INFO - [optimization] Generations:  32%|â–ˆâ–ˆâ–ˆâ–      | 8/25 [18:46<25:55, 91.48s/gen] 2026-01-16 21:17:23,781 [INFO] Evaluating generation 9/25
2026-01-16 21:17:24,145 - PathLensMaster - INFO - [optimization] Gen 9 eval:   0%|          | 0/50 [00:00<?, ?it/s][A
2026-01-16 21:17:24,446 - PathLensMaster - INFO - [optimization] Gen 9 eval:   2%|â–         | 1/50 [00:00<00:17,  2.75it/s][A
2026-01-16 21:17:24,576 - PathLensMaster - INFO - [optimization] Gen 9 eval:  40%|â–ˆâ–ˆâ–ˆâ–ˆ      | 20/50 [00:00<00:00, 35.50it/s][A
2026-01-16 21:17:24,659 - PathLensMaster - INFO - [optimization] Gen 9 eval:  66%|â–ˆâ–ˆâ–ˆâ–ˆâ–ˆâ–ˆâ–Œ   | 33/50 [00:00<00:00, 51.67it/s][A
2026-01-16 21:17:24,660 - PathLensMaster - INFO - [optimization]                                                            [A
2026-01-16 21:17:30,363 - PathLensMaster - INFO - [optimization] Gen 9 local_search:   0%|          | 0/5 [00:00<?, ?it/s][A
2026-01-16 21:17:36,071 - PathLensMaster - INFO - [optimization] Gen 9 local_search:  20%|â–ˆâ–ˆ        | 1/5 [00:05<00:22,  5.70s/it][A
2026-01-16 21:17:41,627 - PathLensMaster - INFO - [optimization] Gen 9 local_search:  40%|â–ˆâ–ˆâ–ˆâ–ˆ      | 2/5 [00:11<00:17,  5.71s/it][A
2026-01-16 21:17:47,296 - PathLensMaster - INFO - [optimization] Gen 9 local_search:  60%|â–ˆâ–ˆâ–ˆâ–ˆâ–ˆâ–ˆ    | 3/5 [00:16<00:11,  5.64s/it][A
2026-01-16 21:17:52,861 - PathLensMaster - INFO - [optimization] Gen 9 local_search:  80%|â–ˆâ–ˆâ–ˆâ–ˆâ–ˆâ–ˆâ–ˆâ–ˆ  | 4/5 [00:22<00:05,  5.65s/it][A
2026-01-16 21:17:52,861 - PathLensMaster - INFO - [optimization] Gen 9 local_search: 100%|â–ˆâ–ˆâ–ˆâ–ˆâ–ˆâ–ˆâ–ˆâ–ˆâ–ˆâ–ˆ| 5/5 [00:28<00:00,  5.62s/it][A
2026-01-16 21:17:52,861 - PathLensMaster - INFO - [optimization]                                                                  [A2026-01-16 21:17:52,861 [INFO] Generation 9 best fitness 87.2200 | template=None | placements={'pharmacy': 21, 'supermarket': 17, 'school': 9, 'bus_station': 19, 'hospital': 24, 'bank': 12, 'park': 15} | elapsed=29.08s
2026-01-16 21:17:52,867 - PathLensMaster - INFO - [optimization] Generations:  36%|â–ˆâ–ˆâ–ˆâ–Œ      | 9/25 [19:15<19:11, 71.97s/gen]2026-01-16 21:17:52,867 [INFO] Evaluating generation 10/25
2026-01-16 21:17:53,672 - PathLensMaster - INFO - [optimization] Gen 10 eval:   0%|          | 0/50 [00:00<?, ?it/s][A
2026-01-16 21:17:53,690 - PathLensMaster - INFO - [optimization] Gen 10 eval:   2%|â–         | 1/50 [00:00<00:39,  1.24it/s][A
2026-01-16 21:17:53,691 - PathLensMaster - INFO - [optimization]                                                            [A
2026-01-16 21:17:59,372 - PathLensMaster - INFO - [optimization] Gen 10 local_search:   0%|          | 0/5 [00:00<?, ?it/s][A
2026-01-16 21:18:05,006 - PathLensMaster - INFO - [optimization] Gen 10 local_search:  20%|â–ˆâ–ˆ        | 1/5 [00:05<00:22,  5.68s/it][A
2026-01-16 21:18:10,591 - PathLensMaster - INFO - [optimization] Gen 10 local_search:  40%|â–ˆâ–ˆâ–ˆâ–ˆ      | 2/5 [00:11<00:16,  5.65s/it][A
2026-01-16 21:18:16,104 - PathLensMaster - INFO - [optimization] Gen 10 local_search:  60%|â–ˆâ–ˆâ–ˆâ–ˆâ–ˆâ–ˆ    | 3/5 [00:16<00:11,  5.62s/it][A
2026-01-16 21:18:21,811 - PathLensMaster - INFO - [optimization] Gen 10 local_search:  80%|â–ˆâ–ˆâ–ˆâ–ˆâ–ˆâ–ˆâ–ˆâ–ˆ  | 4/5 [00:22<00:05,  5.58s/it][A
2026-01-16 21:18:21,812 - PathLensMaster - INFO - [optimization] Gen 10 local_search: 100%|â–ˆâ–ˆâ–ˆâ–ˆâ–ˆâ–ˆâ–ˆâ–ˆâ–ˆâ–ˆ| 5/5 [00:28<00:00,  5.63s/it][A
2026-01-16 21:18:21,812 - PathLensMaster - INFO - [optimization]                                                                   [A2026-01-16 21:18:21,812 [INFO] Generation 10 best fitness 87.2200 | template=None | placements={'pharmacy': 21, 'supermarket': 17, 'school': 9, 'bus_station': 19, 'hospital': 24, 'bank': 12, 'park': 15} | elapsed=28.94s
2026-01-16 21:18:21,817 - PathLensMaster - INFO - [optimization] Generations:  40%|â–ˆâ–ˆâ–ˆâ–ˆ      | 10/25 [19:44<14:40, 58.69s/gen]2026-01-16 21:18:21,817 [INFO] Evaluating generation 11/25
2026-01-16 21:18:22,339 - PathLensMaster - INFO - [optimization] Gen 11 eval:   0%|          | 0/50 [00:00<?, ?it/s][A
2026-01-16 21:18:22,554 - PathLensMaster - INFO - [optimization] Gen 11 eval:   2%|â–         | 1/50 [00:00<00:25,  1.92it/s][A
2026-01-16 21:18:22,655 - PathLensMaster - INFO - [optimization] Gen 11 eval:  62%|â–ˆâ–ˆâ–ˆâ–ˆâ–ˆâ–ˆâ–   | 31/50 [00:00<00:00, 52.95it/s][A
2026-01-16 21:18:22,681 - PathLensMaster - INFO - [optimization] Gen 11 eval:  94%|â–ˆâ–ˆâ–ˆâ–ˆâ–ˆâ–ˆâ–ˆâ–ˆâ–ˆâ–| 47/50 [00:00<00:00, 73.87it/s][A
2026-01-16 21:18:22,682 - PathLensMaster - INFO - [optimization]                                                             [A
2026-01-16 21:18:28,329 - PathLensMaster - INFO - [optimization] Gen 11 local_search:   0%|          | 0/5 [00:00<?, ?it/s][A
2026-01-16 21:18:34,032 - PathLensMaster - INFO - [optimization] Gen 11 local_search:  20%|â–ˆâ–ˆ        | 1/5 [00:05<00:22,  5.65s/it][A
2026-01-16 21:18:39,676 - PathLensMaster - INFO - [optimization] Gen 11 local_search:  40%|â–ˆâ–ˆâ–ˆâ–ˆ      | 2/5 [00:11<00:17,  5.68s/it][A
2026-01-16 21:18:45,216 - PathLensMaster - INFO - [optimization] Gen 11 local_search:  60%|â–ˆâ–ˆâ–ˆâ–ˆâ–ˆâ–ˆ    | 3/5 [00:16<00:11,  5.66s/it][A
2026-01-16 21:18:50,727 - PathLensMaster - INFO - [optimization] Gen 11 local_search:  80%|â–ˆâ–ˆâ–ˆâ–ˆâ–ˆâ–ˆâ–ˆâ–ˆ  | 4/5 [00:22<00:05,  5.61s/it][A
2026-01-16 21:18:50,727 - PathLensMaster - INFO - [optimization] Gen 11 local_search: 100%|â–ˆâ–ˆâ–ˆâ–ˆâ–ˆâ–ˆâ–ˆâ–ˆâ–ˆâ–ˆ| 5/5 [00:28<00:00,  5.58s/it][A
2026-01-16 21:18:50,727 - PathLensMaster - INFO - [optimization]                                                                   [A2026-01-16 21:18:50,727 [INFO] Generation 11 best fitness 88.8142 | template=None | placements={'pharmacy': 23, 'supermarket': 16, 'school': 6, 'bus_station': 27, 'hospital': 24, 'bank': 11, 'park': 14} | elapsed=28.91s
2026-01-16 21:18:50,734 - PathLensMaster - INFO - [optimization] Generations:  44%|â–ˆâ–ˆâ–ˆâ–ˆâ–     | 11/25 [20:13<11:34, 49.58s/gen]2026-01-16 21:18:50,733 [INFO] Evaluating generation 12/25
2026-01-16 21:18:51,354 - PathLensMaster - INFO - [optimization] Gen 12 eval:   0%|          | 0/50 [00:00<?, ?it/s][A
2026-01-16 21:18:51,467 - PathLensMaster - INFO - [optimization] Gen 12 eval:   2%|â–         | 1/50 [00:00<00:30,  1.61it/s][A
2026-01-16 21:18:51,612 - PathLensMaster - INFO - [optimization] Gen 12 eval:  70%|â–ˆâ–ˆâ–ˆâ–ˆâ–ˆâ–ˆâ–ˆ   | 35/50 [00:00<00:00, 63.43it/s][A
2026-01-16 21:18:51,613 - PathLensMaster - INFO - [optimization]                                                             [A
2026-01-16 21:18:57,226 - PathLensMaster - INFO - [optimization] Gen 12 local_search:   0%|          | 0/5 [00:00<?, ?it/s][A
2026-01-16 21:19:02,880 - PathLensMaster - INFO - [optimization] Gen 12 local_search:  20%|â–ˆâ–ˆ        | 1/5 [00:05<00:22,  5.61s/it][A
2026-01-16 21:19:08,483 - PathLensMaster - INFO - [optimization] Gen 12 local_search:  40%|â–ˆâ–ˆâ–ˆâ–ˆ      | 2/5 [00:11<00:16,  5.64s/it][A
2026-01-16 21:19:14,185 - PathLensMaster - INFO - [optimization] Gen 12 local_search:  60%|â–ˆâ–ˆâ–ˆâ–ˆâ–ˆâ–ˆ    | 3/5 [00:16<00:11,  5.62s/it][A
2026-01-16 21:19:19,808 - PathLensMaster - INFO - [optimization] Gen 12 local_search:  80%|â–ˆâ–ˆâ–ˆâ–ˆâ–ˆâ–ˆâ–ˆâ–ˆ  | 4/5 [00:22<00:05,  5.65s/it][A
2026-01-16 21:19:19,808 - PathLensMaster - INFO - [optimization] Gen 12 local_search: 100%|â–ˆâ–ˆâ–ˆâ–ˆâ–ˆâ–ˆâ–ˆâ–ˆâ–ˆâ–ˆ| 5/5 [00:28<00:00,  5.64s/it][A
2026-01-16 21:19:19,808 - PathLensMaster - INFO - [optimization]                                                                   [A2026-01-16 21:19:19,808 [INFO] Generation 12 best fitness 88.8142 | template=None | placements={'pharmacy': 23, 'supermarket': 16, 'school': 6, 'bus_station': 27, 'hospital': 24, 'bank': 11, 'park': 14} | elapsed=29.07s
2026-01-16 21:19:19,813 - PathLensMaster - INFO - [optimization] Generations:  48%|â–ˆâ–ˆâ–ˆâ–ˆâ–Š     | 12/25 [20:42<09:23, 43.34s/gen]2026-01-16 21:19:19,813 [INFO] Evaluating generation 13/25
2026-01-16 21:19:20,441 - PathLensMaster - INFO - [optimization] Gen 13 eval:   0%|          | 0/50 [00:00<?, ?it/s][A
2026-01-16 21:19:20,575 - PathLensMaster - INFO - [optimization] Gen 13 eval:   2%|â–         | 1/50 [00:00<00:30,  1.59it/s][A
2026-01-16 21:19:20,659 - PathLensMaster - INFO - [optimization] Gen 13 eval:  74%|â–ˆâ–ˆâ–ˆâ–ˆâ–ˆâ–ˆâ–ˆâ–  | 37/50 [00:00<00:00, 64.04it/s][A
2026-01-16 21:19:20,659 - PathLensMaster - INFO - [optimization]                                                             [A
2026-01-16 21:19:26,313 - PathLensMaster - INFO - [optimization] Gen 13 local_search:   0%|          | 0/5 [00:00<?, ?it/s][A
2026-01-16 21:19:31,990 - PathLensMaster - INFO - [optimization] Gen 13 local_search:  20%|â–ˆâ–ˆ        | 1/5 [00:05<00:22,  5.65s/it][A
2026-01-16 21:19:37,710 - PathLensMaster - INFO - [optimization] Gen 13 local_search:  40%|â–ˆâ–ˆâ–ˆâ–ˆ      | 2/5 [00:11<00:17,  5.67s/it][A
2026-01-16 21:19:43,342 - PathLensMaster - INFO - [optimization] Gen 13 local_search:  60%|â–ˆâ–ˆâ–ˆâ–ˆâ–ˆâ–ˆ    | 3/5 [00:17<00:11,  5.69s/it][A
2026-01-16 21:19:48,993 - PathLensMaster - INFO - [optimization] Gen 13 local_search:  80%|â–ˆâ–ˆâ–ˆâ–ˆâ–ˆâ–ˆâ–ˆâ–ˆ  | 4/5 [00:22<00:05,  5.67s/it][A
2026-01-16 21:19:48,993 - PathLensMaster - INFO - [optimization] Gen 13 local_search: 100%|â–ˆâ–ˆâ–ˆâ–ˆâ–ˆâ–ˆâ–ˆâ–ˆâ–ˆâ–ˆ| 5/5 [00:28<00:00,  5.66s/it][A
2026-01-16 21:19:48,993 - PathLensMaster - INFO - [optimization]                                                                   [A2026-01-16 21:19:48,993 [INFO] Generation 13 best fitness 90.3080 | template=None | placements={'pharmacy': 20, 'supermarket': 17, 'school': 6, 'bus_station': 28, 'hospital': 24, 'bank': 11, 'park': 15} | elapsed=29.18s
2026-01-16 21:19:49,000 - PathLensMaster - INFO - [optimization] Generations:  52%|â–ˆâ–ˆâ–ˆâ–ˆâ–ˆâ–    | 13/25 [21:12<07:48, 39.05s/gen]2026-01-16 21:19:49,000 [INFO] Evaluating generation 14/25
2026-01-16 21:19:49,664 - PathLensMaster - INFO - [optimization] Gen 14 eval:   0%|          | 0/50 [00:00<?, ?it/s][A
2026-01-16 21:19:49,772 - PathLensMaster - INFO - [optimization] Gen 14 eval:   2%|â–         | 1/50 [00:00<00:32,  1.51it/s][A
2026-01-16 21:19:49,864 - PathLensMaster - INFO - [optimization] Gen 14 eval:  80%|â–ˆâ–ˆâ–ˆâ–ˆâ–ˆâ–ˆâ–ˆâ–ˆ  | 40/50 [00:00<00:00, 69.27it/s][A
2026-01-16 21:19:49,865 - PathLensMaster - INFO - [optimization]                                                             [A
2026-01-16 21:19:55,636 - PathLensMaster - INFO - [optimization] Gen 14 local_search:   0%|          | 0/5 [00:00<?, ?it/s][A
2026-01-16 21:20:01,260 - PathLensMaster - INFO - [optimization] Gen 14 local_search:  20%|â–ˆâ–ˆ        | 1/5 [00:05<00:23,  5.77s/it][A
2026-01-16 21:20:06,967 - PathLensMaster - INFO - [optimization] Gen 14 local_search:  40%|â–ˆâ–ˆâ–ˆâ–ˆ      | 2/5 [00:11<00:17,  5.68s/it][A
2026-01-16 21:20:12,606 - PathLensMaster - INFO - [optimization] Gen 14 local_search:  60%|â–ˆâ–ˆâ–ˆâ–ˆâ–ˆâ–ˆ    | 3/5 [00:17<00:11,  5.69s/it][A
2026-01-16 21:20:18,230 - PathLensMaster - INFO - [optimization] Gen 14 local_search:  80%|â–ˆâ–ˆâ–ˆâ–ˆâ–ˆâ–ˆâ–ˆâ–ˆ  | 4/5 [00:22<00:05,  5.67s/it][A
2026-01-16 21:20:18,230 - PathLensMaster - INFO - [optimization] Gen 14 local_search: 100%|â–ˆâ–ˆâ–ˆâ–ˆâ–ˆâ–ˆâ–ˆâ–ˆâ–ˆâ–ˆ| 5/5 [00:28<00:00,  5.65s/it][A
2026-01-16 21:20:18,230 - PathLensMaster - INFO - [optimization]                                                                   [A2026-01-16 21:20:18,230 [INFO] Generation 14 best fitness 90.3080 | template=None | placements={'pharmacy': 20, 'supermarket': 17, 'school': 6, 'bus_station': 28, 'hospital': 24, 'bank': 11, 'park': 15} | elapsed=29.23s
2026-01-16 21:20:18,236 - PathLensMaster - INFO - [optimization] Generations:  56%|â–ˆâ–ˆâ–ˆâ–ˆâ–ˆâ–Œ    | 14/25 [21:41<06:36, 36.09s/gen]2026-01-16 21:20:18,236 [INFO] Evaluating generation 15/25
2026-01-16 21:20:18,818 - PathLensMaster - INFO - [optimization] Gen 15 eval:   0%|          | 0/50 [00:00<?, ?it/s][A
2026-01-16 21:20:18,952 - PathLensMaster - INFO - [optimization] Gen 15 eval:   2%|â–         | 1/50 [00:00<00:28,  1.72it/s][A
2026-01-16 21:20:19,081 - PathLensMaster - INFO - [optimization] Gen 15 eval:  70%|â–ˆâ–ˆâ–ˆâ–ˆâ–ˆâ–ˆâ–ˆ   | 35/50 [00:00<00:00, 64.11it/s][A
2026-01-16 21:20:19,081 - PathLensMaster - INFO - [optimization] Gen 15 eval: 100%|â–ˆâ–ˆâ–ˆâ–ˆâ–ˆâ–ˆâ–ˆâ–ˆâ–ˆâ–ˆ| 50/50 [00:00<00:00, 77.37it/s][A
2026-01-16 21:20:19,082 - PathLensMaster - INFO - [optimization]                                                             [A
2026-01-16 21:20:24,721 - PathLensMaster - INFO - [optimization] Gen 15 local_search:   0%|          | 0/5 [00:00<?, ?it/s][A
2026-01-16 21:20:30,379 - PathLensMaster - INFO - [optimization] Gen 15 local_search:  20%|â–ˆâ–ˆ        | 1/5 [00:05<00:22,  5.64s/it][A
2026-01-16 21:20:36,207 - PathLensMaster - INFO - [optimization] Gen 15 local_search:  40%|â–ˆâ–ˆâ–ˆâ–ˆ      | 2/5 [00:11<00:16,  5.65s/it][A
2026-01-16 21:20:41,888 - PathLensMaster - INFO - [optimization] Gen 15 local_search:  60%|â–ˆâ–ˆâ–ˆâ–ˆâ–ˆâ–ˆ    | 3/5 [00:17<00:11,  5.73s/it][A
2026-01-16 21:20:47,598 - PathLensMaster - INFO - [optimization] Gen 15 local_search:  80%|â–ˆâ–ˆâ–ˆâ–ˆâ–ˆâ–ˆâ–ˆâ–ˆ  | 4/5 [00:22<00:05,  5.71s/it][A
2026-01-16 21:20:47,598 - PathLensMaster - INFO - [optimization] Gen 15 local_search: 100%|â–ˆâ–ˆâ–ˆâ–ˆâ–ˆâ–ˆâ–ˆâ–ˆâ–ˆâ–ˆ| 5/5 [00:28<00:00,  5.71s/it][A
2026-01-16 21:20:47,598 - PathLensMaster - INFO - [optimization]                                                                   [A2026-01-16 21:20:47,598 [INFO] Generation 15 best fitness 90.3080 | template=None | placements={'pharmacy': 20, 'supermarket': 17, 'school': 6, 'bus_station': 28, 'hospital': 24, 'bank': 11, 'park': 15} | elapsed=29.36s
2026-01-16 21:20:47,604 - PathLensMaster - INFO - [optimization] Generations:  60%|â–ˆâ–ˆâ–ˆâ–ˆâ–ˆâ–ˆ    | 15/25 [22:10<05:40, 34.06s/gen]2026-01-16 21:20:47,604 [INFO] Evaluating generation 16/25
2026-01-16 21:20:48,081 - PathLensMaster - INFO - [optimization] Gen 16 eval:   0%|          | 0/50 [00:00<?, ?it/s][A
2026-01-16 21:20:48,288 - PathLensMaster - INFO - [optimization] Gen 16 eval:   2%|â–         | 1/50 [00:00<00:23,  2.10it/s][A
2026-01-16 21:20:48,396 - PathLensMaster - INFO - [optimization] Gen 16 eval:  52%|â–ˆâ–ˆâ–ˆâ–ˆâ–ˆâ–    | 26/50 [00:00<00:00, 47.57it/s][A
2026-01-16 21:20:48,490 - PathLensMaster - INFO - [optimization] Gen 16 eval:  72%|â–ˆâ–ˆâ–ˆâ–ˆâ–ˆâ–ˆâ–ˆâ–  | 36/50 [00:00<00:00, 57.54it/s][A
2026-01-16 21:20:48,491 - PathLensMaster - INFO - [optimization]                                                             [A
2026-01-16 21:20:54,075 - PathLensMaster - INFO - [optimization] Gen 16 local_search:   0%|          | 0/5 [00:00<?, ?it/s][A
2026-01-16 21:20:59,681 - PathLensMaster - INFO - [optimization] Gen 16 local_search:  20%|â–ˆâ–ˆ        | 1/5 [00:05<00:22,  5.58s/it][A
2026-01-16 21:21:05,327 - PathLensMaster - INFO - [optimization] Gen 16 local_search:  40%|â–ˆâ–ˆâ–ˆâ–ˆ      | 2/5 [00:11<00:16,  5.60s/it][A
2026-01-16 21:21:11,035 - PathLensMaster - INFO - [optimization] Gen 16 local_search:  60%|â–ˆâ–ˆâ–ˆâ–ˆâ–ˆâ–ˆ    | 3/5 [00:16<00:11,  5.62s/it][A
2026-01-16 21:21:16,702 - PathLensMaster - INFO - [optimization] Gen 16 local_search:  80%|â–ˆâ–ˆâ–ˆâ–ˆâ–ˆâ–ˆâ–ˆâ–ˆ  | 4/5 [00:22<00:05,  5.65s/it][A
2026-01-16 21:21:16,703 - PathLensMaster - INFO - [optimization] Gen 16 local_search: 100%|â–ˆâ–ˆâ–ˆâ–ˆâ–ˆâ–ˆâ–ˆâ–ˆâ–ˆâ–ˆ| 5/5 [00:28<00:00,  5.66s/it][A
2026-01-16 21:21:16,703 - PathLensMaster - INFO - [optimization]                                                                   [A2026-01-16 21:21:16,703 [INFO] Generation 16 best fitness 90.3080 | template=None | placements={'pharmacy': 20, 'supermarket': 17, 'school': 6, 'bus_station': 28, 'hospital': 24, 'bank': 11, 'park': 15} | elapsed=29.10s
2026-01-16 21:21:16,709 - PathLensMaster - INFO - [optimization] Generations:  64%|â–ˆâ–ˆâ–ˆâ–ˆâ–ˆâ–ˆâ–   | 16/25 [22:39<04:53, 32.57s/gen]2026-01-16 21:21:16,709 [INFO] Evaluating generation 17/25
2026-01-16 21:21:17,266 - PathLensMaster - INFO - [optimization] Gen 17 eval:   0%|          | 0/50 [00:00<?, ?it/s][A
2026-01-16 21:21:17,409 - PathLensMaster - INFO - [optimization] Gen 17 eval:   2%|â–         | 1/50 [00:00<00:27,  1.80it/s][A
2026-01-16 21:21:17,529 - PathLensMaster - INFO - [optimization] Gen 17 eval:  60%|â–ˆâ–ˆâ–ˆâ–ˆâ–ˆâ–ˆ    | 30/50 [00:00<00:00, 55.72it/s][A
2026-01-16 21:21:17,552 - PathLensMaster - INFO - [optimization] Gen 17 eval:  84%|â–ˆâ–ˆâ–ˆâ–ˆâ–ˆâ–ˆâ–ˆâ–ˆâ– | 42/50 [00:00<00:00, 66.54it/s][A
2026-01-16 21:21:17,553 - PathLensMaster - INFO - [optimization]                                                             [A
2026-01-16 21:21:23,165 - PathLensMaster - INFO - [optimization] Gen 17 local_search:   0%|          | 0/5 [00:00<?, ?it/s][A
2026-01-16 21:21:33,548 - PathLensMaster - INFO - [optimization] Gen 17 local_search:  20%|â–ˆâ–ˆ        | 1/5 [00:05<00:22,  5.61s/it][A
2026-01-16 21:21:39,211 - PathLensMaster - INFO - [optimization] Gen 17 local_search:  40%|â–ˆâ–ˆâ–ˆâ–ˆ      | 2/5 [00:15<00:25,  8.42s/it][A
2026-01-16 21:21:44,917 - PathLensMaster - INFO - [optimization] Gen 17 local_search:  60%|â–ˆâ–ˆâ–ˆâ–ˆâ–ˆâ–ˆ    | 3/5 [00:21<00:14,  7.16s/it][A
2026-01-16 21:21:50,673 - PathLensMaster - INFO - [optimization] Gen 17 local_search:  80%|â–ˆâ–ˆâ–ˆâ–ˆâ–ˆâ–ˆâ–ˆâ–ˆ  | 4/5 [00:27<00:06,  6.59s/it][A
2026-01-16 21:21:50,674 - PathLensMaster - INFO - [optimization] Gen 17 local_search: 100%|â–ˆâ–ˆâ–ˆâ–ˆâ–ˆâ–ˆâ–ˆâ–ˆâ–ˆâ–ˆ| 5/5 [00:33<00:00,  6.29s/it][A
2026-01-16 21:21:50,674 - PathLensMaster - INFO - [optimization]                                                                   [A2026-01-16 21:21:50,674 [INFO] Generation 17 best fitness 90.3080 | template=None | placements={'pharmacy': 20, 'supermarket': 17, 'school': 6, 'bus_station': 28, 'hospital': 24, 'bank': 11, 'park': 15} | elapsed=33.97s
2026-01-16 21:21:50,679 - PathLensMaster - INFO - [optimization] Generations:  68%|â–ˆâ–ˆâ–ˆâ–ˆâ–ˆâ–ˆâ–Š   | 17/25 [23:13<04:23, 32.99s/gen]2026-01-16 21:21:50,679 [INFO] Evaluating generation 18/25
2026-01-16 21:21:51,340 - PathLensMaster - INFO - [optimization] Gen 18 eval:   0%|          | 0/50 [00:00<?, ?it/s][A
2026-01-16 21:21:51,446 - PathLensMaster - INFO - [optimization] Gen 18 eval:   2%|â–         | 1/50 [00:00<00:32,  1.51it/s][A
2026-01-16 21:21:51,471 - PathLensMaster - INFO - [optimization] Gen 18 eval:  80%|â–ˆâ–ˆâ–ˆâ–ˆâ–ˆâ–ˆâ–ˆâ–ˆ  | 40/50 [00:00<00:00, 69.80it/s][A
2026-01-16 21:21:51,471 - PathLensMaster - INFO - [optimization]                                                             [A
2026-01-16 21:21:57,100 - PathLensMaster - INFO - [optimization] Gen 18 local_search:   0%|          | 0/5 [00:00<?, ?it/s][A
2026-01-16 21:22:02,697 - PathLensMaster - INFO - [optimization] Gen 18 local_search:  20%|â–ˆâ–ˆ        | 1/5 [00:05<00:22,  5.63s/it][A
2026-01-16 21:22:13,993 - PathLensMaster - INFO - [optimization] Gen 18 local_search:  40%|â–ˆâ–ˆâ–ˆâ–ˆ      | 2/5 [00:11<00:16,  5.61s/it][A
2026-01-16 21:22:19,609 - PathLensMaster - INFO - [optimization] Gen 18 local_search:  60%|â–ˆâ–ˆâ–ˆâ–ˆâ–ˆâ–ˆ    | 3/5 [00:22<00:16,  8.21s/it][A
2026-01-16 21:22:25,217 - PathLensMaster - INFO - [optimization] Gen 18 local_search:  80%|â–ˆâ–ˆâ–ˆâ–ˆâ–ˆâ–ˆâ–ˆâ–ˆ  | 4/5 [00:28<00:07,  7.18s/it][A
2026-01-16 21:22:25,217 - PathLensMaster - INFO - [optimization] Gen 18 local_search: 100%|â–ˆâ–ˆâ–ˆâ–ˆâ–ˆâ–ˆâ–ˆâ–ˆâ–ˆâ–ˆ| 5/5 [00:33<00:00,  6.62s/it][A
2026-01-16 21:22:25,217 - PathLensMaster - INFO - [optimization]                                                                   [A2026-01-16 21:22:25,217 [INFO] Generation 18 best fitness 90.3080 | template=None | placements={'pharmacy': 20, 'supermarket': 17, 'school': 6, 'bus_station': 28, 'hospital': 24, 'bank': 11, 'park': 15} | elapsed=34.54s
2026-01-16 21:22:25,223 - PathLensMaster - INFO - [optimization] Generations:  72%|â–ˆâ–ˆâ–ˆâ–ˆâ–ˆâ–ˆâ–ˆâ–  | 18/25 [23:48<03:54, 33.46s/gen]2026-01-16 21:22:25,223 [INFO] Evaluating generation 19/25
2026-01-16 21:22:25,887 - PathLensMaster - INFO - [optimization] Gen 19 eval:   0%|          | 0/50 [00:00<?, ?it/s][A
2026-01-16 21:22:26,012 - PathLensMaster - INFO - [optimization] Gen 19 eval:   2%|â–         | 1/50 [00:00<00:32,  1.51it/s][A
2026-01-16 21:22:26,044 - PathLensMaster - INFO - [optimization] Gen 19 eval:  90%|â–ˆâ–ˆâ–ˆâ–ˆâ–ˆâ–ˆâ–ˆâ–ˆâ–ˆ | 45/50 [00:00<00:00, 75.71it/s][A
2026-01-16 21:22:26,045 - PathLensMaster - INFO - [optimization]                                                             [A
2026-01-16 21:22:31,650 - PathLensMaster - INFO - [optimization] Gen 19 local_search:   0%|          | 0/5 [00:00<?, ?it/s][A
2026-01-16 21:22:37,302 - PathLensMaster - INFO - [optimization] Gen 19 local_search:  20%|â–ˆâ–ˆ        | 1/5 [00:05<00:22,  5.61s/it][A
2026-01-16 21:22:43,002 - PathLensMaster - INFO - [optimization] Gen 19 local_search:  40%|â–ˆâ–ˆâ–ˆâ–ˆ      | 2/5 [00:11<00:16,  5.63s/it][A
2026-01-16 21:22:50,986 - PathLensMaster - INFO - [optimization] Gen 19 local_search:  60%|â–ˆâ–ˆâ–ˆâ–ˆâ–ˆâ–ˆ    | 3/5 [00:16<00:11,  5.66s/it][A
2026-01-16 21:22:59,592 - PathLensMaster - INFO - [optimization] Gen 19 local_search:  80%|â–ˆâ–ˆâ–ˆâ–ˆâ–ˆâ–ˆâ–ˆâ–ˆ  | 4/5 [00:24<00:06,  6.58s/it][A
2026-01-16 21:22:59,592 - PathLensMaster - INFO - [optimization] Gen 19 local_search: 100%|â–ˆâ–ˆâ–ˆâ–ˆâ–ˆâ–ˆâ–ˆâ–ˆâ–ˆâ–ˆ| 5/5 [00:33<00:00,  7.31s/it][A
2026-01-16 21:22:59,592 - PathLensMaster - INFO - [optimization]                                                                   [A2026-01-16 21:22:59,592 [INFO] Generation 19 best fitness 90.3080 | template=None | placements={'pharmacy': 20, 'supermarket': 17, 'school': 6, 'bus_station': 28, 'hospital': 24, 'bank': 11, 'park': 15} | elapsed=34.37s
2026-01-16 21:22:59,598 - PathLensMaster - INFO - [optimization] Generations:  76%|â–ˆâ–ˆâ–ˆâ–ˆâ–ˆâ–ˆâ–ˆâ–Œ  | 19/25 [24:22<03:22, 33.73s/gen]2026-01-16 21:22:59,598 [INFO] Evaluating generation 20/25
2026-01-16 21:23:00,189 - PathLensMaster - INFO - [optimization] Gen 20 eval:   0%|          | 0/50 [00:00<?, ?it/s][A
2026-01-16 21:23:00,313 - PathLensMaster - INFO - [optimization] Gen 20 eval:   2%|â–         | 1/50 [00:00<00:28,  1.69it/s][A
2026-01-16 21:23:00,443 - PathLensMaster - INFO - [optimization] Gen 20 eval:  72%|â–ˆâ–ˆâ–ˆâ–ˆâ–ˆâ–ˆâ–ˆâ–  | 36/50 [00:00<00:00, 66.42it/s][A
2026-01-16 21:23:00,443 - PathLensMaster - INFO - [optimization]                                                             [A
2026-01-16 21:23:06,144 - PathLensMaster - INFO - [optimization] Gen 20 local_search:   0%|          | 0/5 [00:00<?, ?it/s][A
2026-01-16 21:23:11,743 - PathLensMaster - INFO - [optimization] Gen 20 local_search:  20%|â–ˆâ–ˆ        | 1/5 [00:05<00:22,  5.70s/it][A
2026-01-16 21:23:17,380 - PathLensMaster - INFO - [optimization] Gen 20 local_search:  40%|â–ˆâ–ˆâ–ˆâ–ˆ      | 2/5 [00:11<00:16,  5.64s/it][A
2026-01-16 21:23:23,003 - PathLensMaster - INFO - [optimization] Gen 20 local_search:  60%|â–ˆâ–ˆâ–ˆâ–ˆâ–ˆâ–ˆ    | 3/5 [00:16<00:11,  5.64s/it][A
2026-01-16 21:23:28,669 - PathLensMaster - INFO - [optimization] Gen 20 local_search:  80%|â–ˆâ–ˆâ–ˆâ–ˆâ–ˆâ–ˆâ–ˆâ–ˆ  | 4/5 [00:22<00:05,  5.63s/it][A
2026-01-16 21:23:28,669 - PathLensMaster - INFO - [optimization] Gen 20 local_search: 100%|â–ˆâ–ˆâ–ˆâ–ˆâ–ˆâ–ˆâ–ˆâ–ˆâ–ˆâ–ˆ| 5/5 [00:28<00:00,  5.64s/it][A
2026-01-16 21:23:28,669 - PathLensMaster - INFO - [optimization]                                                                   [A2026-01-16 21:23:28,669 [INFO] Generation 20 best fitness 90.7702 | template=None | placements={'pharmacy': 23, 'supermarket': 16, 'school': 6, 'bus_station': 28, 'hospital': 24, 'bank': 11, 'park': 14} | elapsed=29.07s
2026-01-16 21:23:28,675 - PathLensMaster - INFO - [optimization] Generations:  80%|â–ˆâ–ˆâ–ˆâ–ˆâ–ˆâ–ˆâ–ˆâ–ˆ  | 20/25 [24:51<02:41, 32.34s/gen]2026-01-16 21:23:28,675 [INFO] Evaluating generation 21/25
2026-01-16 21:23:29,374 - PathLensMaster - INFO - [optimization] Gen 21 eval:   0%|          | 0/50 [00:00<?, ?it/s][A
2026-01-16 21:23:29,480 - PathLensMaster - INFO - [optimization] Gen 21 eval:   2%|â–         | 1/50 [00:00<00:34,  1.43it/s][A
2026-01-16 21:23:29,480 - PathLensMaster - INFO - [optimization] Gen 21 eval: 100%|â–ˆâ–ˆâ–ˆâ–ˆâ–ˆâ–ˆâ–ˆâ–ˆâ–ˆâ–ˆ| 50/50 [00:00<00:00, 83.50it/s][A
2026-01-16 21:23:29,481 - PathLensMaster - INFO - [optimization]                                                             [A
2026-01-16 21:23:35,095 - PathLensMaster - INFO - [optimization] Gen 21 local_search:   0%|          | 0/5 [00:00<?, ?it/s][A
2026-01-16 21:23:44,654 - PathLensMaster - INFO - [optimization] Gen 21 local_search:  20%|â–ˆâ–ˆ        | 1/5 [00:05<00:22,  5.61s/it][A
2026-01-16 21:23:50,292 - PathLensMaster - INFO - [optimization] Gen 21 local_search:  40%|â–ˆâ–ˆâ–ˆâ–ˆ      | 2/5 [00:15<00:23,  7.93s/it][A
2026-01-16 21:23:59,600 - PathLensMaster - INFO - [optimization] Gen 21 local_search:  60%|â–ˆâ–ˆâ–ˆâ–ˆâ–ˆâ–ˆ    | 3/5 [00:20<00:13,  6.89s/it][A
2026-01-16 21:24:05,267 - PathLensMaster - INFO - [optimization] Gen 21 local_search:  80%|â–ˆâ–ˆâ–ˆâ–ˆâ–ˆâ–ˆâ–ˆâ–ˆ  | 4/5 [00:30<00:07,  7.84s/it][A
2026-01-16 21:24:05,267 - PathLensMaster - INFO - [optimization] Gen 21 local_search: 100%|â–ˆâ–ˆâ–ˆâ–ˆâ–ˆâ–ˆâ–ˆâ–ˆâ–ˆâ–ˆ| 5/5 [00:35<00:00,  7.06s/it][A
2026-01-16 21:24:05,267 - PathLensMaster - INFO - [optimization]                                                                   [A2026-01-16 21:24:05,267 [INFO] Generation 21 best fitness 91.9215 | template=None | placements={'pharmacy': 20, 'supermarket': 18, 'school': 6, 'bus_station': 28, 'hospital': 24, 'bank': 11, 'park': 15} | elapsed=36.59s
2026-01-16 21:24:05,275 - PathLensMaster - INFO - [optimization] Generations:  84%|â–ˆâ–ˆâ–ˆâ–ˆâ–ˆâ–ˆâ–ˆâ–ˆâ– | 21/25 [25:28<02:14, 33.62s/gen]2026-01-16 21:24:05,274 [INFO] Evaluating generation 22/25
2026-01-16 21:24:05,807 - PathLensMaster - INFO - [optimization] Gen 22 eval:   0%|          | 0/50 [00:00<?, ?it/s][A
2026-01-16 21:24:06,033 - PathLensMaster - INFO - [optimization] Gen 22 eval:   2%|â–         | 1/50 [00:00<00:26,  1.88it/s][A
2026-01-16 21:24:06,104 - PathLensMaster - INFO - [optimization] Gen 22 eval:  60%|â–ˆâ–ˆâ–ˆâ–ˆâ–ˆâ–ˆ    | 30/50 [00:00<00:00, 49.63it/s][A
2026-01-16 21:24:06,105 - PathLensMaster - INFO - [optimization]                                                             [A
2026-01-16 21:24:11,744 - PathLensMaster - INFO - [optimization] Gen 22 local_search:   0%|          | 0/5 [00:00<?, ?it/s][A
2026-01-16 21:24:17,356 - PathLensMaster - INFO - [optimization] Gen 22 local_search:  20%|â–ˆâ–ˆ        | 1/5 [00:05<00:22,  5.64s/it][A
2026-01-16 21:24:22,784 - PathLensMaster - INFO - [optimization] Gen 22 local_search:  40%|â–ˆâ–ˆâ–ˆâ–ˆ      | 2/5 [00:11<00:16,  5.62s/it][A
2026-01-16 21:24:28,440 - PathLensMaster - INFO - [optimization] Gen 22 local_search:  60%|â–ˆâ–ˆâ–ˆâ–ˆâ–ˆâ–ˆ    | 3/5 [00:16<00:11,  5.53s/it][A
2026-01-16 21:25:13,728 - PathLensMaster - INFO - [optimization] Gen 22 local_search:  80%|â–ˆâ–ˆâ–ˆâ–ˆâ–ˆâ–ˆâ–ˆâ–ˆ  | 4/5 [00:22<00:05,  5.58s/it][A
2026-01-16 21:25:13,729 - PathLensMaster - INFO - [optimization] Gen 22 local_search: 100%|â–ˆâ–ˆâ–ˆâ–ˆâ–ˆâ–ˆâ–ˆâ–ˆâ–ˆâ–ˆ| 5/5 [01:07<00:00, 19.90s/it][A
2026-01-16 21:25:13,729 - PathLensMaster - INFO - [optimization]                                                                   [A2026-01-16 21:25:13,729 [INFO] Generation 22 best fitness 94.8394 | template=None | placements={'pharmacy': 18, 'supermarket': 22, 'school': 6, 'bus_station': 18, 'hospital': 20, 'bank': 12, 'park': 14} | elapsed=68.45s
2026-01-16 21:25:13,735 - PathLensMaster - INFO - [optimization] Generations:  88%|â–ˆâ–ˆâ–ˆâ–ˆâ–ˆâ–ˆâ–ˆâ–ˆâ–Š | 22/25 [26:36<02:12, 44.07s/gen]2026-01-16 21:25:13,735 [INFO] Evaluating generation 23/25
2026-01-16 21:25:14,180 - PathLensMaster - INFO - [optimization] Gen 23 eval:   0%|          | 0/50 [00:00<?, ?it/s][A
2026-01-16 21:25:14,288 - PathLensMaster - INFO - [optimization] Gen 23 eval:   2%|â–         | 1/50 [00:00<00:21,  2.25it/s][A
2026-01-16 21:25:14,506 - PathLensMaster - INFO - [optimization] Gen 23 eval:  52%|â–ˆâ–ˆâ–ˆâ–ˆâ–ˆâ–    | 26/50 [00:00<00:00, 61.37it/s][A
2026-01-16 21:25:14,580 - PathLensMaster - INFO - [optimization] Gen 23 eval:  80%|â–ˆâ–ˆâ–ˆâ–ˆâ–ˆâ–ˆâ–ˆâ–ˆ  | 40/50 [00:00<00:00, 62.62it/s][A
2026-01-16 21:25:14,581 - PathLensMaster - INFO - [optimization]                                                             [A
2026-01-16 21:25:20,219 - PathLensMaster - INFO - [optimization] Gen 23 local_search:   0%|          | 0/5 [00:00<?, ?it/s][A
2026-01-16 21:25:25,891 - PathLensMaster - INFO - [optimization] Gen 23 local_search:  20%|â–ˆâ–ˆ        | 1/5 [00:05<00:22,  5.64s/it][A
2026-01-16 21:25:31,560 - PathLensMaster - INFO - [optimization] Gen 23 local_search:  40%|â–ˆâ–ˆâ–ˆâ–ˆ      | 2/5 [00:11<00:16,  5.66s/it][A
2026-01-16 21:25:37,175 - PathLensMaster - INFO - [optimization] Gen 23 local_search:  60%|â–ˆâ–ˆâ–ˆâ–ˆâ–ˆâ–ˆ    | 3/5 [00:16<00:11,  5.66s/it][A
2026-01-16 21:25:42,643 - PathLensMaster - INFO - [optimization] Gen 23 local_search:  80%|â–ˆâ–ˆâ–ˆâ–ˆâ–ˆâ–ˆâ–ˆâ–ˆ  | 4/5 [00:22<00:05,  5.64s/it][A
2026-01-16 21:25:42,643 - PathLensMaster - INFO - [optimization] Gen 23 local_search: 100%|â–ˆâ–ˆâ–ˆâ–ˆâ–ˆâ–ˆâ–ˆâ–ˆâ–ˆâ–ˆ| 5/5 [00:28<00:00,  5.58s/it][A
2026-01-16 21:25:42,643 - PathLensMaster - INFO - [optimization]                                                                   [A2026-01-16 21:25:42,643 [INFO] Generation 23 best fitness 94.8394 | template=None | placements={'pharmacy': 18, 'supermarket': 22, 'school': 6, 'bus_station': 18, 'hospital': 20, 'bank': 12, 'park': 14} | elapsed=28.91s
2026-01-16 21:25:42,649 - PathLensMaster - INFO - [optimization] Generations:  92%|â–ˆâ–ˆâ–ˆâ–ˆâ–ˆâ–ˆâ–ˆâ–ˆâ–ˆâ–| 23/25 [27:05<01:19, 39.52s/gen]2026-01-16 21:25:42,649 [INFO] Evaluating generation 24/25
2026-01-16 21:25:43,308 - PathLensMaster - INFO - [optimization] Gen 24 eval:   0%|          | 0/50 [00:00<?, ?it/s][A
2026-01-16 21:25:43,412 - PathLensMaster - INFO - [optimization] Gen 24 eval:   2%|â–         | 1/50 [00:00<00:32,  1.52it/s][A
2026-01-16 21:25:43,458 - PathLensMaster - INFO - [optimization] Gen 24 eval:  88%|â–ˆâ–ˆâ–ˆâ–ˆâ–ˆâ–ˆâ–ˆâ–ˆâ–Š | 44/50 [00:00<00:00, 77.34it/s][A
2026-01-16 21:25:43,459 - PathLensMaster - INFO - [optimization]                                                             [A
2026-01-16 21:25:49,086 - PathLensMaster - INFO - [optimization] Gen 24 local_search:   0%|          | 0/5 [00:00<?, ?it/s][A
2026-01-16 21:25:57,088 - PathLensMaster - INFO - [optimization] Gen 24 local_search:  20%|â–ˆâ–ˆ        | 1/5 [00:05<00:22,  5.63s/it][A
2026-01-16 21:26:02,787 - PathLensMaster - INFO - [optimization] Gen 24 local_search:  40%|â–ˆâ–ˆâ–ˆâ–ˆ      | 2/5 [00:13<00:21,  7.02s/it][A
2026-01-16 21:26:08,430 - PathLensMaster - INFO - [optimization] Gen 24 local_search:  60%|â–ˆâ–ˆâ–ˆâ–ˆâ–ˆâ–ˆ    | 3/5 [00:19<00:12,  6.42s/it][A
2026-01-16 21:26:14,098 - PathLensMaster - INFO - [optimization] Gen 24 local_search:  80%|â–ˆâ–ˆâ–ˆâ–ˆâ–ˆâ–ˆâ–ˆâ–ˆ  | 4/5 [00:24<00:06,  6.11s/it][A
2026-01-16 21:26:14,098 - PathLensMaster - INFO - [optimization] Gen 24 local_search: 100%|â–ˆâ–ˆâ–ˆâ–ˆâ–ˆâ–ˆâ–ˆâ–ˆâ–ˆâ–ˆ| 5/5 [00:30<00:00,  5.95s/it][A
2026-01-16 21:26:14,098 - PathLensMaster - INFO - [optimization]                                                                   [A2026-01-16 21:26:14,098 [INFO] Generation 24 best fitness 94.8394 | template=None | placements={'pharmacy': 18, 'supermarket': 22, 'school': 6, 'bus_station': 18, 'hospital': 20, 'bank': 12, 'park': 14} | elapsed=31.45s
2026-01-16 21:26:14,104 - PathLensMaster - INFO - [optimization] Generations:  96%|â–ˆâ–ˆâ–ˆâ–ˆâ–ˆâ–ˆâ–ˆâ–ˆâ–ˆâ–Œ| 24/25 [27:37<00:37, 37.10s/gen]2026-01-16 21:26:14,104 [INFO] Evaluating generation 25/25
2026-01-16 21:26:14,657 - PathLensMaster - INFO - [optimization] Gen 25 eval:   0%|          | 0/50 [00:00<?, ?it/s][A
2026-01-16 21:26:14,913 - PathLensMaster - INFO - [optimization] Gen 25 eval:   2%|â–         | 1/50 [00:00<00:27,  1.81it/s][A
2026-01-16 21:26:14,972 - PathLensMaster - INFO - [optimization] Gen 25 eval:  66%|â–ˆâ–ˆâ–ˆâ–ˆâ–ˆâ–ˆâ–Œ   | 33/50 [00:00<00:00, 50.92it/s][A
2026-01-16 21:26:14,973 - PathLensMaster - INFO - [optimization]                                                             [A
2026-01-16 21:26:20,568 - PathLensMaster - INFO - [optimization] Gen 25 local_search:   0%|          | 0/5 [00:00<?, ?it/s][A
2026-01-16 21:26:26,180 - PathLensMaster - INFO - [optimization] Gen 25 local_search:  20%|â–ˆâ–ˆ        | 1/5 [00:05<00:22,  5.59s/it][A
2026-01-16 21:26:32,207 - PathLensMaster - INFO - [optimization] Gen 25 local_search:  40%|â–ˆâ–ˆâ–ˆâ–ˆ      | 2/5 [00:11<00:16,  5.61s/it][A
2026-01-16 21:26:37,922 - PathLensMaster - INFO - [optimization] Gen 25 local_search:  60%|â–ˆâ–ˆâ–ˆâ–ˆâ–ˆâ–ˆ    | 3/5 [00:17<00:11,  5.80s/it][A
2026-01-16 21:26:44,420 - PathLensMaster - INFO - [optimization] Gen 25 local_search:  80%|â–ˆâ–ˆâ–ˆâ–ˆâ–ˆâ–ˆâ–ˆâ–ˆ  | 4/5 [00:22<00:05,  5.76s/it][A
2026-01-16 21:26:44,420 - PathLensMaster - INFO - [optimization] Gen 25 local_search: 100%|â–ˆâ–ˆâ–ˆâ–ˆâ–ˆâ–ˆâ–ˆâ–ˆâ–ˆâ–ˆ| 5/5 [00:29<00:00,  6.03s/it][A
2026-01-16 21:26:44,420 - PathLensMaster - INFO - [optimization]                                                                   [A2026-01-16 21:26:44,420 [INFO] Generation 25 best fitness 94.8394 | template=None | placements={'pharmacy': 18, 'supermarket': 22, 'school': 6, 'bus_station': 18, 'hospital': 20, 'bank': 12, 'park': 14} | elapsed=30.32s
2026-01-16 21:26:44,425 - PathLensMaster - INFO - [optimization] Generations: 100%|â–ˆâ–ˆâ–ˆâ–ˆâ–ˆâ–ˆâ–ˆâ–ˆâ–ˆâ–ˆ| 25/25 [28:07<00:00, 35.07s/gen]
2026-01-16 21:26:44,425 - PathLensMaster - INFO - [optimization] Generations: 100%|â–ˆâ–ˆâ–ˆâ–ˆâ–ˆâ–ˆâ–ˆâ–ˆâ–ˆâ–ˆ| 25/25 [28:07<00:00, 67.50s/gen]
2026-01-16 21:26:44,425 - PathLensMaster - INFO - [optimization] 2026-01-16 21:26:44,425 [INFO] GA complete. Summary written to /home/shogun/Documents/PathLens/data/optimization/runs/summary.json | total elapsed 1690.03s
2026-01-16 21:26:44,426 - PathLensMaster - INFO - [optimization] 2026-01-16 21:26:44,426 [INFO] Best candidate: bank:44284,49370,49396,49446,49460,52179,52840,53034,70189,73823,75828,75846|bus_station:17452,35763,36302,36373,38470,45147,50143,59393,62297,63587,63743,68080,69579,69594,73122,73603,76112,7752|hospital:37903,49425,49428,49434,49465,50072,50121,56522,56543,56584,70187,70195,70197,70869,71168,71182,71204,73812,73824,75828|park:52245,52246,56698,69945,70788,70795,71088,71176,71190,72496,73708,75418,75845,76753|pharmacy:38707,38745,38749,43282,49339,49463,49498,49558,56516,56721,63018,68309,70193,70201,70228,73823,75828,75937|school:45582,50070,50080,50083,50129,74187|supermarket:23706,37903,37905,49317,49463,49465,50077,50090,50106,52840,53030,56536,56708,70187,70192,71194,71203,73817,73823,73828,75828,75846
2026-01-16 21:26:44,683 - PathLensMaster - INFO - [optimization] 2026-01-16 21:26:44,683 - __main__ - INFO - Run hybrid genetic algorithm with MILP refinement completed successfully
2026-01-16 21:26:44,684 - PathLensMaster - INFO - [optimization] 2026-01-16 21:26:44,683 - __main__ - INFO - ================================================================================
2026-01-16 21:26:44,684 - PathLensMaster - INFO - [optimization] 2026-01-16 21:26:44,683 - __main__ - INFO - > Generate combined POI GeoJSON and map
2026-01-16 21:26:44,684 - PathLensMaster - INFO - [optimization] 2026-01-16 21:26:44,683 - __main__ - INFO - ================================================================================
2026-01-16 21:26:44,684 - PathLensMaster - INFO - [optimization] 2026-01-16 21:26:44,683 - __main__ - INFO - Command: /home/shogun/Documents/PathLens/venv/bin/python /home/shogun/Documents/PathLens/optimization-pipeline/generate_solution_map.py
2026-01-16 21:26:46,217 - PathLensMaster - INFO - [optimization] 2026-01-16 21:26:46,216 [INFO] Loading best candidate from /home/shogun/Documents/PathLens/data/optimization/runs/best_candidate.json
2026-01-16 21:26:46,217 - PathLensMaster - INFO - [optimization] 2026-01-16 21:26:46,217 [INFO] Loaded 7 amenity types with 36 total POI placements
2026-01-16 21:26:46,298 - PathLensMaster - INFO - [optimization] Collecting optimized POIs:   0%|          | 0/7 [00:00<?, ?it/s]
2026-01-16 21:26:46,306 - PathLensMaster - INFO - [optimization] 2026-01-16 21:26:46,306 [INFO] Writing 36 optimized POIs to /home/shogun/Documents/PathLens/data/optimization/runs/optimized_pois.geojson (fast!)...
2026-01-16 21:26:46,394 - PathLensMaster - INFO - [optimization] 2026-01-16 21:26:46,394 [INFO] Optimized POIs written to /home/shogun/Documents/PathLens/data/optimization/runs/optimized_pois.geojson
2026-01-16 21:26:46,394 - PathLensMaster - INFO - [optimization] 2026-01-16 21:26:46,394 [INFO] Loading existing POIs from cache: /home/shogun/Documents/PathLens/data/raw/osm/pois.parquet
2026-01-16 21:26:46,871 - PathLensMaster - INFO - [optimization] 2026-01-16 21:26:46,870 [INFO] Loaded 40436 existing POIs from cache (fast!)
2026-01-16 21:26:46,871 - PathLensMaster - INFO - [optimization] 2026-01-16 21:26:46,871 [INFO] Skipping combined GeoJSON export (default behavior, saves 75+ min)
2026-01-16 21:26:46,871 - PathLensMaster - INFO - [optimization] 2026-01-16 21:26:46,871 [INFO]   Tip: Use --force to create combined poi_mapping.geojson if needed for legacy tools
2026-01-16 21:26:47,366 - PathLensMaster - INFO - [optimization] 2026-01-16 21:26:47,366 [INFO] Loading existing POI mapping from /home/shogun/Documents/PathLens/data/processed/poi_node_mapping.parquet
2026-01-16 21:26:47,380 - PathLensMaster - INFO - [optimization] 2026-01-16 21:26:47,380 [INFO] Recomputing optimized accessibility metrics for 7 amenity types.
2026-01-16 21:26:47,381 - PathLensMaster - INFO - [optimization] 2026-01-16 21:26:47,380 [INFO] Loading graph from /home/shogun/Documents/PathLens/data/processed/graph.graphml
2026-01-16 21:26:47,381 - PathLensMaster - INFO - [optimization] Traceback (most recent call last):
2026-01-16 21:26:47,381 - PathLensMaster - INFO - [optimization]   File "/home/shogun/Documents/PathLens/optimization-pipeline/generate_solution_map.py", line 1076, in <module>
2026-01-16 21:26:47,381 - PathLensMaster - INFO - [optimization]     main()
2026-01-16 21:26:47,381 - PathLensMaster - INFO - [optimization]   File "/home/shogun/Documents/PathLens/optimization-pipeline/generate_solution_map.py", line 1060, in main
2026-01-16 21:26:47,381 - PathLensMaster - INFO - [optimization]     compute_optimized_scores(
2026-01-16 21:26:47,381 - PathLensMaster - INFO - [optimization]   File "/home/shogun/Documents/PathLens/optimization-pipeline/generate_solution_map.py", line 743, in compute_optimized_scores
2026-01-16 21:26:47,381 - PathLensMaster - INFO - [optimization]     G = ox.load_graphml(graph_path)
2026-01-16 21:26:47,381 - PathLensMaster - INFO - [optimization]         ^^^^^^^^^^^^^^^^^^^^^^^^^^^
2026-01-16 21:26:47,381 - PathLensMaster - INFO - [optimization]   File "/home/shogun/Documents/PathLens/venv/lib64/python3.11/site-packages/osmnx/io.py", line 257, in load_graphml
2026-01-16 21:26:47,391 - PathLensMaster - INFO - [optimization]     G = nx.read_graphml(
2026-01-16 21:26:47,391 - PathLensMaster - INFO - [optimization]         ^^^^^^^^^^^^^^^^
2026-01-16 21:26:47,391 - PathLensMaster - INFO - [optimization]   File "/home/shogun/Documents/PathLens/venv/lib64/python3.11/site-packages/networkx/utils/decorators.py", line 770, in func
2026-01-16 21:26:47,392 - PathLensMaster - INFO - [optimization]     return argmap._lazy_compile(__wrapper)(*args, **kwargs)
2026-01-16 21:26:47,392 - PathLensMaster - INFO - [optimization]            ^^^^^^^^^^^^^^^^^^^^^^^^^^^^^^^^^^^^^^^^^^^^^^^^
2026-01-16 21:26:47,392 - PathLensMaster - INFO - [optimization]   File "<class 'networkx.utils.decorators.argmap'> compilation 5", line 5, in argmap_read_graphml_1
2026-01-16 21:26:47,392 - PathLensMaster - INFO - [optimization]   File "/home/shogun/Documents/PathLens/venv/lib64/python3.11/site-packages/networkx/utils/backends.py", line 412, in __call__
2026-01-16 21:26:47,392 - PathLensMaster - INFO - [optimization]     return self.orig_func(*args, **kwargs)
2026-01-16 21:26:47,392 - PathLensMaster - INFO - [optimization]            ^^^^^^^^^^^^^^^^^^^^^^^^^^^^^^^
2026-01-16 21:26:47,392 - PathLensMaster - INFO - [optimization]   File "/home/shogun/Documents/PathLens/venv/lib64/python3.11/site-packages/networkx/readwrite/graphml.py", line 296, in read_graphml
2026-01-16 21:26:47,393 - PathLensMaster - INFO - [optimization]     glist = list(reader(path=path))
2026-01-16 21:26:47,393 - PathLensMaster - INFO - [optimization]             ^^^^^^^^^^^^^^^^^^^^^^^
2026-01-16 21:26:47,393 - PathLensMaster - INFO - [optimization]   File "/home/shogun/Documents/PathLens/venv/lib64/python3.11/site-packages/networkx/readwrite/graphml.py", line 852, in __call__
2026-01-16 21:26:47,393 - PathLensMaster - INFO - [optimization]     self.xml = ElementTree(file=path)
2026-01-16 21:26:47,393 - PathLensMaster - INFO - [optimization]                ^^^^^^^^^^^^^^^^^^^^^^
2026-01-16 21:26:47,393 - PathLensMaster - INFO - [optimization]   File "/usr/lib64/python3.11/xml/etree/ElementTree.py", line 541, in __init__
2026-01-16 21:26:47,393 - PathLensMaster - INFO - [optimization]     self.parse(file)
2026-01-16 21:26:47,393 - PathLensMaster - INFO - [optimization]   File "/usr/lib64/python3.11/xml/etree/ElementTree.py", line 581, in parse
2026-01-16 21:26:47,393 - PathLensMaster - INFO - [optimization]     self._root = parser._parse_whole(source)
2026-01-16 21:26:47,393 - PathLensMaster - INFO - [optimization]                  ^^^^^^^^^^^^^^^^^^^^^^^^^^^
2026-01-16 21:26:47,393 - PathLensMaster - INFO - [optimization] xml.etree.ElementTree.ParseError: syntax error: line 1, column 0
2026-01-16 21:26:47,791 - PathLensMaster - INFO - [optimization] 2026-01-16 21:26:47,791 - __main__ - ERROR - Step failed (Generate combined POI GeoJSON and map) with exit code 1
2026-01-16 21:26:47,792 - PathLensMaster - INFO - [optimization] Step failed (Generate combined POI GeoJSON and map) with exit code 1.
2026-01-16 21:26:47,798 - PathLensMaster - ERROR - optimization failed with exit code 1
2026-01-16 21:26:47,798 - PathLensMaster - WARNING - Optimization pipeline failed. Continuing to landuse if requested.
2026-01-16 21:26:47,799 - PathLensMaster - INFO - ================================================================================
2026-01-16 21:26:47,799 - PathLensMaster - INFO - PATHLENS MASTER ORCHESTRATOR - SUMMARY
2026-01-16 21:26:47,799 - PathLensMaster - INFO - ================================================================================
2026-01-16 21:26:47,799 - PathLensMaster - INFO -   data                 | SUCCESS
2026-01-16 21:26:47,799 - PathLensMaster - INFO -   optimization         | FAILED
2026-01-16 21:26:47,799 - PathLensMaster - INFO - ================================================================================
2026-01-16 21:26:47,799 - PathLensMaster - INFO - Summary saved: /home/shogun/Documents/PathLens/data/logs/run_summary_20260116_212647.json
2026-01-16 21:26:47,799 - PathLensMaster - ERROR - Some pipelines failed
